#
# There is insufficient memory for the Java Runtime Environment to continue.
# Native memory allocation (malloc) failed to allocate 799056 bytes for Chunk::new
# Possible reasons:
#   The system is out of physical RAM or swap space
#   The process is running with CompressedOops enabled, and the Java Heap may be blocking the growth of the native heap
# Possible solutions:
#   Reduce memory load on the system
#   Increase physical memory or swap space
#   Check if swap backing store is full
#   Decrease Java heap size (-Xmx/-Xms)
#   Decrease number of Java threads
#   Decrease Java thread stack sizes (-Xss)
#   Set larger code cache with -XX:ReservedCodeCacheSize=
#   JVM is running with Unscaled Compressed Oops mode in which the Java heap is
#     placed in the first 4GB address space. The Java Heap base address is the
#     maximum limit for the native heap growth. Please use -XX:HeapBaseMinAddress
#     to set the Java Heap base and to place the Java Heap above 4GB virtual address.
# This output file may be truncated or incomplete.
#
#  Out of Memory Error (arena.cpp:191), pid=26316, tid=23504
#
# JRE version: OpenJDK Runtime Environment Temurin-17.0.10+7 (17.0.10+7) (build 17.0.10+7)
# Java VM: OpenJDK 64-Bit Server VM Temurin-17.0.10+7 (17.0.10+7, mixed mode, tiered, compressed oops, compressed class ptrs, parallel gc, windows-amd64)
# No core dump will be written. Minidumps are not enabled by default on client versions of Windows
#

---------------  S U M M A R Y ------------

Command Line: --add-modules=ALL-SYSTEM --add-opens=java.base/java.util=ALL-UNNAMED --add-opens=java.base/java.lang=ALL-UNNAMED --add-opens=java.base/sun.nio.fs=ALL-UNNAMED -Declipse.application=org.eclipse.jdt.ls.core.id1 -Dosgi.bundles.defaultStartLevel=4 -Declipse.product=org.eclipse.jdt.ls.core.product -Djava.import.generatesMetadataFilesAtProjectRoot=false -DDetectVMInstallationsJob.disabled=true -Dfile.encoding=utf8 -XX:+UseParallelGC -XX:GCTimeRatio=4 -XX:AdaptiveSizePolicyWeight=90 -Dsun.zip.disableMemoryMapping=true -Xmx1G -Xms100m -Xlog:disable -javaagent:c:\Users\ASUS\.vscode\extensions\redhat.java-1.28.1-win32-x64\lombok\lombok-1.18.31.jar -XX:+HeapDumpOnOutOfMemoryError -XX:HeapDumpPath=c:\Users\ASUS\AppData\Roaming\Code\User\workspaceStorage\a4f4de5a0aeeab1c62fd69d65db6a16c\redhat.java -Daether.dependencyCollector.impl=bf c:\Users\ASUS\.vscode\extensions\redhat.java-1.28.1-win32-x64\server\plugins\org.eclipse.equinox.launcher_1.6.700.v20231214-2017.jar -configuration c:\Users\ASUS\AppData\Roaming\Code\User\globalStorage\redhat.java\1.28.1\config_win -data c:\Users\ASUS\AppData\Roaming\Code\User\workspaceStorage\a4f4de5a0aeeab1c62fd69d65db6a16c\redhat.java\jdt_ws --stdio

Host: 11th Gen Intel(R) Core(TM) i5-1135G7 @ 2.40GHz, 8 cores, 7G,  Windows 11 , 64 bit Build 22621 (10.0.22621.3374)
Time: Mon Apr  1 23:20:34 2024 SE Asia Standard Time elapsed time: 34.601371 seconds (0d 0h 0m 34s)

---------------  T H R E A D  ---------------

Current thread (0x000001af1306cc90):  JavaThread "C2 CompilerThread0" daemon [_thread_in_native, id=23504, stack(0x000000217ce00000,0x000000217cf00000)]


Current CompileTask:
C2:  34601 4296       4       org.eclipse.core.internal.watson.ElementTreeIterator::requestPath (100 bytes)

Stack: [0x000000217ce00000,0x000000217cf00000]
Native frames: (J=compiled Java code, j=interpreted, Vv=VM code, C=native code)
V  [jvm.dll+0x67d2c9]
V  [jvm.dll+0x834afa]
V  [jvm.dll+0x8365be]
V  [jvm.dll+0x836c23]
V  [jvm.dll+0x2477ff]
V  [jvm.dll+0xac514]
V  [jvm.dll+0xacb5c]
V  [jvm.dll+0x3667d7]
V  [jvm.dll+0x330bfa]
V  [jvm.dll+0x33009a]
V  [jvm.dll+0x219ef1]
V  [jvm.dll+0x219311]
V  [jvm.dll+0x1a502d]
V  [jvm.dll+0x2290de]
V  [jvm.dll+0x2272ac]
V  [jvm.dll+0x7e9bb7]
V  [jvm.dll+0x7e3fba]
V  [jvm.dll+0x67c1b5]
C  [ucrtbase.dll+0x29333]
C  [KERNEL32.DLL+0x1257d]
C  [ntdll.dll+0x5aa48]


---------------  P R O C E S S  ---------------

Threads class SMR info:
_java_thread_list=0x000001af168e7640, length=26, elements={
0x000001af7a141370, 0x000001af7efc2020, 0x000001af7efc42a0, 0x000001af13069f20,
0x000001af1306a8f0, 0x000001af1306b3c0, 0x000001af1306be90, 0x000001af1306cc90,
0x000001af7efcd720, 0x000001af130e45b0, 0x000001af131e50c0, 0x000001af13368530,
0x000001af147ee5e0, 0x000001af146c2dd0, 0x000001af14638e60, 0x000001af14503110,
0x000001af14bd2a90, 0x000001af143550d0, 0x000001af14b66910, 0x000001af14b64fc0,
0x000001af14b66e20, 0x000001af14b659e0, 0x000001af14b67840, 0x000001af14b654d0,
0x000001af14b64ab0, 0x000001af14ce83e0
}

Java Threads: ( => current thread )
  0x000001af7a141370 JavaThread "main" [_thread_blocked, id=26892, stack(0x000000217c400000,0x000000217c500000)]
  0x000001af7efc2020 JavaThread "Reference Handler" daemon [_thread_blocked, id=10776, stack(0x000000217c800000,0x000000217c900000)]
  0x000001af7efc42a0 JavaThread "Finalizer" daemon [_thread_blocked, id=25604, stack(0x000000217c900000,0x000000217ca00000)]
  0x000001af13069f20 JavaThread "Signal Dispatcher" daemon [_thread_blocked, id=11488, stack(0x000000217ca00000,0x000000217cb00000)]
  0x000001af1306a8f0 JavaThread "Attach Listener" daemon [_thread_blocked, id=9504, stack(0x000000217cb00000,0x000000217cc00000)]
  0x000001af1306b3c0 JavaThread "Service Thread" daemon [_thread_blocked, id=19984, stack(0x000000217cc00000,0x000000217cd00000)]
  0x000001af1306be90 JavaThread "Monitor Deflation Thread" daemon [_thread_blocked, id=6548, stack(0x000000217cd00000,0x000000217ce00000)]
=>0x000001af1306cc90 JavaThread "C2 CompilerThread0" daemon [_thread_in_native, id=23504, stack(0x000000217ce00000,0x000000217cf00000)]
  0x000001af7efcd720 JavaThread "C1 CompilerThread0" daemon [_thread_blocked, id=20536, stack(0x000000217cf00000,0x000000217d000000)]
  0x000001af130e45b0 JavaThread "Sweeper thread" daemon [_thread_blocked, id=27888, stack(0x000000217d000000,0x000000217d100000)]
  0x000001af131e50c0 JavaThread "Common-Cleaner" daemon [_thread_blocked, id=25836, stack(0x000000217d100000,0x000000217d200000)]
  0x000001af13368530 JavaThread "Notification Thread" daemon [_thread_blocked, id=25824, stack(0x000000217d200000,0x000000217d300000)]
  0x000001af147ee5e0 JavaThread "Active Thread: Equinox Container: 74f1b5b2-f688-446f-9cea-5dfdc2f20811" [_thread_blocked, id=26416, stack(0x000000217da00000,0x000000217db00000)]
  0x000001af146c2dd0 JavaThread "Framework Event Dispatcher: Equinox Container: 74f1b5b2-f688-446f-9cea-5dfdc2f20811" daemon [_thread_blocked, id=25740, stack(0x000000217db00000,0x000000217dc00000)]
  0x000001af14638e60 JavaThread "Start Level: Equinox Container: 74f1b5b2-f688-446f-9cea-5dfdc2f20811" daemon [_thread_blocked, id=28100, stack(0x000000217dc00000,0x000000217dd00000)]
  0x000001af14503110 JavaThread "Bundle File Closer" daemon [_thread_blocked, id=8492, stack(0x000000217de00000,0x000000217df00000)]
  0x000001af14bd2a90 JavaThread "SCR Component Actor" daemon [_thread_blocked, id=16816, stack(0x000000217df00000,0x000000217e000000)]
  0x000001af143550d0 JavaThread "SCR Component Registry" daemon [_thread_blocked, id=8540, stack(0x000000217e000000,0x000000217e100000)]
  0x000001af14b66910 JavaThread "Worker-JM" [_thread_blocked, id=28216, stack(0x000000217e100000,0x000000217e200000)]
  0x000001af14b64fc0 JavaThread "Worker-0: Updating Maven Dependencies" [_thread_blocked, id=21124, stack(0x000000217e200000,0x000000217e300000)]
  0x000001af14b66e20 JavaThread "Worker-1: Repository registry initialization" [_thread_in_vm, id=7796, stack(0x000000217e300000,0x000000217e400000)]
  0x000001af14b659e0 JavaThread "Java indexing" daemon [_thread_blocked, id=20712, stack(0x000000217e400000,0x000000217e500000)]
  0x000001af14b67840 JavaThread "Worker-2" [_thread_blocked, id=9452, stack(0x000000217e500000,0x000000217e600000)]
  0x000001af14b654d0 JavaThread "Worker-3" [_thread_blocked, id=27868, stack(0x000000217e600000,0x000000217e700000)]
  0x000001af14b64ab0 JavaThread "JNA Cleaner" daemon [_thread_blocked, id=26324, stack(0x000000217e700000,0x000000217e800000)]
  0x000001af14ce83e0 JavaThread "Framework stop - Equinox Container: 74f1b5b2-f688-446f-9cea-5dfdc2f20811" [_thread_blocked, id=26588, stack(0x000000217e800000,0x000000217e900000)]

Other Threads:
  0x000001af130414b0 VMThread "VM Thread" [stack: 0x000000217c700000,0x000000217c800000] [id=21924]
  0x000001af13372ee0 WatcherThread [stack: 0x000000217d300000,0x000000217d400000] [id=25236]
  0x000001af7a1547f0 GCTaskThread "GC Thread#0" [stack: 0x000000217c600000,0x000000217c700000] [id=5336]
  0x000001af145b9600 GCTaskThread "GC Thread#1" [stack: 0x000000217d400000,0x000000217d500000] [id=9880]
  0x000001af14592c30 GCTaskThread "GC Thread#2" [stack: 0x000000217d500000,0x000000217d600000] [id=17616]
  0x000001af14724a90 GCTaskThread "GC Thread#3" [stack: 0x000000217d600000,0x000000217d700000] [id=12640]
  0x000001af14724d50 GCTaskThread "GC Thread#4" [stack: 0x000000217d700000,0x000000217d800000] [id=10448]
  0x000001af14725010 GCTaskThread "GC Thread#5" [stack: 0x000000217d800000,0x000000217d900000] [id=26860]
  0x000001af147252d0 GCTaskThread "GC Thread#6" [stack: 0x000000217d900000,0x000000217da00000] [id=21448]
  0x000001af7809aa60 GCTaskThread "GC Thread#7" [stack: 0x000000217dd00000,0x000000217de00000] [id=26764]

Threads with active compile tasks:
C2 CompilerThread0    34664 4296       4       org.eclipse.core.internal.watson.ElementTreeIterator::requestPath (100 bytes)

VM state: not at safepoint (normal execution)

VM Mutex/Monitor currently owned by a thread: None

Heap address: 0x00000000c0000000, size: 1024 MB, Compressed Oops mode: 32-bit

CDS archive(s) not mapped
Compressed class space mapped at: 0x0000000100000000-0x0000000140000000, reserved size: 1073741824
Narrow klass base: 0x0000000000000000, Narrow klass shift: 3, Narrow klass range: 0x140000000

GC Precious Log:
 CPUs: 8 total, 8 available
 Memory: 7886M
 Large Page Support: Disabled
 NUMA Support: Disabled
 Compressed Oops: Enabled (32-bit)
 Alignments: Space 512K, Generation 512K, Heap 2M
 Heap Min Capacity: 100M
 Heap Initial Capacity: 100M
 Heap Max Capacity: 1G
 Pre-touch: Disabled
 Parallel Workers: 8

Heap:
 PSYoungGen      total 23552K, used 14202K [0x00000000eab00000, 0x00000000ec700000, 0x0000000100000000)
  eden space 22528K, 58% used [0x00000000eab00000,0x00000000eb7e2e60,0x00000000ec100000)
  from space 1024K, 98% used [0x00000000ec600000,0x00000000ec6fbc40,0x00000000ec700000)
  to   space 1536K, 0% used [0x00000000ec400000,0x00000000ec400000,0x00000000ec580000)
 ParOldGen       total 68608K, used 16967K [0x00000000c0000000, 0x00000000c4300000, 0x00000000eab00000)
  object space 68608K, 24% used [0x00000000c0000000,0x00000000c1091c38,0x00000000c4300000)
 Metaspace       used 41105K, committed 41920K, reserved 1114112K
  class space    used 4233K, committed 4544K, reserved 1048576K

Card table byte_map: [0x000001af79b00000,0x000001af79d10000] _byte_map_base: 0x000001af79500000

Marking Bits: (ParMarkBitMap*) 0x00007ffb5cb3d7d0
 Begin Bits: [0x000001af7cdd0000, 0x000001af7ddd0000)
 End Bits:   [0x000001af7ddd0000, 0x000001af7edd0000)

Polling page: 0x000001af798f0000

Metaspace:

Usage:
  Non-class:     36.01 MB used.
      Class:      4.13 MB used.
       Both:     40.14 MB used.

Virtual space:
  Non-class space:       64.00 MB reserved,      36.50 MB ( 57%) committed,  1 nodes.
      Class space:        1.00 GB reserved,       4.44 MB ( <1%) committed,  1 nodes.
             Both:        1.06 GB reserved,      40.94 MB (  4%) committed. 

Chunk freelists:
   Non-Class:  11.12 MB
       Class:  11.57 MB
        Both:  22.70 MB

MaxMetaspaceSize: unlimited
CompressedClassSpaceSize: 1.00 GB
Initial GC threshold: 21.00 MB
Current GC threshold: 58.38 MB
CDS: off
MetaspaceReclaimPolicy: balanced
 - commit_granule_bytes: 65536.
 - commit_granule_words: 8192.
 - virtual_space_node_default_size: 8388608.
 - enlarge_chunks_in_place: 1.
 - new_chunks_are_fully_committed: 0.
 - uncommit_free_chunks: 1.
 - use_allocation_guard: 0.
 - handle_deallocations: 1.


Internal statistics:

num_allocs_failed_limit: 6.
num_arena_births: 398.
num_arena_deaths: 14.
num_vsnodes_births: 2.
num_vsnodes_deaths: 0.
num_space_committed: 655.
num_space_uncommitted: 0.
num_chunks_returned_to_freelist: 20.
num_chunks_taken_from_freelist: 1753.
num_chunk_merges: 11.
num_chunk_splits: 1137.
num_chunks_enlarged: 744.
num_inconsistent_stats: 0.

CodeHeap 'non-profiled nmethods': size=120000Kb used=1897Kb max_used=1897Kb free=118102Kb
 bounds [0x000001af07ad0000, 0x000001af07d40000, 0x000001af0f000000]
CodeHeap 'profiled nmethods': size=120000Kb used=9211Kb max_used=9211Kb free=110788Kb
 bounds [0x000001af00000000, 0x000001af00900000, 0x000001af07530000]
CodeHeap 'non-nmethods': size=5760Kb used=1283Kb max_used=1322Kb free=4476Kb
 bounds [0x000001af07530000, 0x000001af077a0000, 0x000001af07ad0000]
 total_blobs=4972 nmethods=4379 adapters=507
 compilation: enabled
              stopped_count=0, restarted_count=0
 full_count=0

Compilation events (20 events):
Event: 34.587 Thread 0x000001af7efcd720 nmethod 4358 0x000001af008e6d10 code [0x000001af008e6ee0, 0x000001af008e73b8]
Event: 34.587 Thread 0x000001af7efcd720 4359       3       org.eclipse.osgi.internal.log.ExtendedLogReaderServiceFactory::decrementNestedCount (21 bytes)
Event: 34.587 Thread 0x000001af7efcd720 nmethod 4359 0x000001af008e7590 code [0x000001af008e7760, 0x000001af008e7cb8]
Event: 34.588 Thread 0x000001af7efcd720 4361   !   3       org.eclipse.osgi.internal.log.ExtendedLogReaderServiceFactory::isLoggablePrivileged (147 bytes)
Event: 34.589 Thread 0x000001af7efcd720 nmethod 4361 0x000001af008e7e90 code [0x000001af008e8160, 0x000001af008e8d28]
Event: 34.589 Thread 0x000001af7efcd720 4360       3       org.eclipse.osgi.internal.log.ExtendedLogReaderServiceFactory::isLoggable (35 bytes)
Event: 34.590 Thread 0x000001af7efcd720 nmethod 4360 0x000001af008e9310 code [0x000001af008e9540, 0x000001af008e9c38]
Event: 34.590 Thread 0x000001af7efcd720 4363   !   3       org.eclipse.osgi.framework.eventmgr.ListenerQueue::dispatchEventSynchronous (81 bytes)
Event: 34.590 Thread 0x000001af7efcd720 nmethod 4363 0x000001af008e9e90 code [0x000001af008ea0c0, 0x000001af008eab48]
Event: 34.590 Thread 0x000001af7efcd720 4362       3       org.apache.felix.scr.impl.manager.AbstractComponentManager::getComponentMetadata (10 bytes)
Event: 34.591 Thread 0x000001af7efcd720 nmethod 4362 0x000001af008eae10 code [0x000001af008eafc0, 0x000001af008eb188]
Event: 34.593 Thread 0x000001af7efcd720 4364       3       java.util.concurrent.atomic.AtomicInteger::decrementAndGet (14 bytes)
Event: 34.593 Thread 0x000001af7efcd720 nmethod 4364 0x000001af008eb290 code [0x000001af008eb420, 0x000001af008eb538]
Event: 34.594 Thread 0x000001af7efcd720 4365       1       java.util.Collections$EmptySet::contains (2 bytes)
Event: 34.594 Thread 0x000001af7efcd720 nmethod 4365 0x000001af07ca9610 code [0x000001af07ca97a0, 0x000001af07ca9878]
Event: 34.595 Thread 0x000001af7efcd720 4366       3       org.apache.felix.scr.impl.inject.BaseParameter::<init> (10 bytes)
Event: 34.595 Thread 0x000001af7efcd720 nmethod 4366 0x000001af008eb610 code [0x000001af008eb7a0, 0x000001af008eb918]
Event: 34.595 Thread 0x000001af7efcd720 4367       3       org.eclipse.osgi.internal.serviceregistry.ServiceReferenceImpl::getClasses (8 bytes)
Event: 34.595 Thread 0x000001af7efcd720 nmethod 4367 0x000001af008eba10 code [0x000001af008ebba0, 0x000001af008ebd58]
Event: 34.595 Thread 0x000001af7efcd720 4368   !   3       org.eclipse.osgi.internal.serviceregistry.ServiceRegistry::publishServiceEventPrivileged (324 bytes)

GC Heap History (20 events):
Event: 30.552 GC heap before
{Heap before GC invocations=5 (full 0):
 PSYoungGen      total 29696K, used 5785K [0x00000000eab00000, 0x00000000ecc00000, 0x0000000100000000)
  eden space 25600K, 6% used [0x00000000eab00000,0x00000000eacac408,0x00000000ec400000)
  from space 4096K, 99% used [0x00000000ec800000,0x00000000ecbfa130,0x00000000ecc00000)
  to   space 4096K, 0% used [0x00000000ec400000,0x00000000ec400000,0x00000000ec800000)
 ParOldGen       total 68608K, used 6704K [0x00000000c0000000, 0x00000000c4300000, 0x00000000eab00000)
  object space 68608K, 9% used [0x00000000c0000000,0x00000000c068c100,0x00000000c4300000)
 Metaspace       used 21081K, committed 21504K, reserved 1114112K
  class space    used 2137K, committed 2368K, reserved 1048576K
}
Event: 30.555 GC heap after
{Heap after GC invocations=5 (full 0):
 PSYoungGen      total 29696K, used 4081K [0x00000000eab00000, 0x00000000ece00000, 0x0000000100000000)
  eden space 25600K, 0% used [0x00000000eab00000,0x00000000eab00000,0x00000000ec400000)
  from space 4096K, 99% used [0x00000000ec400000,0x00000000ec7fc5d0,0x00000000ec800000)
  to   space 5120K, 0% used [0x00000000ec900000,0x00000000ec900000,0x00000000ece00000)
 ParOldGen       total 68608K, used 7026K [0x00000000c0000000, 0x00000000c4300000, 0x00000000eab00000)
  object space 68608K, 10% used [0x00000000c0000000,0x00000000c06dcac8,0x00000000c4300000)
 Metaspace       used 21081K, committed 21504K, reserved 1114112K
  class space    used 2137K, committed 2368K, reserved 1048576K
}
Event: 30.555 GC heap before
{Heap before GC invocations=6 (full 1):
 PSYoungGen      total 29696K, used 4081K [0x00000000eab00000, 0x00000000ece00000, 0x0000000100000000)
  eden space 25600K, 0% used [0x00000000eab00000,0x00000000eab00000,0x00000000ec400000)
  from space 4096K, 99% used [0x00000000ec400000,0x00000000ec7fc5d0,0x00000000ec800000)
  to   space 5120K, 0% used [0x00000000ec900000,0x00000000ec900000,0x00000000ece00000)
 ParOldGen       total 68608K, used 7026K [0x00000000c0000000, 0x00000000c4300000, 0x00000000eab00000)
  object space 68608K, 10% used [0x00000000c0000000,0x00000000c06dcac8,0x00000000c4300000)
 Metaspace       used 21081K, committed 21504K, reserved 1114112K
  class space    used 2137K, committed 2368K, reserved 1048576K
}
Event: 30.601 GC heap after
{Heap after GC invocations=6 (full 1):
 PSYoungGen      total 29696K, used 0K [0x00000000eab00000, 0x00000000ece00000, 0x0000000100000000)
  eden space 25600K, 0% used [0x00000000eab00000,0x00000000eab00000,0x00000000ec400000)
  from space 4096K, 0% used [0x00000000ec400000,0x00000000ec400000,0x00000000ec800000)
  to   space 5120K, 0% used [0x00000000ec900000,0x00000000ec900000,0x00000000ece00000)
 ParOldGen       total 68608K, used 10716K [0x00000000c0000000, 0x00000000c4300000, 0x00000000eab00000)
  object space 68608K, 15% used [0x00000000c0000000,0x00000000c0a772b8,0x00000000c4300000)
 Metaspace       used 21068K, committed 21504K, reserved 1114112K
  class space    used 2134K, committed 2368K, reserved 1048576K
}
Event: 31.618 GC heap before
{Heap before GC invocations=7 (full 1):
 PSYoungGen      total 29696K, used 25600K [0x00000000eab00000, 0x00000000ece00000, 0x0000000100000000)
  eden space 25600K, 100% used [0x00000000eab00000,0x00000000ec400000,0x00000000ec400000)
  from space 4096K, 0% used [0x00000000ec400000,0x00000000ec400000,0x00000000ec800000)
  to   space 5120K, 0% used [0x00000000ec900000,0x00000000ec900000,0x00000000ece00000)
 ParOldGen       total 68608K, used 10716K [0x00000000c0000000, 0x00000000c4300000, 0x00000000eab00000)
  object space 68608K, 15% used [0x00000000c0000000,0x00000000c0a772b8,0x00000000c4300000)
 Metaspace       used 24300K, committed 24832K, reserved 1114112K
  class space    used 2470K, committed 2688K, reserved 1048576K
}
Event: 31.621 GC heap after
{Heap after GC invocations=7 (full 1):
 PSYoungGen      total 26624K, used 1424K [0x00000000eab00000, 0x00000000eca80000, 0x0000000100000000)
  eden space 25088K, 0% used [0x00000000eab00000,0x00000000eab00000,0x00000000ec380000)
  from space 1536K, 92% used [0x00000000ec900000,0x00000000eca640a8,0x00000000eca80000)
  to   space 3072K, 0% used [0x00000000ec480000,0x00000000ec480000,0x00000000ec780000)
 ParOldGen       total 68608K, used 10724K [0x00000000c0000000, 0x00000000c4300000, 0x00000000eab00000)
  object space 68608K, 15% used [0x00000000c0000000,0x00000000c0a792b8,0x00000000c4300000)
 Metaspace       used 24300K, committed 24832K, reserved 1114112K
  class space    used 2470K, committed 2688K, reserved 1048576K
}
Event: 32.203 GC heap before
{Heap before GC invocations=8 (full 1):
 PSYoungGen      total 26624K, used 26512K [0x00000000eab00000, 0x00000000eca80000, 0x0000000100000000)
  eden space 25088K, 100% used [0x00000000eab00000,0x00000000ec380000,0x00000000ec380000)
  from space 1536K, 92% used [0x00000000ec900000,0x00000000eca640a8,0x00000000eca80000)
  to   space 3072K, 0% used [0x00000000ec480000,0x00000000ec480000,0x00000000ec780000)
 ParOldGen       total 68608K, used 10724K [0x00000000c0000000, 0x00000000c4300000, 0x00000000eab00000)
  object space 68608K, 15% used [0x00000000c0000000,0x00000000c0a792b8,0x00000000c4300000)
 Metaspace       used 27340K, committed 27968K, reserved 1114112K
  class space    used 2790K, committed 3008K, reserved 1048576K
}
Event: 32.205 GC heap after
{Heap after GC invocations=8 (full 1):
 PSYoungGen      total 27648K, used 3066K [0x00000000eab00000, 0x00000000ece00000, 0x0000000100000000)
  eden space 24576K, 0% used [0x00000000eab00000,0x00000000eab00000,0x00000000ec300000)
  from space 3072K, 99% used [0x00000000ec480000,0x00000000ec77e800,0x00000000ec780000)
  to   space 5632K, 0% used [0x00000000ec880000,0x00000000ec880000,0x00000000ece00000)
 ParOldGen       total 68608K, used 12258K [0x00000000c0000000, 0x00000000c4300000, 0x00000000eab00000)
  object space 68608K, 17% used [0x00000000c0000000,0x00000000c0bf8980,0x00000000c4300000)
 Metaspace       used 27340K, committed 27968K, reserved 1114112K
  class space    used 2790K, committed 3008K, reserved 1048576K
}
Event: 32.579 GC heap before
{Heap before GC invocations=9 (full 1):
 PSYoungGen      total 27648K, used 27642K [0x00000000eab00000, 0x00000000ece00000, 0x0000000100000000)
  eden space 24576K, 100% used [0x00000000eab00000,0x00000000ec300000,0x00000000ec300000)
  from space 3072K, 99% used [0x00000000ec480000,0x00000000ec77e800,0x00000000ec780000)
  to   space 5632K, 0% used [0x00000000ec880000,0x00000000ec880000,0x00000000ece00000)
 ParOldGen       total 68608K, used 12258K [0x00000000c0000000, 0x00000000c4300000, 0x00000000eab00000)
  object space 68608K, 17% used [0x00000000c0000000,0x00000000c0bf8980,0x00000000c4300000)
 Metaspace       used 30002K, committed 30592K, reserved 1114112K
  class space    used 2966K, committed 3200K, reserved 1048576K
}
Event: 32.581 GC heap after
{Heap after GC invocations=9 (full 1):
 PSYoungGen      total 27136K, used 3027K [0x00000000eab00000, 0x00000000ecb80000, 0x0000000100000000)
  eden space 24064K, 0% used [0x00000000eab00000,0x00000000eab00000,0x00000000ec280000)
  from space 3072K, 98% used [0x00000000ec880000,0x00000000ecb74c20,0x00000000ecb80000)
  to   space 4096K, 0% used [0x00000000ec380000,0x00000000ec380000,0x00000000ec780000)
 ParOldGen       total 68608K, used 12266K [0x00000000c0000000, 0x00000000c4300000, 0x00000000eab00000)
  object space 68608K, 17% used [0x00000000c0000000,0x00000000c0bfa980,0x00000000c4300000)
 Metaspace       used 30002K, committed 30592K, reserved 1114112K
  class space    used 2966K, committed 3200K, reserved 1048576K
}
Event: 32.843 GC heap before
{Heap before GC invocations=10 (full 1):
 PSYoungGen      total 27136K, used 27091K [0x00000000eab00000, 0x00000000ecb80000, 0x0000000100000000)
  eden space 24064K, 100% used [0x00000000eab00000,0x00000000ec280000,0x00000000ec280000)
  from space 3072K, 98% used [0x00000000ec880000,0x00000000ecb74c20,0x00000000ecb80000)
  to   space 4096K, 0% used [0x00000000ec380000,0x00000000ec380000,0x00000000ec780000)
 ParOldGen       total 68608K, used 12266K [0x00000000c0000000, 0x00000000c4300000, 0x00000000eab00000)
  object space 68608K, 17% used [0x00000000c0000000,0x00000000c0bfa980,0x00000000c4300000)
 Metaspace       used 32046K, committed 32704K, reserved 1114112K
  class space    used 3114K, committed 3392K, reserved 1048576K
}
Event: 32.845 GC heap after
{Heap after GC invocations=10 (full 1):
 PSYoungGen      total 27648K, used 4080K [0x00000000eab00000, 0x00000000ecd00000, 0x0000000100000000)
  eden space 23552K, 0% used [0x00000000eab00000,0x00000000eab00000,0x00000000ec200000)
  from space 4096K, 99% used [0x00000000ec380000,0x00000000ec77c268,0x00000000ec780000)
  to   space 5632K, 0% used [0x00000000ec780000,0x00000000ec780000,0x00000000ecd00000)
 ParOldGen       total 68608K, used 13394K [0x00000000c0000000, 0x00000000c4300000, 0x00000000eab00000)
  object space 68608K, 19% used [0x00000000c0000000,0x00000000c0d149f8,0x00000000c4300000)
 Metaspace       used 32046K, committed 32704K, reserved 1114112K
  class space    used 3114K, committed 3392K, reserved 1048576K
}
Event: 33.505 GC heap before
{Heap before GC invocations=11 (full 1):
 PSYoungGen      total 27648K, used 25752K [0x00000000eab00000, 0x00000000ecd00000, 0x0000000100000000)
  eden space 23552K, 92% used [0x00000000eab00000,0x00000000ec02a080,0x00000000ec200000)
  from space 4096K, 99% used [0x00000000ec380000,0x00000000ec77c268,0x00000000ec780000)
  to   space 5632K, 0% used [0x00000000ec780000,0x00000000ec780000,0x00000000ecd00000)
 ParOldGen       total 68608K, used 13394K [0x00000000c0000000, 0x00000000c4300000, 0x00000000eab00000)
  object space 68608K, 19% used [0x00000000c0000000,0x00000000c0d149f8,0x00000000c4300000)
 Metaspace       used 35155K, committed 35840K, reserved 1114112K
  class space    used 3458K, committed 3712K, reserved 1048576K
}
Event: 33.508 GC heap after
{Heap after GC invocations=11 (full 1):
 PSYoungGen      total 27136K, used 3310K [0x00000000eab00000, 0x00000000ecb00000, 0x0000000100000000)
  eden space 23552K, 0% used [0x00000000eab00000,0x00000000eab00000,0x00000000ec200000)
  from space 3584K, 92% used [0x00000000ec780000,0x00000000ecabbac0,0x00000000ecb00000)
  to   space 4096K, 0% used [0x00000000ec300000,0x00000000ec300000,0x00000000ec700000)
 ParOldGen       total 68608K, used 15143K [0x00000000c0000000, 0x00000000c4300000, 0x00000000eab00000)
  object space 68608K, 22% used [0x00000000c0000000,0x00000000c0ec9dc8,0x00000000c4300000)
 Metaspace       used 35155K, committed 35840K, reserved 1114112K
  class space    used 3458K, committed 3712K, reserved 1048576K
}
Event: 33.508 GC heap before
{Heap before GC invocations=12 (full 2):
 PSYoungGen      total 27136K, used 3310K [0x00000000eab00000, 0x00000000ecb00000, 0x0000000100000000)
  eden space 23552K, 0% used [0x00000000eab00000,0x00000000eab00000,0x00000000ec200000)
  from space 3584K, 92% used [0x00000000ec780000,0x00000000ecabbac0,0x00000000ecb00000)
  to   space 4096K, 0% used [0x00000000ec300000,0x00000000ec300000,0x00000000ec700000)
 ParOldGen       total 68608K, used 15143K [0x00000000c0000000, 0x00000000c4300000, 0x00000000eab00000)
  object space 68608K, 22% used [0x00000000c0000000,0x00000000c0ec9dc8,0x00000000c4300000)
 Metaspace       used 35155K, committed 35840K, reserved 1114112K
  class space    used 3458K, committed 3712K, reserved 1048576K
}
Event: 33.544 GC heap after
{Heap after GC invocations=12 (full 2):
 PSYoungGen      total 27136K, used 0K [0x00000000eab00000, 0x00000000ecb00000, 0x0000000100000000)
  eden space 23552K, 0% used [0x00000000eab00000,0x00000000eab00000,0x00000000ec200000)
  from space 3584K, 0% used [0x00000000ec780000,0x00000000ec780000,0x00000000ecb00000)
  to   space 4096K, 0% used [0x00000000ec300000,0x00000000ec300000,0x00000000ec700000)
 ParOldGen       total 68608K, used 16207K [0x00000000c0000000, 0x00000000c4300000, 0x00000000eab00000)
  object space 68608K, 23% used [0x00000000c0000000,0x00000000c0fd3e80,0x00000000c4300000)
 Metaspace       used 35155K, committed 35840K, reserved 1114112K
  class space    used 3458K, committed 3712K, reserved 1048576K
}
Event: 33.905 GC heap before
{Heap before GC invocations=13 (full 2):
 PSYoungGen      total 27136K, used 23552K [0x00000000eab00000, 0x00000000ecb00000, 0x0000000100000000)
  eden space 23552K, 100% used [0x00000000eab00000,0x00000000ec200000,0x00000000ec200000)
  from space 3584K, 0% used [0x00000000ec780000,0x00000000ec780000,0x00000000ecb00000)
  to   space 4096K, 0% used [0x00000000ec300000,0x00000000ec300000,0x00000000ec700000)
 ParOldGen       total 68608K, used 16207K [0x00000000c0000000, 0x00000000c4300000, 0x00000000eab00000)
  object space 68608K, 23% used [0x00000000c0000000,0x00000000c0fd3e80,0x00000000c4300000)
 Metaspace       used 37654K, committed 38464K, reserved 1114112K
  class space    used 3817K, committed 4160K, reserved 1048576K
}
Event: 33.907 GC heap after
{Heap after GC invocations=13 (full 2):
 PSYoungGen      total 24064K, used 989K [0x00000000eab00000, 0x00000000ec800000, 0x0000000100000000)
  eden space 23040K, 0% used [0x00000000eab00000,0x00000000eab00000,0x00000000ec180000)
  from space 1024K, 96% used [0x00000000ec300000,0x00000000ec3f7678,0x00000000ec400000)
  to   space 2048K, 0% used [0x00000000ec600000,0x00000000ec600000,0x00000000ec800000)
 ParOldGen       total 68608K, used 16215K [0x00000000c0000000, 0x00000000c4300000, 0x00000000eab00000)
  object space 68608K, 23% used [0x00000000c0000000,0x00000000c0fd5e80,0x00000000c4300000)
 Metaspace       used 37654K, committed 38464K, reserved 1114112K
  class space    used 3817K, committed 4160K, reserved 1048576K
}
Event: 34.428 GC heap before
{Heap before GC invocations=14 (full 2):
 PSYoungGen      total 24064K, used 24029K [0x00000000eab00000, 0x00000000ec800000, 0x0000000100000000)
  eden space 23040K, 100% used [0x00000000eab00000,0x00000000ec180000,0x00000000ec180000)
  from space 1024K, 96% used [0x00000000ec300000,0x00000000ec3f7678,0x00000000ec400000)
  to   space 2048K, 0% used [0x00000000ec600000,0x00000000ec600000,0x00000000ec800000)
 ParOldGen       total 68608K, used 16215K [0x00000000c0000000, 0x00000000c4300000, 0x00000000eab00000)
  object space 68608K, 23% used [0x00000000c0000000,0x00000000c0fd5e80,0x00000000c4300000)
 Metaspace       used 39981K, committed 40832K, reserved 1114112K
  class space    used 4102K, committed 4416K, reserved 1048576K
}
Event: 34.431 GC heap after
{Heap after GC invocations=14 (full 2):
 PSYoungGen      total 23552K, used 1007K [0x00000000eab00000, 0x00000000ec700000, 0x0000000100000000)
  eden space 22528K, 0% used [0x00000000eab00000,0x00000000eab00000,0x00000000ec100000)
  from space 1024K, 98% used [0x00000000ec600000,0x00000000ec6fbc40,0x00000000ec700000)
  to   space 1536K, 0% used [0x00000000ec400000,0x00000000ec400000,0x00000000ec580000)
 ParOldGen       total 68608K, used 16967K [0x00000000c0000000, 0x00000000c4300000, 0x00000000eab00000)
  object space 68608K, 24% used [0x00000000c0000000,0x00000000c1091c38,0x00000000c4300000)
 Metaspace       used 39981K, committed 40832K, reserved 1114112K
  class space    used 4102K, committed 4416K, reserved 1048576K
}

Dll operation events (10 events):
Event: 0.087 Loaded shared library c:\Users\ASUS\.vscode\extensions\redhat.java-1.28.1-win32-x64\jre\17.0.10-win32-x86_64\bin\java.dll
Event: 0.478 Loaded shared library c:\Users\ASUS\.vscode\extensions\redhat.java-1.28.1-win32-x64\jre\17.0.10-win32-x86_64\bin\zip.dll
Event: 0.488 Loaded shared library C:\Users\ASUS\.vscode\extensions\redhat.java-1.28.1-win32-x64\jre\17.0.10-win32-x86_64\bin\instrument.dll
Event: 0.524 Loaded shared library C:\Users\ASUS\.vscode\extensions\redhat.java-1.28.1-win32-x64\jre\17.0.10-win32-x86_64\bin\net.dll
Event: 0.527 Loaded shared library C:\Users\ASUS\.vscode\extensions\redhat.java-1.28.1-win32-x64\jre\17.0.10-win32-x86_64\bin\nio.dll
Event: 0.539 Loaded shared library C:\Users\ASUS\.vscode\extensions\redhat.java-1.28.1-win32-x64\jre\17.0.10-win32-x86_64\bin\zip.dll
Event: 0.567 Loaded shared library C:\Users\ASUS\.vscode\extensions\redhat.java-1.28.1-win32-x64\jre\17.0.10-win32-x86_64\bin\jimage.dll
Event: 0.652 Loaded shared library c:\Users\ASUS\.vscode\extensions\redhat.java-1.28.1-win32-x64\jre\17.0.10-win32-x86_64\bin\verify.dll
Event: 12.477 Loaded shared library C:\Users\ASUS\AppData\Roaming\Code\User\globalStorage\redhat.java\1.28.1\config_win\org.eclipse.equinox.launcher\org.eclipse.equinox.launcher.win32.win32.x86_64_1.2.900.v20240129-1338\eclipse_11900.dll
Event: 34.094 Loaded shared library C:\Users\ASUS\AppData\Local\Temp\jna-2018896\jna17708920515868597244.dll

Deoptimization events (20 events):
Event: 34.143 Thread 0x000001af14638e60 Uncommon trap: trap_request=0xffffff45 fr.pc=0x000001af07be37b4 relative=0x0000000000000ad4
Event: 34.143 Thread 0x000001af14638e60 Uncommon trap: reason=unstable_if action=reinterpret pc=0x000001af07be37b4 method=jdk.internal.org.objectweb.asm.SymbolTable.put(Ljdk/internal/org/objectweb/asm/SymbolTable$Entry;)Ljdk/internal/org/objectweb/asm/SymbolTable$Entry; @ 13 c2
Event: 34.143 Thread 0x000001af14638e60 DEOPT PACKING pc=0x000001af07be37b4 sp=0x000000217dcfbd70
Event: 34.143 Thread 0x000001af14638e60 DEOPT UNPACKING pc=0x000001af07589ea3 sp=0x000000217dcfbcb8 mode 2
Event: 34.240 Thread 0x000001af7a141370 Uncommon trap: trap_request=0xffffffbe fr.pc=0x000001af07c6e028 relative=0x0000000000000c08
Event: 34.240 Thread 0x000001af7a141370 Uncommon trap: reason=profile_predicate action=maybe_recompile pc=0x000001af07c6e028 method=java.util.TreeMap.put(Ljava/lang/Object;Ljava/lang/Object;Z)Ljava/lang/Object; @ 27 c2
Event: 34.240 Thread 0x000001af7a141370 DEOPT PACKING pc=0x000001af07c6e028 sp=0x000000217c4fde60
Event: 34.240 Thread 0x000001af7a141370 DEOPT UNPACKING pc=0x000001af07589ea3 sp=0x000000217c4fde00 mode 2
Event: 34.240 Thread 0x000001af7a141370 Uncommon trap: trap_request=0xffffffbe fr.pc=0x000001af07c6e028 relative=0x0000000000000c08
Event: 34.240 Thread 0x000001af7a141370 Uncommon trap: reason=profile_predicate action=maybe_recompile pc=0x000001af07c6e028 method=java.util.TreeMap.put(Ljava/lang/Object;Ljava/lang/Object;Z)Ljava/lang/Object; @ 27 c2
Event: 34.240 Thread 0x000001af7a141370 DEOPT PACKING pc=0x000001af07c6e028 sp=0x000000217c4fde60
Event: 34.241 Thread 0x000001af7a141370 DEOPT UNPACKING pc=0x000001af07589ea3 sp=0x000000217c4fde00 mode 2
Event: 34.241 Thread 0x000001af7a141370 Uncommon trap: trap_request=0xffffffbe fr.pc=0x000001af07c6e028 relative=0x0000000000000c08
Event: 34.241 Thread 0x000001af7a141370 Uncommon trap: reason=profile_predicate action=maybe_recompile pc=0x000001af07c6e028 method=java.util.TreeMap.put(Ljava/lang/Object;Ljava/lang/Object;Z)Ljava/lang/Object; @ 27 c2
Event: 34.241 Thread 0x000001af7a141370 DEOPT PACKING pc=0x000001af07c6e028 sp=0x000000217c4fde60
Event: 34.241 Thread 0x000001af7a141370 DEOPT UNPACKING pc=0x000001af07589ea3 sp=0x000000217c4fde00 mode 2
Event: 34.405 Thread 0x000001af7a141370 Uncommon trap: trap_request=0xffffff45 fr.pc=0x000001af07c4376c relative=0x000000000000128c
Event: 34.405 Thread 0x000001af7a141370 Uncommon trap: reason=unstable_if action=reinterpret pc=0x000001af07c4376c method=java.util.Properties.loadConvert([CIILjava/lang/StringBuilder;)Ljava/lang/String; @ 477 c2
Event: 34.405 Thread 0x000001af7a141370 DEOPT PACKING pc=0x000001af07c4376c sp=0x000000217c4f9450
Event: 34.405 Thread 0x000001af7a141370 DEOPT UNPACKING pc=0x000001af07589ea3 sp=0x000000217c4f9440 mode 2

Classes unloaded (7 events):
Event: 30.560 Thread 0x000001af130414b0 Unloading class 0x0000000100254400 'java/lang/invoke/LambdaForm$MH+0x0000000100254400'
Event: 30.560 Thread 0x000001af130414b0 Unloading class 0x0000000100254000 'java/lang/invoke/LambdaForm$MH+0x0000000100254000'
Event: 30.560 Thread 0x000001af130414b0 Unloading class 0x0000000100253c00 'java/lang/invoke/LambdaForm$MH+0x0000000100253c00'
Event: 30.560 Thread 0x000001af130414b0 Unloading class 0x0000000100253800 'java/lang/invoke/LambdaForm$MH+0x0000000100253800'
Event: 30.560 Thread 0x000001af130414b0 Unloading class 0x0000000100253400 'java/lang/invoke/LambdaForm$BMH+0x0000000100253400'
Event: 30.560 Thread 0x000001af130414b0 Unloading class 0x0000000100253000 'java/lang/invoke/LambdaForm$DMH+0x0000000100253000'
Event: 30.560 Thread 0x000001af130414b0 Unloading class 0x0000000100250400 'java/lang/invoke/LambdaForm$DMH+0x0000000100250400'

Classes redefined (0 events):
No events

Internal exceptions (20 events):
Event: 32.933 Thread 0x000001af14638e60 Exception <a 'java/lang/ClassNotFoundException'{0x00000000eafaefd0}: com/sun/org/apache/xerces/internal/impl/msg/spi/XMLSerializerMessagesProvider> (0x00000000eafaefd0) 
thrown [s\src\hotspot\share\classfile\systemDictionary.cpp, line 256]
Event: 32.934 Thread 0x000001af14638e60 Exception <a 'java/lang/ClassNotFoundException'{0x00000000eafbc2a8}: com/sun/org/apache/xerces/internal/impl/msg/spi/XMLMessagesProvider> (0x00000000eafbc2a8) 
thrown [s\src\hotspot\share\classfile\systemDictionary.cpp, line 256]
Event: 33.051 Thread 0x000001af14b64fc0 Exception <a 'java/lang/NoSuchMethodError'{0x00000000eb0d51d8}: 'void java.lang.invoke.DirectMethodHandle$Holder.invokeStatic(java.lang.Object, java.lang.Object, java.lang.Object, java.lang.Object)'> (0x00000000eb0d51d8) 
thrown [s\src\hotspot\share\interpreter\linkResolver.cpp, line 759]
Event: 33.078 Thread 0x000001af14638e60 Exception <a 'java/lang/NoSuchMethodError'{0x00000000eb2af5d8}: 'java.lang.Object java.lang.invoke.DirectMethodHandle$Holder.invokeStaticInit(java.lang.Object, int, int, int, int)'> (0x00000000eb2af5d8) 
thrown [s\src\hotspot\share\interpreter\linkResolver.cpp, line 759]
Event: 33.261 Thread 0x000001af14b66e20 Exception <a 'java/lang/NoSuchMethodError'{0x00000000eb501d08}: 'java.lang.Object java.lang.invoke.DirectMethodHandle$Holder.invokeSpecialIFC(java.lang.Object, java.lang.Object, java.lang.Object, java.lang.Object)'> (0x00000000eb501d08) 
thrown [s\src\hotspot\share\interpreter\linkResolver.cpp, line 759]
Event: 33.465 Thread 0x000001af14638e60 Exception <a 'java/lang/NoSuchMethodError'{0x00000000ebc8e388}: 'java.lang.Object java.lang.invoke.DirectMethodHandle$Holder.invokeStaticInit(java.lang.Object, java.lang.Object, int, int, int, int)'> (0x00000000ebc8e388) 
thrown [s\src\hotspot\share\interpreter\linkResolver.cpp, line 759]
Event: 33.572 Thread 0x000001af14b66e20 Exception <a 'java/lang/NoSuchMethodError'{0x00000000eac75018}: 'int java.lang.invoke.DirectMethodHandle$Holder.invokeSpecialIFC(java.lang.Object, java.lang.Object, java.lang.Object, java.lang.Object, java.lang.Object)'> (0x00000000eac75018) 
thrown [s\src\hotspot\share\interpreter\linkResolver.cpp, line 759]
Event: 33.615 Thread 0x000001af14638e60 Exception <a 'java/lang/ClassNotFoundException'{0x00000000eafc4c90}: com/sun/org/apache/xml/internal/serializer/spi/XMLEntitiesProvider> (0x00000000eafc4c90) 
thrown [s\src\hotspot\share\classfile\systemDictionary.cpp, line 256]
Event: 33.765 Thread 0x000001af14b66e20 Exception <a 'java/lang/NoClassDefFoundError'{0x00000000eb721950}: javax/enterprise/inject/Typed> (0x00000000eb721950) 
thrown [s\src\hotspot\share\classfile\systemDictionary.cpp, line 245]
Event: 33.861 Thread 0x000001af14638e60 Exception <a 'java/io/FileNotFoundException'{0x00000000ebccd7f8}> (0x00000000ebccd7f8) 
thrown [s\src\hotspot\share\prims\jni.cpp, line 516]
Event: 34.138 Thread 0x000001af14638e60 Implicit null exception at 0x000001af07b0c472 to 0x000001af07b0c9e8
Event: 34.165 Thread 0x000001af14638e60 Exception <a 'java/lang/UnsatisfiedLinkError'{0x00000000eb3afe20}: The specified procedure could not be found.
> (0x00000000eb3afe20) 
thrown [s\src\hotspot\share\prims\jni.cpp, line 535]
Event: 34.174 Thread 0x000001af14638e60 Exception <a 'java/io/FileNotFoundException'{0x00000000eb42ad88}> (0x00000000eb42ad88) 
thrown [s\src\hotspot\share\prims\jni.cpp, line 516]
Event: 34.185 Thread 0x000001af14638e60 Exception <a 'java/io/FileNotFoundException'{0x00000000eb5adf58}> (0x00000000eb5adf58) 
thrown [s\src\hotspot\share\prims\jni.cpp, line 516]
Event: 34.198 Thread 0x000001af14638e60 Exception <a 'java/lang/UnsatisfiedLinkError'{0x00000000eb6c26f8}: The specified procedure could not be found.
> (0x00000000eb6c26f8) 
thrown [s\src\hotspot\share\prims\jni.cpp, line 535]
Event: 34.240 Thread 0x000001af7a141370 Exception <a 'sun/nio/fs/WindowsException'{0x00000000eb87e698}> (0x00000000eb87e698) 
thrown [s\src\hotspot\share\prims\jni.cpp, line 516]
Event: 34.517 Thread 0x000001af7a141370 Exception <a 'java/lang/NoSuchMethodError'{0x00000000eb3a1958}: 'java.lang.Object java.lang.invoke.DirectMethodHandle$Holder.invokeStatic(java.lang.Object, java.lang.Object, long, java.lang.Object)'> (0x00000000eb3a1958) 
thrown [s\src\hotspot\share\interpreter\linkResolver.cpp, line 759]
Event: 34.518 Thread 0x000001af7a141370 Exception <a 'java/lang/NoSuchMethodError'{0x00000000eb3a53f0}: 'java.lang.Object java.lang.invoke.DirectMethodHandle$Holder.invokeStaticInit(java.lang.Object, java.lang.Object, long, java.lang.Object)'> (0x00000000eb3a53f0) 
thrown [s\src\hotspot\share\interpreter\linkResolver.cpp, line 759]
Event: 34.518 Thread 0x000001af7a141370 Exception <a 'java/lang/NoSuchMethodError'{0x00000000eb3ac888}: 'java.lang.Object java.lang.invoke.DirectMethodHandle$Holder.newInvokeSpecial(java.lang.Object, java.lang.Object, long)'> (0x00000000eb3ac888) 
thrown [s\src\hotspot\share\interpreter\linkResolver.cpp, line 759]
Event: 34.565 Thread 0x000001af7a141370 Exception <a 'java/lang/RuntimeException'{0x00000000eb438928}: snapshot not available> (0x00000000eb438928) 
thrown [s\src\hotspot\share\prims\jni.cpp, line 535]

VM Operations (20 events):
Event: 33.287 Executing VM operation: HandshakeAllThreads
Event: 33.294 Executing VM operation: HandshakeAllThreads done
Event: 33.454 Executing VM operation: HandshakeAllThreads
Event: 33.454 Executing VM operation: HandshakeAllThreads done
Event: 33.505 Executing VM operation: CollectForMetadataAllocation
Event: 33.544 Executing VM operation: CollectForMetadataAllocation done
Event: 33.686 Executing VM operation: HandshakeAllThreads
Event: 33.686 Executing VM operation: HandshakeAllThreads done
Event: 33.737 Executing VM operation: HandshakeAllThreads
Event: 33.737 Executing VM operation: HandshakeAllThreads done
Event: 33.905 Executing VM operation: ParallelGCFailedAllocation
Event: 33.907 Executing VM operation: ParallelGCFailedAllocation done
Event: 34.131 Executing VM operation: HandshakeAllThreads
Event: 34.131 Executing VM operation: HandshakeAllThreads done
Event: 34.134 Executing VM operation: HandshakeAllThreads
Event: 34.134 Executing VM operation: HandshakeAllThreads done
Event: 34.418 Executing VM operation: ParallelGCFailedAllocation
Event: 34.431 Executing VM operation: ParallelGCFailedAllocation done
Event: 34.529 Executing VM operation: HandshakeAllThreads
Event: 34.530 Executing VM operation: HandshakeAllThreads done

Events (20 events):
Event: 34.452 loading class sun/reflect/generics/reflectiveObjects/WildcardTypeImpl done
Event: 34.452 loading class sun/reflect/annotation/AnnotatedTypeFactory$AnnotatedParameterizedTypeImpl
Event: 34.453 loading class java/lang/reflect/AnnotatedParameterizedType
Event: 34.454 loading class java/lang/reflect/AnnotatedParameterizedType done
Event: 34.454 loading class sun/reflect/annotation/AnnotatedTypeFactory$AnnotatedParameterizedTypeImpl done
Event: 34.516 loading class java/lang/ProcessHandle
Event: 34.516 loading class java/lang/ProcessHandle done
Event: 34.516 loading class java/lang/ProcessHandleImpl
Event: 34.516 loading class java/lang/ProcessHandleImpl done
Event: 34.519 loading class java/lang/ProcessHandleImpl$Info
Event: 34.519 loading class java/lang/ProcessHandle$Info
Event: 34.519 loading class java/lang/ProcessHandle$Info done
Event: 34.519 loading class java/lang/ProcessHandleImpl$Info done
Event: 34.543 loading class java/util/concurrent/CompletionService
Event: 34.544 loading class java/util/concurrent/CompletionService done
Event: 34.570 loading class java/lang/Throwable$WrappedPrintWriter
Event: 34.570 loading class java/lang/Throwable$PrintStreamOrWriter
Event: 34.570 loading class java/lang/Throwable$PrintStreamOrWriter done
Event: 34.570 loading class java/lang/Throwable$WrappedPrintWriter done
Event: 34.573 Thread 0x000001af14ce83e0 Thread added: 0x000001af14ce83e0


Dynamic libraries:
0x00007ff7b8e90000 - 0x00007ff7b8e9e000 	c:\Users\ASUS\.vscode\extensions\redhat.java-1.28.1-win32-x64\jre\17.0.10-win32-x86_64\bin\java.exe
0x00007ffbb04d0000 - 0x00007ffbb06e6000 	C:\WINDOWS\SYSTEM32\ntdll.dll
0x00007ffbafcd0000 - 0x00007ffbafd94000 	C:\WINDOWS\System32\KERNEL32.DLL
0x00007ffbadb60000 - 0x00007ffbadf07000 	C:\WINDOWS\System32\KERNELBASE.dll
0x00007ffbad7f0000 - 0x00007ffbad901000 	C:\WINDOWS\System32\ucrtbase.dll
0x00007ffb9ce50000 - 0x00007ffb9ce67000 	c:\Users\ASUS\.vscode\extensions\redhat.java-1.28.1-win32-x64\jre\17.0.10-win32-x86_64\bin\jli.dll
0x00007ffbae460000 - 0x00007ffbae60e000 	C:\WINDOWS\System32\USER32.dll
0x00007ffbae100000 - 0x00007ffbae126000 	C:\WINDOWS\System32\win32u.dll
0x00007ffbaeff0000 - 0x00007ffbaf019000 	C:\WINDOWS\System32\GDI32.dll
0x00007ffbad980000 - 0x00007ffbada99000 	C:\WINDOWS\System32\gdi32full.dll
0x00007ffbae130000 - 0x00007ffbae1ca000 	C:\WINDOWS\System32\msvcp_win.dll
0x00007ffb9cd40000 - 0x00007ffb9cd5b000 	c:\Users\ASUS\.vscode\extensions\redhat.java-1.28.1-win32-x64\jre\17.0.10-win32-x86_64\bin\VCRUNTIME140.dll
0x00007ffb957a0000 - 0x00007ffb95a33000 	C:\WINDOWS\WinSxS\amd64_microsoft.windows.common-controls_6595b64144ccf1df_6.0.22621.3235_none_270f74e173860f98\COMCTL32.dll
0x00007ffbaf7d0000 - 0x00007ffbaf877000 	C:\WINDOWS\System32\msvcrt.dll
0x00007ffbafc90000 - 0x00007ffbafcc1000 	C:\WINDOWS\System32\IMM32.DLL
0x00007ffb9f950000 - 0x00007ffb9f95c000 	c:\Users\ASUS\.vscode\extensions\redhat.java-1.28.1-win32-x64\jre\17.0.10-win32-x86_64\bin\vcruntime140_1.dll
0x00007ffb7c4a0000 - 0x00007ffb7c52d000 	c:\Users\ASUS\.vscode\extensions\redhat.java-1.28.1-win32-x64\jre\17.0.10-win32-x86_64\bin\msvcp140.dll
0x00007ffb5bfa0000 - 0x00007ffb5cc02000 	c:\Users\ASUS\.vscode\extensions\redhat.java-1.28.1-win32-x64\jre\17.0.10-win32-x86_64\bin\server\jvm.dll
0x00007ffbaf1e0000 - 0x00007ffbaf292000 	C:\WINDOWS\System32\ADVAPI32.dll
0x00007ffbaf960000 - 0x00007ffbafa08000 	C:\WINDOWS\System32\sechost.dll
0x00007ffbae1d0000 - 0x00007ffbae1f8000 	C:\WINDOWS\System32\bcrypt.dll
0x00007ffbaeed0000 - 0x00007ffbaefe5000 	C:\WINDOWS\System32\RPCRT4.dll
0x00007ffbad0a0000 - 0x00007ffbad0ed000 	C:\WINDOWS\SYSTEM32\POWRPROF.dll
0x00007ffba1430000 - 0x00007ffba1439000 	C:\WINDOWS\SYSTEM32\WSOCK32.dll
0x00007ffbaf310000 - 0x00007ffbaf381000 	C:\WINDOWS\System32\WS2_32.dll
0x00007ffba1330000 - 0x00007ffba1364000 	C:\WINDOWS\SYSTEM32\WINMM.dll
0x00007ffba43e0000 - 0x00007ffba43ea000 	C:\WINDOWS\SYSTEM32\VERSION.dll
0x00007ffbad080000 - 0x00007ffbad093000 	C:\WINDOWS\SYSTEM32\UMPDC.dll
0x00007ffbac840000 - 0x00007ffbac858000 	C:\WINDOWS\SYSTEM32\kernel.appcore.dll
0x00007ffb9eb30000 - 0x00007ffb9eb3a000 	c:\Users\ASUS\.vscode\extensions\redhat.java-1.28.1-win32-x64\jre\17.0.10-win32-x86_64\bin\jimage.dll
0x00007ffbab110000 - 0x00007ffbab343000 	C:\WINDOWS\SYSTEM32\DBGHELP.DLL
0x00007ffbaf420000 - 0x00007ffbaf7a8000 	C:\WINDOWS\System32\combase.dll
0x00007ffbaf880000 - 0x00007ffbaf957000 	C:\WINDOWS\System32\OLEAUT32.dll
0x00007ffb7d840000 - 0x00007ffb7d872000 	C:\WINDOWS\SYSTEM32\dbgcore.DLL
0x00007ffbae080000 - 0x00007ffbae0f9000 	C:\WINDOWS\System32\bcryptPrimitives.dll
0x00007ffb9e710000 - 0x00007ffb9e71e000 	c:\Users\ASUS\.vscode\extensions\redhat.java-1.28.1-win32-x64\jre\17.0.10-win32-x86_64\bin\instrument.dll
0x00007ffb98100000 - 0x00007ffb98125000 	c:\Users\ASUS\.vscode\extensions\redhat.java-1.28.1-win32-x64\jre\17.0.10-win32-x86_64\bin\java.dll
0x00007ffb9d390000 - 0x00007ffb9d3a8000 	c:\Users\ASUS\.vscode\extensions\redhat.java-1.28.1-win32-x64\jre\17.0.10-win32-x86_64\bin\zip.dll
0x00007ffbae610000 - 0x00007ffbaee6c000 	C:\WINDOWS\System32\SHELL32.dll
0x00007ffbab740000 - 0x00007ffbac039000 	C:\WINDOWS\SYSTEM32\windows.storage.dll
0x00007ffbab600000 - 0x00007ffbab73e000 	C:\WINDOWS\SYSTEM32\wintypes.dll
0x00007ffbae200000 - 0x00007ffbae2f3000 	C:\WINDOWS\System32\SHCORE.dll
0x00007ffbaf2b0000 - 0x00007ffbaf30e000 	C:\WINDOWS\System32\shlwapi.dll
0x00007ffbad720000 - 0x00007ffbad741000 	C:\WINDOWS\SYSTEM32\profapi.dll
0x00007ffb9c9a0000 - 0x00007ffb9c9b9000 	C:\Users\ASUS\.vscode\extensions\redhat.java-1.28.1-win32-x64\jre\17.0.10-win32-x86_64\bin\net.dll
0x00007ffba4b00000 - 0x00007ffba4c36000 	C:\WINDOWS\SYSTEM32\WINHTTP.dll
0x00007ffbaccb0000 - 0x00007ffbacd19000 	C:\WINDOWS\system32\mswsock.dll
0x00007ffb97fb0000 - 0x00007ffb97fc6000 	C:\Users\ASUS\.vscode\extensions\redhat.java-1.28.1-win32-x64\jre\17.0.10-win32-x86_64\bin\nio.dll
0x00007ffb9d750000 - 0x00007ffb9d760000 	c:\Users\ASUS\.vscode\extensions\redhat.java-1.28.1-win32-x64\jre\17.0.10-win32-x86_64\bin\verify.dll
0x00007ffb96960000 - 0x00007ffb9699e000 	C:\Users\ASUS\AppData\Roaming\Code\User\globalStorage\redhat.java\1.28.1\config_win\org.eclipse.equinox.launcher\org.eclipse.equinox.launcher.win32.win32.x86_64_1.2.900.v20240129-1338\eclipse_11900.dll
0x00007ffbaf020000 - 0x00007ffbaf1c5000 	C:\WINDOWS\System32\ole32.dll
0x00007ffbacf10000 - 0x00007ffbacf2b000 	C:\WINDOWS\SYSTEM32\CRYPTSP.dll
0x00007ffbac7a0000 - 0x00007ffbac7d5000 	C:\WINDOWS\system32\rsaenh.dll
0x00007ffbacda0000 - 0x00007ffbacdc8000 	C:\WINDOWS\SYSTEM32\USERENV.dll
0x00007ffbacf00000 - 0x00007ffbacf0c000 	C:\WINDOWS\SYSTEM32\CRYPTBASE.dll
0x00007ffbac2a0000 - 0x00007ffbac2cd000 	C:\WINDOWS\SYSTEM32\IPHLPAPI.DLL
0x00007ffbaf1d0000 - 0x00007ffbaf1d9000 	C:\WINDOWS\System32\NSI.dll
0x00007ffba3250000 - 0x00007ffba3269000 	C:\WINDOWS\SYSTEM32\dhcpcsvc6.DLL
0x00007ffba2f10000 - 0x00007ffba2f2f000 	C:\WINDOWS\SYSTEM32\dhcpcsvc.DLL
0x00007ffbac2d0000 - 0x00007ffbac3c9000 	C:\WINDOWS\SYSTEM32\DNSAPI.dll
0x00007ffb7a9d0000 - 0x00007ffb7aa15000 	C:\Users\ASUS\AppData\Local\Temp\jna-2018896\jna17708920515868597244.dll
0x00007ffbaf2a0000 - 0x00007ffbaf2a8000 	C:\WINDOWS\System32\PSAPI.DLL

dbghelp: loaded successfully - version: 4.0.5 - missing functions: none
symbol engine: initialized successfully - sym options: 0x614 - pdb path: .;c:\Users\ASUS\.vscode\extensions\redhat.java-1.28.1-win32-x64\jre\17.0.10-win32-x86_64\bin;C:\WINDOWS\SYSTEM32;C:\WINDOWS\WinSxS\amd64_microsoft.windows.common-controls_6595b64144ccf1df_6.0.22621.3235_none_270f74e173860f98;c:\Users\ASUS\.vscode\extensions\redhat.java-1.28.1-win32-x64\jre\17.0.10-win32-x86_64\bin\server;C:\Users\ASUS\AppData\Roaming\Code\User\globalStorage\redhat.java\1.28.1\config_win\org.eclipse.equinox.launcher\org.eclipse.equinox.launcher.win32.win32.x86_64_1.2.900.v20240129-1338;C:\Users\ASUS\AppData\Local\Temp\jna-2018896

VM Arguments:
jvm_args: --add-modules=ALL-SYSTEM --add-opens=java.base/java.util=ALL-UNNAMED --add-opens=java.base/java.lang=ALL-UNNAMED --add-opens=java.base/sun.nio.fs=ALL-UNNAMED -Declipse.application=org.eclipse.jdt.ls.core.id1 -Dosgi.bundles.defaultStartLevel=4 -Declipse.product=org.eclipse.jdt.ls.core.product -Djava.import.generatesMetadataFilesAtProjectRoot=false -DDetectVMInstallationsJob.disabled=true -Dfile.encoding=utf8 -XX:+UseParallelGC -XX:GCTimeRatio=4 -XX:AdaptiveSizePolicyWeight=90 -Dsun.zip.disableMemoryMapping=true -Xmx1G -Xms100m -Xlog:disable -javaagent:c:\Users\ASUS\.vscode\extensions\redhat.java-1.28.1-win32-x64\lombok\lombok-1.18.31.jar -XX:+HeapDumpOnOutOfMemoryError -XX:HeapDumpPath=c:\Users\ASUS\AppData\Roaming\Code\User\workspaceStorage\a4f4de5a0aeeab1c62fd69d65db6a16c\redhat.java -Daether.dependencyCollector.impl=bf 
java_command: c:\Users\ASUS\.vscode\extensions\redhat.java-1.28.1-win32-x64\server\plugins\org.eclipse.equinox.launcher_1.6.700.v20231214-2017.jar -configuration c:\Users\ASUS\AppData\Roaming\Code\User\globalStorage\redhat.java\1.28.1\config_win -data c:\Users\ASUS\AppData\Roaming\Code\User\workspaceStorage\a4f4de5a0aeeab1c62fd69d65db6a16c\redhat.java\jdt_ws --stdio
java_class_path (initial): c:\Users\ASUS\.vscode\extensions\redhat.java-1.28.1-win32-x64\server\plugins\org.eclipse.equinox.launcher_1.6.700.v20231214-2017.jar
Launcher Type: SUN_STANDARD

[Global flags]
    uintx AdaptiveSizePolicyWeight                 = 90                                        {product} {command line}
     intx CICompilerCount                          = 4                                         {product} {ergonomic}
    uintx GCTimeRatio                              = 4                                         {product} {command line}
     bool HeapDumpOnOutOfMemoryError               = true                                   {manageable} {command line}
    ccstr HeapDumpPath                             = c:\Users\ASUS\AppData\Roaming\Code\User\workspaceStorage\a4f4de5a0aeeab1c62fd69d65db6a16c\redhat.java         {manageable} {command line}
   size_t InitialHeapSize                          = 104857600                                 {product} {command line}
   size_t MaxHeapSize                              = 1073741824                                {product} {command line}
   size_t MaxNewSize                               = 357564416                                 {product} {ergonomic}
   size_t MinHeapDeltaBytes                        = 524288                                    {product} {ergonomic}
   size_t MinHeapSize                              = 104857600                                 {product} {command line}
   size_t NewSize                                  = 34603008                                  {product} {ergonomic}
    uintx NonNMethodCodeHeapSize                   = 5839372                                {pd product} {ergonomic}
    uintx NonProfiledCodeHeapSize                  = 122909434                              {pd product} {ergonomic}
   size_t OldSize                                  = 70254592                                  {product} {ergonomic}
    uintx ProfiledCodeHeapSize                     = 122909434                              {pd product} {ergonomic}
    uintx ReservedCodeCacheSize                    = 251658240                              {pd product} {ergonomic}
     bool SegmentedCodeCache                       = true                                      {product} {ergonomic}
   size_t SoftMaxHeapSize                          = 1073741824                             {manageable} {ergonomic}
     bool UseCompressedClassPointers               = true                           {product lp64_product} {ergonomic}
     bool UseCompressedOops                        = true                           {product lp64_product} {ergonomic}
     bool UseLargePagesIndividualAllocation        = false                                  {pd product} {ergonomic}
     bool UseParallelGC                            = true                                      {product} {command line}

Logging:
Log output configuration:
 #0: stdout all=off uptime,level,tags
 #1: stderr all=off uptime,level,tags

Environment Variables:
JAVA_HOME=C:\Program Files\Microsoft\jdk-17.0.8.7-hotspot\
PATH=C:\Program Files\Microsoft\jdk-17.0.8.7-hotspot\bin;C:\Program Files\Eclipse Adoptium\jdk-11.0.18.10-hotspot\bin;C:\Python311\Scripts\;C:\Python311\;C:\WINDOWS\system32;C:\WINDOWS;C:\WINDOWS\System32\Wbem;C:\WINDOWS\System32\WindowsPowerShell\v1.0\;C:\WINDOWS\System32\OpenSSH\;C:\Program Files\PuTTY\;C:\Program Files\Microsoft SQL Server\150\Tools\Binn\;C:\MinGW\bin;C:\ProgramData\chocolatey\bin;C:\Program Files\Git\cmd;C:\Program Files\Git\mingw64\bin;C:\Program Files\Git\usr\bin;C:\Users\ASUS\kaggle.json;C:\Users\ASUS\kaggle.exe;C:\Users\ASUS\.kaggle;C:\Users\ASUS\Documents\kaggle;D:\Program Files\nodejs\;D:\Program Files\nodejs\node.exe;"D:\path\to\nodejs;";C:\Program Files\dotnet\;D:\User\ASUS\AppData\Local\Android\Sdk\platform-tools;C:\Users\ASUS\AppData\Local\Android\Sdk\platform-tools;C:\Users\ASUS\AppData\Local\Microsoft\WindowsApps;C:\Users\ASUS\AppData\Local\Programs\Microsoft VS Code\bin;C:\Users\ASUS\Documents\BISA\aircrack-ng-1.7-win\bin;C:\Users\ASUS\AppData\Local\Programs\Python\Python310;C:\Users\ASUS\AppData\Local\Programs\Python\Python310\Scripts;C:\MinGW\bin;C:\Users\ASUS\AppData\Local\Android\Sdk\platform-tools;C:\Users\ASUS\AppData\Roaming\npm;D:\Program Files\nodejs\node.exe;"D:\path\to\nodejs;";C:\Users\ASUS\.dotnet\tools;D:\User\ASUS\AppData\Local\Android\Sdk\platform-tools;C:\Users\ASUS\AppData\Local\Android1\Sdk\platform-tools;
USERNAME=ASUS
OS=Windows_NT
PROCESSOR_IDENTIFIER=Intel64 Family 6 Model 140 Stepping 1, GenuineIntel
TMP=C:\Users\ASUS\AppData\Local\Temp
TEMP=C:\Users\ASUS\AppData\Local\Temp



Periodic native trim disabled


---------------  S Y S T E M  ---------------

OS:
 Windows 11 , 64 bit Build 22621 (10.0.22621.3374)
OS uptime: 4 days 20:11 hours

CPU: total 8 (initial active 8) (4 cores per cpu, 2 threads per core) family 6 model 140 stepping 1 microcode 0x9a, cx8, cmov, fxsr, ht, mmx, 3dnowpref, sse, sse2, sse3, ssse3, sse4.1, sse4.2, popcnt, lzcnt, tsc, tscinvbit, avx, avx2, aes, erms, clmul, bmi1, bmi2, adx, avx512f, avx512dq, avx512cd, avx512bw, avx512vl, sha, fma, vzeroupper, avx512_vpopcntdq, avx512_vpclmulqdq, avx512_vaes, avx512_vnni, clflush, clflushopt, clwb, avx512_vbmi2, avx512_vbmi
Processor Information for processor 0
  Max Mhz: 2419, Current Mhz: 2419, Mhz Limit: 2419
Processor Information for processor 1
  Max Mhz: 2419, Current Mhz: 2419, Mhz Limit: 2419
Processor Information for processor 2
  Max Mhz: 2419, Current Mhz: 1007, Mhz Limit: 2419
Processor Information for processor 3
  Max Mhz: 2419, Current Mhz: 2419, Mhz Limit: 2419
Processor Information for processor 4
  Max Mhz: 2419, Current Mhz: 2419, Mhz Limit: 2419
Processor Information for processor 5
  Max Mhz: 2419, Current Mhz: 2419, Mhz Limit: 2419
Processor Information for processor 6
  Max Mhz: 2419, Current Mhz: 1007, Mhz Limit: 2419
Processor Information for processor 7
  Max Mhz: 2419, Current Mhz: 2419, Mhz Limit: 2419

Memory: 4k page, system-wide physical 7886M (160M free)
TotalPageFile size 16816M (AvailPageFile size 4M)
current process WorkingSet (physical memory assigned to process): 158M, peak: 158M
current process commit charge ("private bytes"): 263M, peak: 264M

vm_info: OpenJDK 64-Bit Server VM (17.0.10+7) for windows-amd64 JRE (17.0.10+7), built on Jan 16 2024 23:25:11 by "admin" with MS VC++ 16.10 / 16.11 (VS2019)

END.
