#
# There is insufficient memory for the Java Runtime Environment to continue.
# Native memory allocation (malloc) failed to allocate 32744 bytes for ChunkPool::allocate
# Possible reasons:
#   The system is out of physical RAM or swap space
#   The process is running with CompressedOops enabled, and the Java Heap may be blocking the growth of the native heap
# Possible solutions:
#   Reduce memory load on the system
#   Increase physical memory or swap space
#   Check if swap backing store is full
#   Decrease Java heap size (-Xmx/-Xms)
#   Decrease number of Java threads
#   Decrease Java thread stack sizes (-Xss)
#   Set larger code cache with -XX:ReservedCodeCacheSize=
#   JVM is running with Unscaled Compressed Oops mode in which the Java heap is
#     placed in the first 4GB address space. The Java Heap base address is the
#     maximum limit for the native heap growth. Please use -XX:HeapBaseMinAddress
#     to set the Java Heap base and to place the Java Heap above 4GB virtual address.
# This output file may be truncated or incomplete.
#
#  Out of Memory Error (arena.cpp:78), pid=11624, tid=22296
#
# JRE version: OpenJDK Runtime Environment Microsoft-8035246 (17.0.8+7) (build 17.0.8+7-LTS)
# Java VM: OpenJDK 64-Bit Server VM Microsoft-8035246 (17.0.8+7-LTS, mixed mode, sharing, tiered, compressed oops, compressed class ptrs, g1 gc, windows-amd64)
# No core dump will be written. Minidumps are not enabled by default on client versions of Windows
#

---------------  S U M M A R Y ------------

Command Line: -Xmx64m -Xms64m -Dorg.gradle.appname=gradlew org.gradle.wrapper.GradleWrapperMain app:installDebug -PreactNativeDevServerPort=8081

Host: 11th Gen Intel(R) Core(TM) i5-1135G7 @ 2.40GHz, 8 cores, 7G,  Windows 11 , 64 bit Build 22621 (10.0.22621.3374)
Time: Fri Mar 29 18:36:01 2024 SE Asia Standard Time elapsed time: 0.115607 seconds (0d 0h 0m 0s)

---------------  T H R E A D  ---------------

Current thread (0x000001fdf9212700):  JavaThread "C2 CompilerThread0" daemon [_thread_in_native, id=22296, stack(0x0000005541100000,0x0000005541200000)]


Current CompileTask:
C2:    115  166       4       java.lang.CharacterDataLatin1::toUpperCaseEx (71 bytes)

Stack: [0x0000005541100000,0x0000005541200000]
Native frames: (J=compiled Java code, j=interpreted, Vv=VM code, C=native code)
V  [jvm.dll+0x67bf3a]
V  [jvm.dll+0x83a024]
V  [jvm.dll+0x83b7ce]
V  [jvm.dll+0x83be33]
V  [jvm.dll+0x24785f]
V  [jvm.dll+0xac5dc]
V  [jvm.dll+0xac98c]
V  [jvm.dll+0x2a41c0]
V  [jvm.dll+0x7f8fa7]
V  [jvm.dll+0x219661]
V  [jvm.dll+0x218bce]
V  [jvm.dll+0x1a56b6]
V  [jvm.dll+0x2291ea]
V  [jvm.dll+0x22724c]
V  [jvm.dll+0x7efd0c]
V  [jvm.dll+0x7ea13a]
V  [jvm.dll+0x67ad85]
C  [ucrtbase.dll+0x29333]
C  [KERNEL32.DLL+0x1257d]
C  [ntdll.dll+0x5aa48]


---------------  P R O C E S S  ---------------

Threads class SMR info:
_java_thread_list=0x000001fdf94809c0, length=13, elements={
0x000001fddf83d7c0, 0x000001fddf8e9e60, 0x000001fddf8eaa20, 0x000001fdf920b4f0,
0x000001fdf920c0b0, 0x000001fdf9210fa0, 0x000001fdf9211960, 0x000001fdf9212700,
0x000001fdf92179e0, 0x000001fdf92182f0, 0x000001fdf9452200, 0x000001fdf9453ac0,
0x000001fdf9599690
}

Java Threads: ( => current thread )
  0x000001fddf83d7c0 JavaThread "main" [_thread_in_Java, id=3084, stack(0x0000005540400000,0x0000005540500000)]
  0x000001fddf8e9e60 JavaThread "Reference Handler" daemon [_thread_blocked, id=9676, stack(0x0000005540b00000,0x0000005540c00000)]
  0x000001fddf8eaa20 JavaThread "Finalizer" daemon [_thread_blocked, id=7712, stack(0x0000005540c00000,0x0000005540d00000)]
  0x000001fdf920b4f0 JavaThread "Signal Dispatcher" daemon [_thread_blocked, id=10044, stack(0x0000005540d00000,0x0000005540e00000)]
  0x000001fdf920c0b0 JavaThread "Attach Listener" daemon [_thread_blocked, id=21340, stack(0x0000005540e00000,0x0000005540f00000)]
  0x000001fdf9210fa0 JavaThread "Service Thread" daemon [_thread_blocked, id=6972, stack(0x0000005540f00000,0x0000005541000000)]
  0x000001fdf9211960 JavaThread "Monitor Deflation Thread" daemon [_thread_blocked, id=7732, stack(0x0000005541000000,0x0000005541100000)]
=>0x000001fdf9212700 JavaThread "C2 CompilerThread0" daemon [_thread_in_native, id=22296, stack(0x0000005541100000,0x0000005541200000)]
  0x000001fdf92179e0 JavaThread "C1 CompilerThread0" daemon [_thread_in_native, id=21448, stack(0x0000005541200000,0x0000005541300000)]
  0x000001fdf92182f0 JavaThread "Sweeper thread" daemon [_thread_blocked, id=9052, stack(0x0000005541300000,0x0000005541400000)]
  0x000001fdf9452200 JavaThread "Notification Thread" daemon [_thread_blocked, id=3052, stack(0x0000005541400000,0x0000005541500000)]
  0x000001fdf9453ac0 JavaThread "Common-Cleaner" daemon [_thread_blocked, id=19460, stack(0x0000005541600000,0x0000005541700000)]
  0x000001fdf9599690 JavaThread "C2 CompilerThread1" daemon [_thread_blocked, id=5420, stack(0x0000005541700000,0x0000005541800000)]

Other Threads:
  0x000001fddf8e3980 VMThread "VM Thread" [stack: 0x0000005540a00000,0x0000005540b00000] [id=17648]
  0x000001fddf867870 WatcherThread [stack: 0x0000005541500000,0x0000005541600000] [id=18428]
  0x000001fddf85ec80 GCTaskThread "GC Thread#0" [stack: 0x0000005540500000,0x0000005540600000] [id=15800]
  0x000001fddf8603d0 ConcurrentGCThread "G1 Main Marker" [stack: 0x0000005540600000,0x0000005540700000] [id=18624]
  0x000001fddf860de0 ConcurrentGCThread "G1 Conc#0" [stack: 0x0000005540700000,0x0000005540800000] [id=7444]
  0x000001fddf8c3c10 ConcurrentGCThread "G1 Refine#0" [stack: 0x0000005540800000,0x0000005540900000] [id=7968]
  0x000001fddf8c4640 ConcurrentGCThread "G1 Service" [stack: 0x0000005540900000,0x0000005540a00000] [id=22404]

Threads with active compile tasks:
C2 CompilerThread0      147  166       4       java.lang.CharacterDataLatin1::toUpperCaseEx (71 bytes)
C1 CompilerThread0      147  217       3       java.util.zip.ZipFile$Source::isMetaName (141 bytes)

VM state: not at safepoint (normal execution)

VM Mutex/Monitor currently owned by a thread: None

Heap address: 0x00000000fc000000, size: 64 MB, Compressed Oops mode: 32-bit

CDS archive(s) mapped at: [0x000001fd80000000-0x000001fd80bd0000-0x000001fd80bd0000), size 12386304, SharedBaseAddress: 0x000001fd80000000, ArchiveRelocationMode: 1.
Compressed class space mapped at: 0x000001fd81000000-0x000001fdc1000000, reserved size: 1073741824
Narrow klass base: 0x000001fd80000000, Narrow klass shift: 0, Narrow klass range: 0x100000000

GC Precious Log:
 CPUs: 8 total, 8 available
 Memory: 7886M
 Large Page Support: Disabled
 NUMA Support: Disabled
 Compressed Oops: Enabled (32-bit)
 Heap Region Size: 1M
 Heap Min Capacity: 64M
 Heap Initial Capacity: 64M
 Heap Max Capacity: 64M
 Pre-touch: Disabled
 Parallel Workers: 8
 Concurrent Workers: 2
 Concurrent Refinement Workers: 8
 Periodic GC: Disabled

Heap:
 garbage-first heap   total 65536K, used 2048K [0x00000000fc000000, 0x0000000100000000)
  region size 1024K, 3 young (3072K), 0 survivors (0K)
 Metaspace       used 1261K, committed 1408K, reserved 1114112K
  class space    used 121K, committed 192K, reserved 1048576K

Heap Regions: E=young(eden), S=young(survivor), O=old, HS=humongous(starts), HC=humongous(continues), CS=collection set, F=free, OA=open archive, CA=closed archive, TAMS=top-at-mark-start (previous, next)
|   0|0x00000000fc000000, 0x00000000fc000000, 0x00000000fc100000|  0%| F|  |TAMS 0x00000000fc000000, 0x00000000fc000000| Untracked 
|   1|0x00000000fc100000, 0x00000000fc100000, 0x00000000fc200000|  0%| F|  |TAMS 0x00000000fc100000, 0x00000000fc100000| Untracked 
|   2|0x00000000fc200000, 0x00000000fc200000, 0x00000000fc300000|  0%| F|  |TAMS 0x00000000fc200000, 0x00000000fc200000| Untracked 
|   3|0x00000000fc300000, 0x00000000fc300000, 0x00000000fc400000|  0%| F|  |TAMS 0x00000000fc300000, 0x00000000fc300000| Untracked 
|   4|0x00000000fc400000, 0x00000000fc400000, 0x00000000fc500000|  0%| F|  |TAMS 0x00000000fc400000, 0x00000000fc400000| Untracked 
|   5|0x00000000fc500000, 0x00000000fc500000, 0x00000000fc600000|  0%| F|  |TAMS 0x00000000fc500000, 0x00000000fc500000| Untracked 
|   6|0x00000000fc600000, 0x00000000fc600000, 0x00000000fc700000|  0%| F|  |TAMS 0x00000000fc600000, 0x00000000fc600000| Untracked 
|   7|0x00000000fc700000, 0x00000000fc700000, 0x00000000fc800000|  0%| F|  |TAMS 0x00000000fc700000, 0x00000000fc700000| Untracked 
|   8|0x00000000fc800000, 0x00000000fc800000, 0x00000000fc900000|  0%| F|  |TAMS 0x00000000fc800000, 0x00000000fc800000| Untracked 
|   9|0x00000000fc900000, 0x00000000fc900000, 0x00000000fca00000|  0%| F|  |TAMS 0x00000000fc900000, 0x00000000fc900000| Untracked 
|  10|0x00000000fca00000, 0x00000000fca00000, 0x00000000fcb00000|  0%| F|  |TAMS 0x00000000fca00000, 0x00000000fca00000| Untracked 
|  11|0x00000000fcb00000, 0x00000000fcb00000, 0x00000000fcc00000|  0%| F|  |TAMS 0x00000000fcb00000, 0x00000000fcb00000| Untracked 
|  12|0x00000000fcc00000, 0x00000000fcc00000, 0x00000000fcd00000|  0%| F|  |TAMS 0x00000000fcc00000, 0x00000000fcc00000| Untracked 
|  13|0x00000000fcd00000, 0x00000000fcd00000, 0x00000000fce00000|  0%| F|  |TAMS 0x00000000fcd00000, 0x00000000fcd00000| Untracked 
|  14|0x00000000fce00000, 0x00000000fce00000, 0x00000000fcf00000|  0%| F|  |TAMS 0x00000000fce00000, 0x00000000fce00000| Untracked 
|  15|0x00000000fcf00000, 0x00000000fcf00000, 0x00000000fd000000|  0%| F|  |TAMS 0x00000000fcf00000, 0x00000000fcf00000| Untracked 
|  16|0x00000000fd000000, 0x00000000fd000000, 0x00000000fd100000|  0%| F|  |TAMS 0x00000000fd000000, 0x00000000fd000000| Untracked 
|  17|0x00000000fd100000, 0x00000000fd100000, 0x00000000fd200000|  0%| F|  |TAMS 0x00000000fd100000, 0x00000000fd100000| Untracked 
|  18|0x00000000fd200000, 0x00000000fd200000, 0x00000000fd300000|  0%| F|  |TAMS 0x00000000fd200000, 0x00000000fd200000| Untracked 
|  19|0x00000000fd300000, 0x00000000fd300000, 0x00000000fd400000|  0%| F|  |TAMS 0x00000000fd300000, 0x00000000fd300000| Untracked 
|  20|0x00000000fd400000, 0x00000000fd400000, 0x00000000fd500000|  0%| F|  |TAMS 0x00000000fd400000, 0x00000000fd400000| Untracked 
|  21|0x00000000fd500000, 0x00000000fd500000, 0x00000000fd600000|  0%| F|  |TAMS 0x00000000fd500000, 0x00000000fd500000| Untracked 
|  22|0x00000000fd600000, 0x00000000fd600000, 0x00000000fd700000|  0%| F|  |TAMS 0x00000000fd600000, 0x00000000fd600000| Untracked 
|  23|0x00000000fd700000, 0x00000000fd700000, 0x00000000fd800000|  0%| F|  |TAMS 0x00000000fd700000, 0x00000000fd700000| Untracked 
|  24|0x00000000fd800000, 0x00000000fd800000, 0x00000000fd900000|  0%| F|  |TAMS 0x00000000fd800000, 0x00000000fd800000| Untracked 
|  25|0x00000000fd900000, 0x00000000fd900000, 0x00000000fda00000|  0%| F|  |TAMS 0x00000000fd900000, 0x00000000fd900000| Untracked 
|  26|0x00000000fda00000, 0x00000000fda00000, 0x00000000fdb00000|  0%| F|  |TAMS 0x00000000fda00000, 0x00000000fda00000| Untracked 
|  27|0x00000000fdb00000, 0x00000000fdb00000, 0x00000000fdc00000|  0%| F|  |TAMS 0x00000000fdb00000, 0x00000000fdb00000| Untracked 
|  28|0x00000000fdc00000, 0x00000000fdc00000, 0x00000000fdd00000|  0%| F|  |TAMS 0x00000000fdc00000, 0x00000000fdc00000| Untracked 
|  29|0x00000000fdd00000, 0x00000000fdd00000, 0x00000000fde00000|  0%| F|  |TAMS 0x00000000fdd00000, 0x00000000fdd00000| Untracked 
|  30|0x00000000fde00000, 0x00000000fde00000, 0x00000000fdf00000|  0%| F|  |TAMS 0x00000000fde00000, 0x00000000fde00000| Untracked 
|  31|0x00000000fdf00000, 0x00000000fdf00000, 0x00000000fe000000|  0%| F|  |TAMS 0x00000000fdf00000, 0x00000000fdf00000| Untracked 
|  32|0x00000000fe000000, 0x00000000fe000000, 0x00000000fe100000|  0%| F|  |TAMS 0x00000000fe000000, 0x00000000fe000000| Untracked 
|  33|0x00000000fe100000, 0x00000000fe100000, 0x00000000fe200000|  0%| F|  |TAMS 0x00000000fe100000, 0x00000000fe100000| Untracked 
|  34|0x00000000fe200000, 0x00000000fe200000, 0x00000000fe300000|  0%| F|  |TAMS 0x00000000fe200000, 0x00000000fe200000| Untracked 
|  35|0x00000000fe300000, 0x00000000fe300000, 0x00000000fe400000|  0%| F|  |TAMS 0x00000000fe300000, 0x00000000fe300000| Untracked 
|  36|0x00000000fe400000, 0x00000000fe400000, 0x00000000fe500000|  0%| F|  |TAMS 0x00000000fe400000, 0x00000000fe400000| Untracked 
|  37|0x00000000fe500000, 0x00000000fe500000, 0x00000000fe600000|  0%| F|  |TAMS 0x00000000fe500000, 0x00000000fe500000| Untracked 
|  38|0x00000000fe600000, 0x00000000fe600000, 0x00000000fe700000|  0%| F|  |TAMS 0x00000000fe600000, 0x00000000fe600000| Untracked 
|  39|0x00000000fe700000, 0x00000000fe700000, 0x00000000fe800000|  0%| F|  |TAMS 0x00000000fe700000, 0x00000000fe700000| Untracked 
|  40|0x00000000fe800000, 0x00000000fe800000, 0x00000000fe900000|  0%| F|  |TAMS 0x00000000fe800000, 0x00000000fe800000| Untracked 
|  41|0x00000000fe900000, 0x00000000fe900000, 0x00000000fea00000|  0%| F|  |TAMS 0x00000000fe900000, 0x00000000fe900000| Untracked 
|  42|0x00000000fea00000, 0x00000000fea00000, 0x00000000feb00000|  0%| F|  |TAMS 0x00000000fea00000, 0x00000000fea00000| Untracked 
|  43|0x00000000feb00000, 0x00000000feb00000, 0x00000000fec00000|  0%| F|  |TAMS 0x00000000feb00000, 0x00000000feb00000| Untracked 
|  44|0x00000000fec00000, 0x00000000fec00000, 0x00000000fed00000|  0%| F|  |TAMS 0x00000000fec00000, 0x00000000fec00000| Untracked 
|  45|0x00000000fed00000, 0x00000000fed00000, 0x00000000fee00000|  0%| F|  |TAMS 0x00000000fed00000, 0x00000000fed00000| Untracked 
|  46|0x00000000fee00000, 0x00000000fee00000, 0x00000000fef00000|  0%| F|  |TAMS 0x00000000fee00000, 0x00000000fee00000| Untracked 
|  47|0x00000000fef00000, 0x00000000fef00000, 0x00000000ff000000|  0%| F|  |TAMS 0x00000000fef00000, 0x00000000fef00000| Untracked 
|  48|0x00000000ff000000, 0x00000000ff000000, 0x00000000ff100000|  0%| F|  |TAMS 0x00000000ff000000, 0x00000000ff000000| Untracked 
|  49|0x00000000ff100000, 0x00000000ff100000, 0x00000000ff200000|  0%| F|  |TAMS 0x00000000ff100000, 0x00000000ff100000| Untracked 
|  50|0x00000000ff200000, 0x00000000ff200000, 0x00000000ff300000|  0%| F|  |TAMS 0x00000000ff200000, 0x00000000ff200000| Untracked 
|  51|0x00000000ff300000, 0x00000000ff300000, 0x00000000ff400000|  0%| F|  |TAMS 0x00000000ff300000, 0x00000000ff300000| Untracked 
|  52|0x00000000ff400000, 0x00000000ff400000, 0x00000000ff500000|  0%| F|  |TAMS 0x00000000ff400000, 0x00000000ff400000| Untracked 
|  53|0x00000000ff500000, 0x00000000ff500000, 0x00000000ff600000|  0%| F|  |TAMS 0x00000000ff500000, 0x00000000ff500000| Untracked 
|  54|0x00000000ff600000, 0x00000000ff600000, 0x00000000ff700000|  0%| F|  |TAMS 0x00000000ff600000, 0x00000000ff600000| Untracked 
|  55|0x00000000ff700000, 0x00000000ff700000, 0x00000000ff800000|  0%| F|  |TAMS 0x00000000ff700000, 0x00000000ff700000| Untracked 
|  56|0x00000000ff800000, 0x00000000ff800000, 0x00000000ff900000|  0%| F|  |TAMS 0x00000000ff800000, 0x00000000ff800000| Untracked 
|  57|0x00000000ff900000, 0x00000000ff900000, 0x00000000ffa00000|  0%| F|  |TAMS 0x00000000ff900000, 0x00000000ff900000| Untracked 
|  58|0x00000000ffa00000, 0x00000000ffa00000, 0x00000000ffb00000|  0%| F|  |TAMS 0x00000000ffa00000, 0x00000000ffa00000| Untracked 
|  59|0x00000000ffb00000, 0x00000000ffb00000, 0x00000000ffc00000|  0%| F|  |TAMS 0x00000000ffb00000, 0x00000000ffb00000| Untracked 
|  60|0x00000000ffc00000, 0x00000000ffc00000, 0x00000000ffd00000|  0%| F|  |TAMS 0x00000000ffc00000, 0x00000000ffc00000| Untracked 
|  61|0x00000000ffd00000, 0x00000000ffdec298, 0x00000000ffe00000| 92%| E|  |TAMS 0x00000000ffd00000, 0x00000000ffd00000| Complete 
|  62|0x00000000ffe00000, 0x00000000fff00000, 0x00000000fff00000|100%| E|CS|TAMS 0x00000000ffe00000, 0x00000000ffe00000| Complete 
|  63|0x00000000fff00000, 0x0000000100000000, 0x0000000100000000|100%| E|CS|TAMS 0x00000000fff00000, 0x00000000fff00000| Complete 

Card table byte_map: [0x000001fddd7f0000,0x000001fddd810000] _byte_map_base: 0x000001fddd010000

Marking Bits (Prev, Next): (CMBitMap*) 0x000001fddf85f2a0, (CMBitMap*) 0x000001fddf85f2e0
 Prev Bits: [0x000001fdf6660000, 0x000001fdf6760000)
 Next Bits: [0x000001fdf6760000, 0x000001fdf6860000)

Polling page: 0x000001fddd7a0000

Metaspace:

Usage:
  Non-class:      1.12 MB used.
      Class:    122.13 KB used.
       Both:      1.23 MB used.

Virtual space:
  Non-class space:       64.00 MB reserved,       1.19 MB (  2%) committed,  1 nodes.
      Class space:        1.00 GB reserved,     192.00 KB ( <1%) committed,  1 nodes.
             Both:        1.06 GB reserved,       1.38 MB ( <1%) committed. 

Chunk freelists:
   Non-Class:  11.86 MB
       Class:  15.73 MB
        Both:  27.58 MB

MaxMetaspaceSize: unlimited
CompressedClassSpaceSize: 1.00 GB
Initial GC threshold: 21.00 MB
Current GC threshold: 21.00 MB
CDS: on
MetaspaceReclaimPolicy: balanced
 - commit_granule_bytes: 65536.
 - commit_granule_words: 8192.
 - virtual_space_node_default_size: 8388608.
 - enlarge_chunks_in_place: 1.
 - new_chunks_are_fully_committed: 0.
 - uncommit_free_chunks: 1.
 - use_allocation_guard: 0.
 - handle_deallocations: 1.


Internal statistics:

num_allocs_failed_limit: 0.
num_arena_births: 6.
num_arena_deaths: 0.
num_vsnodes_births: 2.
num_vsnodes_deaths: 0.
num_space_committed: 22.
num_space_uncommitted: 0.
num_chunks_returned_to_freelist: 0.
num_chunks_taken_from_freelist: 20.
num_chunk_merges: 0.
num_chunk_splits: 10.
num_chunks_enlarged: 8.
num_inconsistent_stats: 0.

CodeHeap 'non-profiled nmethods': size=120000Kb used=52Kb max_used=52Kb free=119947Kb
 bounds [0x000001fdeee00000, 0x000001fdef070000, 0x000001fdf6330000]
CodeHeap 'profiled nmethods': size=120000Kb used=331Kb max_used=331Kb free=119668Kb
 bounds [0x000001fde7330000, 0x000001fde75a0000, 0x000001fdee860000]
CodeHeap 'non-nmethods': size=5760Kb used=1129Kb max_used=1143Kb free=4630Kb
 bounds [0x000001fdee860000, 0x000001fdeead0000, 0x000001fdeee00000]
 total_blobs=619 nmethods=220 adapters=312
 compilation: enabled
              stopped_count=0, restarted_count=0
 full_count=0

Compilation events (20 events):
Event: 0.107 Thread 0x000001fdf92179e0  150       3       java.util.concurrent.ConcurrentHashMap::put (8 bytes)
Event: 0.108 Thread 0x000001fdf92179e0 nmethod 150 0x000001fde735c010 code [0x000001fde735c1a0, 0x000001fde735c2e8]
Event: 0.108 Thread 0x000001fdf92179e0  151       1       sun.util.locale.BaseLocale::getLanguage (5 bytes)
Event: 0.108 Thread 0x000001fdf92179e0 nmethod 151 0x000001fdeee09c90 code [0x000001fdeee09e20, 0x000001fdeee09ef8]
Event: 0.108 Thread 0x000001fdf9212700  152       4       java.util.concurrent.ConcurrentHashMap::casTabAt (21 bytes)
Event: 0.108 Thread 0x000001fdf92179e0  153       1       sun.security.util.KnownOIDs::registerNames (2 bytes)
Event: 0.108 Thread 0x000001fdf92179e0 nmethod 153 0x000001fdeee09f90 code [0x000001fdeee0a120, 0x000001fdeee0a1f8]
Event: 0.108 Thread 0x000001fdf92179e0  154       3       java.lang.StringLatin1::toUpperCase (186 bytes)
Event: 0.109 Thread 0x000001fdf9212700 nmethod 152 0x000001fdeee0a290 code [0x000001fdeee0a400, 0x000001fdeee0a538]
Event: 0.109 Thread 0x000001fdf9212700  155       4       jdk.internal.misc.Unsafe::putReferenceRelease (9 bytes)
Event: 0.109 Thread 0x000001fdf92179e0 nmethod 154 0x000001fde735c390 code [0x000001fde735c600, 0x000001fde735d138]
Event: 0.109 Thread 0x000001fdf92179e0  157       3       java.lang.String::toUpperCase (29 bytes)
Event: 0.109 Thread 0x000001fdf92179e0 nmethod 157 0x000001fde735d510 code [0x000001fde735d6e0, 0x000001fde735d998]
Event: 0.109 Thread 0x000001fdf92179e0  158       3       java.util.Objects::nonNull (10 bytes)
Event: 0.109 Thread 0x000001fdf92179e0 nmethod 158 0x000001fde735da90 code [0x000001fde735dc20, 0x000001fde735dd78]
Event: 0.109 Thread 0x000001fdf92179e0  159       3       sun.security.util.KnownOIDs::register (349 bytes)
Event: 0.109 Thread 0x000001fdf9212700 nmethod 155 0x000001fdeee0a590 code [0x000001fdeee0a700, 0x000001fdeee0a838]
Event: 0.109 Thread 0x000001fdf9212700  156       4       java.util.concurrent.ConcurrentHashMap::tabAt (22 bytes)
Event: 0.109 Thread 0x000001fdf9212700 nmethod 156 0x000001fdeee0a890 code [0x000001fdeee0aa00, 0x000001fdeee0aa58]
Event: 0.111 Thread 0x000001fdf9212700  166       4       java.lang.CharacterDataLatin1::toUpperCaseEx (71 bytes)

GC Heap History (0 events):
No events

Dll operation events (5 events):
Event: 0.007 Loaded shared library C:\Program Files\Microsoft\jdk-17.0.8.7-hotspot\bin\java.dll
Event: 0.030 Loaded shared library C:\Program Files\Microsoft\jdk-17.0.8.7-hotspot\bin\jsvml.dll
Event: 0.065 Loaded shared library C:\Program Files\Microsoft\jdk-17.0.8.7-hotspot\bin\net.dll
Event: 0.067 Loaded shared library C:\Program Files\Microsoft\jdk-17.0.8.7-hotspot\bin\nio.dll
Event: 0.071 Loaded shared library C:\Program Files\Microsoft\jdk-17.0.8.7-hotspot\bin\zip.dll

Deoptimization events (0 events):
No events

Classes unloaded (0 events):
No events

Classes redefined (0 events):
No events

Internal exceptions (0 events):
No events

VM Operations (2 events):
Event: 0.072 Executing VM operation: HandshakeAllThreads
Event: 0.072 Executing VM operation: HandshakeAllThreads done

Events (20 events):
Event: 0.106 loading class sun/security/util/KnownOIDs$5
Event: 0.106 loading class sun/security/util/KnownOIDs$5 done
Event: 0.106 loading class sun/security/util/KnownOIDs$6
Event: 0.106 loading class sun/security/util/KnownOIDs$6 done
Event: 0.106 loading class sun/security/util/KnownOIDs$7
Event: 0.106 loading class sun/security/util/KnownOIDs$7 done
Event: 0.106 loading class sun/security/util/KnownOIDs$8
Event: 0.106 loading class sun/security/util/KnownOIDs$8 done
Event: 0.106 loading class sun/security/util/KnownOIDs$9
Event: 0.106 loading class sun/security/util/KnownOIDs$9 done
Event: 0.107 loading class sun/security/util/KnownOIDs$10
Event: 0.107 loading class sun/security/util/KnownOIDs$10 done
Event: 0.110 loading class java/util/LinkedHashMap$LinkedKeySet
Event: 0.110 loading class java/util/LinkedHashMap$LinkedKeySet done
Event: 0.110 loading class java/util/LinkedHashMap$LinkedKeyIterator
Event: 0.110 loading class java/util/LinkedHashMap$LinkedKeyIterator done
Event: 0.111 loading class jdk/internal/event/SecurityProviderServiceEvent
Event: 0.111 loading class jdk/internal/event/Event
Event: 0.111 loading class jdk/internal/event/Event done
Event: 0.111 loading class jdk/internal/event/SecurityProviderServiceEvent done


Dynamic libraries:
0x00007ff6f0db0000 - 0x00007ff6f0dbe000 	C:\Program Files\Microsoft\jdk-17.0.8.7-hotspot\bin\java.exe
0x00007ffbb04d0000 - 0x00007ffbb06e6000 	C:\WINDOWS\SYSTEM32\ntdll.dll
0x00007ffbafcd0000 - 0x00007ffbafd94000 	C:\WINDOWS\System32\KERNEL32.DLL
0x00007ffbadb60000 - 0x00007ffbadf07000 	C:\WINDOWS\System32\KERNELBASE.dll
0x00007ffbad7f0000 - 0x00007ffbad901000 	C:\WINDOWS\System32\ucrtbase.dll
0x00007ffb98460000 - 0x00007ffb9847b000 	C:\Program Files\Microsoft\jdk-17.0.8.7-hotspot\bin\VCRUNTIME140.dll
0x00007ffba2190000 - 0x00007ffba21a7000 	C:\Program Files\Microsoft\jdk-17.0.8.7-hotspot\bin\jli.dll
0x00007ffbae460000 - 0x00007ffbae60e000 	C:\WINDOWS\System32\USER32.dll
0x00007ffbae100000 - 0x00007ffbae126000 	C:\WINDOWS\System32\win32u.dll
0x00007ffb957a0000 - 0x00007ffb95a33000 	C:\WINDOWS\WinSxS\amd64_microsoft.windows.common-controls_6595b64144ccf1df_6.0.22621.3235_none_270f74e173860f98\COMCTL32.dll
0x00007ffbaeff0000 - 0x00007ffbaf019000 	C:\WINDOWS\System32\GDI32.dll
0x00007ffbaf7d0000 - 0x00007ffbaf877000 	C:\WINDOWS\System32\msvcrt.dll
0x00007ffbad980000 - 0x00007ffbada99000 	C:\WINDOWS\System32\gdi32full.dll
0x00007ffbae130000 - 0x00007ffbae1ca000 	C:\WINDOWS\System32\msvcp_win.dll
0x00007ffbafc90000 - 0x00007ffbafcc1000 	C:\WINDOWS\System32\IMM32.DLL
0x00007ffb9f1a0000 - 0x00007ffb9f1ac000 	C:\Program Files\Microsoft\jdk-17.0.8.7-hotspot\bin\vcruntime140_1.dll
0x00007ffb6d450000 - 0x00007ffb6d4dd000 	C:\Program Files\Microsoft\jdk-17.0.8.7-hotspot\bin\msvcp140.dll
0x00007ffb5d460000 - 0x00007ffb5e0c5000 	C:\Program Files\Microsoft\jdk-17.0.8.7-hotspot\bin\server\jvm.dll
0x00007ffbaf1e0000 - 0x00007ffbaf292000 	C:\WINDOWS\System32\ADVAPI32.dll
0x00007ffbaf960000 - 0x00007ffbafa08000 	C:\WINDOWS\System32\sechost.dll
0x00007ffbae1d0000 - 0x00007ffbae1f8000 	C:\WINDOWS\System32\bcrypt.dll
0x00007ffbaeed0000 - 0x00007ffbaefe5000 	C:\WINDOWS\System32\RPCRT4.dll
0x00007ffbad0a0000 - 0x00007ffbad0ed000 	C:\WINDOWS\SYSTEM32\POWRPROF.dll
0x00007ffb9e6e0000 - 0x00007ffb9e6e9000 	C:\WINDOWS\SYSTEM32\WSOCK32.dll
0x00007ffba1330000 - 0x00007ffba1364000 	C:\WINDOWS\SYSTEM32\WINMM.dll
0x00007ffba43e0000 - 0x00007ffba43ea000 	C:\WINDOWS\SYSTEM32\VERSION.dll
0x00007ffbaf310000 - 0x00007ffbaf381000 	C:\WINDOWS\System32\WS2_32.dll
0x00007ffbad080000 - 0x00007ffbad093000 	C:\WINDOWS\SYSTEM32\UMPDC.dll
0x00007ffbac840000 - 0x00007ffbac858000 	C:\WINDOWS\SYSTEM32\kernel.appcore.dll
0x00007ffb9dee0000 - 0x00007ffb9deea000 	C:\Program Files\Microsoft\jdk-17.0.8.7-hotspot\bin\jimage.dll
0x00007ffbab110000 - 0x00007ffbab343000 	C:\WINDOWS\SYSTEM32\DBGHELP.DLL
0x00007ffbaf420000 - 0x00007ffbaf7a8000 	C:\WINDOWS\System32\combase.dll
0x00007ffbaf880000 - 0x00007ffbaf957000 	C:\WINDOWS\System32\OLEAUT32.dll
0x00007ffb7d840000 - 0x00007ffb7d872000 	C:\WINDOWS\SYSTEM32\dbgcore.DLL
0x00007ffbae080000 - 0x00007ffbae0f9000 	C:\WINDOWS\System32\bcryptPrimitives.dll
0x00007ffb7b250000 - 0x00007ffb7b275000 	C:\Program Files\Microsoft\jdk-17.0.8.7-hotspot\bin\java.dll
0x00007ffb6b240000 - 0x00007ffb6b317000 	C:\Program Files\Microsoft\jdk-17.0.8.7-hotspot\bin\jsvml.dll
0x00007ffbae610000 - 0x00007ffbaee6c000 	C:\WINDOWS\System32\SHELL32.dll
0x00007ffbab740000 - 0x00007ffbac039000 	C:\WINDOWS\SYSTEM32\windows.storage.dll
0x00007ffbab600000 - 0x00007ffbab73e000 	C:\WINDOWS\SYSTEM32\wintypes.dll
0x00007ffbae200000 - 0x00007ffbae2f3000 	C:\WINDOWS\System32\SHCORE.dll
0x00007ffbaf2b0000 - 0x00007ffbaf30e000 	C:\WINDOWS\System32\shlwapi.dll
0x00007ffbad720000 - 0x00007ffbad741000 	C:\WINDOWS\SYSTEM32\profapi.dll
0x00007ffb980a0000 - 0x00007ffb980b9000 	C:\Program Files\Microsoft\jdk-17.0.8.7-hotspot\bin\net.dll
0x00007ffba4b00000 - 0x00007ffba4c36000 	C:\WINDOWS\SYSTEM32\WINHTTP.dll
0x00007ffbaccb0000 - 0x00007ffbacd19000 	C:\WINDOWS\system32\mswsock.dll
0x00007ffb98080000 - 0x00007ffb98096000 	C:\Program Files\Microsoft\jdk-17.0.8.7-hotspot\bin\nio.dll
0x00007ffb979f0000 - 0x00007ffb97a08000 	C:\Program Files\Microsoft\jdk-17.0.8.7-hotspot\bin\zip.dll

dbghelp: loaded successfully - version: 4.0.5 - missing functions: none
symbol engine: initialized successfully - sym options: 0x614 - pdb path: .;C:\Program Files\Microsoft\jdk-17.0.8.7-hotspot\bin;C:\WINDOWS\SYSTEM32;C:\WINDOWS\WinSxS\amd64_microsoft.windows.common-controls_6595b64144ccf1df_6.0.22621.3235_none_270f74e173860f98;C:\Program Files\Microsoft\jdk-17.0.8.7-hotspot\bin\server

VM Arguments:
jvm_args: -Xmx64m -Xms64m -Dorg.gradle.appname=gradlew 
java_command: org.gradle.wrapper.GradleWrapperMain app:installDebug -PreactNativeDevServerPort=8081
java_class_path (initial): C:\Bismillah\iftpetfeedervol2\android\\gradle\wrapper\gradle-wrapper.jar
Launcher Type: SUN_STANDARD

[Global flags]
     intx CICompilerCount                          = 4                                         {product} {ergonomic}
     uint ConcGCThreads                            = 2                                         {product} {ergonomic}
     uint G1ConcRefinementThreads                  = 8                                         {product} {ergonomic}
   size_t G1HeapRegionSize                         = 1048576                                   {product} {ergonomic}
    uintx GCDrainStackTargetSize                   = 64                                        {product} {ergonomic}
   size_t InitialHeapSize                          = 67108864                                  {product} {command line}
   size_t MarkStackSize                            = 4194304                                   {product} {ergonomic}
   size_t MaxHeapSize                              = 67108864                                  {product} {command line}
   size_t MaxNewSize                               = 39845888                                  {product} {ergonomic}
   size_t MinHeapDeltaBytes                        = 1048576                                   {product} {ergonomic}
   size_t MinHeapSize                              = 67108864                                  {product} {command line}
    uintx NonNMethodCodeHeapSize                   = 5839372                                {pd product} {ergonomic}
    uintx NonProfiledCodeHeapSize                  = 122909434                              {pd product} {ergonomic}
    uintx ProfiledCodeHeapSize                     = 122909434                              {pd product} {ergonomic}
    uintx ReservedCodeCacheSize                    = 251658240                              {pd product} {ergonomic}
     bool SegmentedCodeCache                       = true                                      {product} {ergonomic}
   size_t SoftMaxHeapSize                          = 67108864                               {manageable} {ergonomic}
     bool UseCompressedClassPointers               = true                           {product lp64_product} {ergonomic}
     bool UseCompressedOops                        = true                           {product lp64_product} {ergonomic}
     bool UseG1GC                                  = true                                      {product} {ergonomic}
     bool UseLargePagesIndividualAllocation        = false                                  {pd product} {ergonomic}

Logging:
Log output configuration:
 #0: stdout all=warning uptime,level,tags
 #1: stderr all=off uptime,level,tags

Environment Variables:
JAVA_HOME=C:\Program Files\Microsoft\jdk-17.0.8.7-hotspot\
CLASSPATH=C:\Bismillah\iftpetfeedervol2\android\\gradle\wrapper\gradle-wrapper.jar
PATH=C:\Bismillah\iftpetfeedervol2\node_modules\.bin;C:\Bismillah\node_modules\.bin;C:\node_modules\.bin;C:\Users\ASUS\AppData\Roaming\npm\node_modules\npm\node_modules\@npmcli\run-script\lib\node-gyp-bin;C:\Program Files\Microsoft\jdk-17.0.8.7-hotspot\bin;C:\Program Files\Eclipse Adoptium\jdk-11.0.18.10-hotspot\bin;C:\Python311\Scripts\;C:\Python311\;C:\WINDOWS\system32;C:\WINDOWS;C:\WINDOWS\System32\Wbem;C:\WINDOWS\System32\WindowsPowerShell\v1.0\;C:\WINDOWS\System32\OpenSSH\;C:\Program Files\PuTTY\;C:\Program Files\Microsoft SQL Server\150\Tools\Binn\;C:\MinGW\bin;C:\ProgramData\chocolatey\bin;C:\Program Files\Git\cmd;C:\Program Files\Git\mingw64\bin;C:\Program Files\Git\usr\bin;C:\Users\ASUS\kaggle.json;C:\Users\ASUS\kaggle.exe;C:\Users\ASUS\.kaggle;C:\Users\ASUS\Documents\kaggle;D:\Program Files\nodejs\;D:\Program Files\nodejs\node.exe;"D:\path\to\nodejs;";C:\Program Files\dotnet\;D:\User\ASUS\AppData\Local\Android\Sdk\platform-tools;C:\Users\ASUS\AppData\Local\Android\Sdk\platform-tools;C:\Users\ASUS\AppData\Local\Microsoft\WindowsApps;C:\Users\ASUS\AppData\Local\Programs\Microsoft VS Code\bin;C:\Users\ASUS\Documents\BISA\aircrack-ng-1.7-win\bin;C:\Users\ASUS\AppData\Local\Programs\Python\Python310;C:\Users\ASUS\AppData\Local\Programs\Python\Python310\Scripts;C:\MinGW\bin;C:\Users\ASUS\AppData\Local\Android\Sdk\platform-tools;C:\Users\ASUS\AppData\Roaming\npm;D:\Program Files\nodejs\node.exe;"D:\path\to\nodejs;";C:\Users\ASUS\.dotnet\tools;D:\User\ASUS\AppData\Local\Android\Sdk\platform-tools;C:\Users\ASUS\AppData\Local\Android1\Sdk\platform-tools;
USERNAME=ASUS
LANG=en_US.UTF-8
OS=Windows_NT
PROCESSOR_IDENTIFIER=Intel64 Family 6 Model 140 Stepping 1, GenuineIntel
TMP=C:\Users\ASUS\AppData\Local\Temp
TEMP=C:\Users\ASUS\AppData\Local\Temp



---------------  S Y S T E M  ---------------

OS:
 Windows 11 , 64 bit Build 22621 (10.0.22621.3374)
OS uptime: 1 days 15:27 hours

CPU: total 8 (initial active 8) (4 cores per cpu, 2 threads per core) family 6 model 140 stepping 1 microcode 0x9a, cx8, cmov, fxsr, ht, mmx, 3dnowpref, sse, sse2, sse3, ssse3, sse4.1, sse4.2, popcnt, lzcnt, tsc, tscinvbit, avx, avx2, aes, erms, clmul, bmi1, bmi2, adx, avx512f, avx512dq, avx512cd, avx512bw, avx512vl, sha, fma, vzeroupper, avx512_vpopcntdq, avx512_vpclmulqdq, avx512_vaes, avx512_vnni, clflush, clflushopt, clwb, avx512_vbmi2, avx512_vbmi
Processor Information for processor 0
  Max Mhz: 2419, Current Mhz: 2419, Mhz Limit: 2419
Processor Information for processor 1
  Max Mhz: 2419, Current Mhz: 1007, Mhz Limit: 2419
Processor Information for processor 2
  Max Mhz: 2419, Current Mhz: 1007, Mhz Limit: 2419
Processor Information for processor 3
  Max Mhz: 2419, Current Mhz: 2419, Mhz Limit: 2419
Processor Information for processor 4
  Max Mhz: 2419, Current Mhz: 1007, Mhz Limit: 2419
Processor Information for processor 5
  Max Mhz: 2419, Current Mhz: 2419, Mhz Limit: 2419
Processor Information for processor 6
  Max Mhz: 2419, Current Mhz: 2419, Mhz Limit: 2419
Processor Information for processor 7
  Max Mhz: 2419, Current Mhz: 2419, Mhz Limit: 2419

Memory: 4k page, system-wide physical 7886M (514M free)
TotalPageFile size 15491M (AvailPageFile size 3M)
current process WorkingSet (physical memory assigned to process): 38M, peak: 38M
current process commit charge ("private bytes"): 144M, peak: 144M

vm_info: OpenJDK 64-Bit Server VM (17.0.8+7-LTS) for windows-amd64 JRE (17.0.8+7-LTS), built on Jul  7 2023 17:21:55 by "MicrosoftCorporation" with MS VC++ 16.10 / 16.11 (VS2019)

END.
