#
# There is insufficient memory for the Java Runtime Environment to continue.
# Native memory allocation (mmap) failed to map 67108864 bytes for G1 virtual space
# Possible reasons:
#   The system is out of physical RAM or swap space
#   The process is running with CompressedOops enabled, and the Java Heap may be blocking the growth of the native heap
# Possible solutions:
#   Reduce memory load on the system
#   Increase physical memory or swap space
#   Check if swap backing store is full
#   Decrease Java heap size (-Xmx/-Xms)
#   Decrease number of Java threads
#   Decrease Java thread stack sizes (-Xss)
#   Set larger code cache with -XX:ReservedCodeCacheSize=
#   JVM is running with Unscaled Compressed Oops mode in which the Java heap is
#     placed in the first 4GB address space. The Java Heap base address is the
#     maximum limit for the native heap growth. Please use -XX:HeapBaseMinAddress
#     to set the Java Heap base and to place the Java Heap above 4GB virtual address.
# This output file may be truncated or incomplete.
#
#  Out of Memory Error (os_windows.cpp:3617), pid=2644, tid=5732
#
# JRE version:  (17.0.8+7) (build )
# Java VM: OpenJDK 64-Bit Server VM (17.0.8+7-LTS, mixed mode, sharing, tiered, compressed oops, compressed class ptrs, g1 gc, windows-amd64)
# No core dump will be written. Minidumps are not enabled by default on client versions of Windows
#

---------------  S U M M A R Y ------------

Command Line: -Xmx64m -Xms64m -Dorg.gradle.appname=gradlew org.gradle.wrapper.GradleWrapperMain app:installDebug -PreactNativeDevServerPort=8081

Host: 11th Gen Intel(R) Core(TM) i5-1135G7 @ 2.40GHz, 8 cores, 7G,  Windows 11 , 64 bit Build 22621 (10.0.22621.3374)
Time: Fri Mar 29 18:33:02 2024 SE Asia Standard Time elapsed time: 0.026077 seconds (0d 0h 0m 0s)

---------------  T H R E A D  ---------------

Current thread (0x0000024332e8e880):  JavaThread "Unknown thread" [_thread_in_vm, id=5732, stack(0x000000de95300000,0x000000de95400000)]

Stack: [0x000000de95300000,0x000000de95400000]
Native frames: (J=compiled Java code, j=interpreted, Vv=VM code, C=native code)
V  [jvm.dll+0x67bf3a]
V  [jvm.dll+0x83a024]
V  [jvm.dll+0x83b7ce]
V  [jvm.dll+0x83be33]
V  [jvm.dll+0x24785f]
V  [jvm.dll+0x678cb9]
V  [jvm.dll+0x66d54a]
V  [jvm.dll+0x308feb]
V  [jvm.dll+0x310496]
V  [jvm.dll+0x36019e]
V  [jvm.dll+0x3603cf]
V  [jvm.dll+0x2dff38]
V  [jvm.dll+0x2e0ea4]
V  [jvm.dll+0x80bca1]
V  [jvm.dll+0x36df61]
V  [jvm.dll+0x7eafac]
V  [jvm.dll+0x3f0c8f]
V  [jvm.dll+0x3f28a1]
C  [jli.dll+0x528f]
C  [ucrtbase.dll+0x29333]
C  [KERNEL32.DLL+0x1257d]
C  [ntdll.dll+0x5aa48]


---------------  P R O C E S S  ---------------

Threads class SMR info:
_java_thread_list=0x00007ffb5df93058, length=0, elements={
}

Java Threads: ( => current thread )

Other Threads:
  0x0000024332eb0bf0 GCTaskThread "GC Thread#0" [stack: 0x000000de95400000,0x000000de95500000] [id=17616]
  0x0000024332eb2340 ConcurrentGCThread "G1 Main Marker" [stack: 0x000000de95500000,0x000000de95600000] [id=6804]
  0x0000024332eb2d50 ConcurrentGCThread "G1 Conc#0" [stack: 0x000000de95600000,0x000000de95700000] [id=11848]

[error occurred during error reporting (printing all threads), id 0xc0000005, EXCEPTION_ACCESS_VIOLATION (0xc0000005) at pc=0x00007ffb5d750927]

VM state: not at safepoint (not fully initialized)

VM Mutex/Monitor currently owned by a thread:  ([mutex/lock_event])
[0x0000024332e8ad90] Heap_lock - owner thread: 0x0000024332e8e880

Heap address: 0x00000000fc000000, size: 64 MB, Compressed Oops mode: 32-bit

CDS archive(s) mapped at: [0x0000000000000000-0x0000000000000000-0x0000000000000000), size 0, SharedBaseAddress: 0x0000000800000000, ArchiveRelocationMode: 1.
Narrow klass base: 0x0000000000000000, Narrow klass shift: 0, Narrow klass range: 0x0

GC Precious Log:
<Empty>

Heap:
 garbage-first heap   total 0K, used 0K [0x00000000fc000000, 0x0000000100000000)
  region size 1024K, 0 young (0K), 0 survivors (0K)

[error occurred during error reporting (printing heap information), id 0xc0000005, EXCEPTION_ACCESS_VIOLATION (0xc0000005) at pc=0x00007ffb5db35fc9]

GC Heap History (0 events):
No events

Dll operation events (1 events):
Event: 0.013 Loaded shared library C:\Program Files\Microsoft\jdk-17.0.8.7-hotspot\bin\java.dll

Deoptimization events (0 events):
No events

Classes unloaded (0 events):
No events

Classes redefined (0 events):
No events

Internal exceptions (0 events):
No events

VM Operations (0 events):
No events

Events (0 events):
No events


Dynamic libraries:
0x00007ff6f0db0000 - 0x00007ff6f0dbe000 	C:\Program Files\Microsoft\jdk-17.0.8.7-hotspot\bin\java.exe
0x00007ffbb04d0000 - 0x00007ffbb06e6000 	C:\WINDOWS\SYSTEM32\ntdll.dll
0x00007ffbafcd0000 - 0x00007ffbafd94000 	C:\WINDOWS\System32\KERNEL32.DLL
0x00007ffbadb60000 - 0x00007ffbadf07000 	C:\WINDOWS\System32\KERNELBASE.dll
0x00007ffbad7f0000 - 0x00007ffbad901000 	C:\WINDOWS\System32\ucrtbase.dll
0x00007ffba2190000 - 0x00007ffba21a7000 	C:\Program Files\Microsoft\jdk-17.0.8.7-hotspot\bin\jli.dll
0x00007ffbae460000 - 0x00007ffbae60e000 	C:\WINDOWS\System32\USER32.dll
0x00007ffbae100000 - 0x00007ffbae126000 	C:\WINDOWS\System32\win32u.dll
0x00007ffbaeff0000 - 0x00007ffbaf019000 	C:\WINDOWS\System32\GDI32.dll
0x00007ffbad980000 - 0x00007ffbada99000 	C:\WINDOWS\System32\gdi32full.dll
0x00007ffbae130000 - 0x00007ffbae1ca000 	C:\WINDOWS\System32\msvcp_win.dll
0x00007ffb98460000 - 0x00007ffb9847b000 	C:\Program Files\Microsoft\jdk-17.0.8.7-hotspot\bin\VCRUNTIME140.dll
0x00007ffb957a0000 - 0x00007ffb95a33000 	C:\WINDOWS\WinSxS\amd64_microsoft.windows.common-controls_6595b64144ccf1df_6.0.22621.3235_none_270f74e173860f98\COMCTL32.dll
0x00007ffbaf7d0000 - 0x00007ffbaf877000 	C:\WINDOWS\System32\msvcrt.dll
0x00007ffbafc90000 - 0x00007ffbafcc1000 	C:\WINDOWS\System32\IMM32.DLL
0x00007ffb9f1a0000 - 0x00007ffb9f1ac000 	C:\Program Files\Microsoft\jdk-17.0.8.7-hotspot\bin\vcruntime140_1.dll
0x00007ffb6d450000 - 0x00007ffb6d4dd000 	C:\Program Files\Microsoft\jdk-17.0.8.7-hotspot\bin\msvcp140.dll
0x00007ffb5d460000 - 0x00007ffb5e0c5000 	C:\Program Files\Microsoft\jdk-17.0.8.7-hotspot\bin\server\jvm.dll
0x00007ffbaf1e0000 - 0x00007ffbaf292000 	C:\WINDOWS\System32\ADVAPI32.dll
0x00007ffbaf960000 - 0x00007ffbafa08000 	C:\WINDOWS\System32\sechost.dll
0x00007ffbae1d0000 - 0x00007ffbae1f8000 	C:\WINDOWS\System32\bcrypt.dll
0x00007ffbaeed0000 - 0x00007ffbaefe5000 	C:\WINDOWS\System32\RPCRT4.dll
0x00007ffbad0a0000 - 0x00007ffbad0ed000 	C:\WINDOWS\SYSTEM32\POWRPROF.dll
0x00007ffb9e6e0000 - 0x00007ffb9e6e9000 	C:\WINDOWS\SYSTEM32\WSOCK32.dll
0x00007ffbaf310000 - 0x00007ffbaf381000 	C:\WINDOWS\System32\WS2_32.dll
0x00007ffba1330000 - 0x00007ffba1364000 	C:\WINDOWS\SYSTEM32\WINMM.dll
0x00007ffba43e0000 - 0x00007ffba43ea000 	C:\WINDOWS\SYSTEM32\VERSION.dll
0x00007ffbad080000 - 0x00007ffbad093000 	C:\WINDOWS\SYSTEM32\UMPDC.dll
0x00007ffbac840000 - 0x00007ffbac858000 	C:\WINDOWS\SYSTEM32\kernel.appcore.dll
0x00007ffb9dee0000 - 0x00007ffb9deea000 	C:\Program Files\Microsoft\jdk-17.0.8.7-hotspot\bin\jimage.dll
0x00007ffbab110000 - 0x00007ffbab343000 	C:\WINDOWS\SYSTEM32\DBGHELP.DLL
0x00007ffbaf420000 - 0x00007ffbaf7a8000 	C:\WINDOWS\System32\combase.dll
0x00007ffbaf880000 - 0x00007ffbaf957000 	C:\WINDOWS\System32\OLEAUT32.dll
0x00007ffb7d840000 - 0x00007ffb7d872000 	C:\WINDOWS\SYSTEM32\dbgcore.DLL
0x00007ffbae080000 - 0x00007ffbae0f9000 	C:\WINDOWS\System32\bcryptPrimitives.dll
0x00007ffb7b250000 - 0x00007ffb7b275000 	C:\Program Files\Microsoft\jdk-17.0.8.7-hotspot\bin\java.dll

dbghelp: loaded successfully - version: 4.0.5 - missing functions: none
symbol engine: initialized successfully - sym options: 0x614 - pdb path: .;C:\Program Files\Microsoft\jdk-17.0.8.7-hotspot\bin;C:\WINDOWS\SYSTEM32;C:\WINDOWS\WinSxS\amd64_microsoft.windows.common-controls_6595b64144ccf1df_6.0.22621.3235_none_270f74e173860f98;C:\Program Files\Microsoft\jdk-17.0.8.7-hotspot\bin\server

VM Arguments:
jvm_args: -Xmx64m -Xms64m -Dorg.gradle.appname=gradlew 
java_command: org.gradle.wrapper.GradleWrapperMain app:installDebug -PreactNativeDevServerPort=8081
java_class_path (initial): C:\Bismillah\iftpetfeedervol2\android\\gradle\wrapper\gradle-wrapper.jar
Launcher Type: SUN_STANDARD

[Global flags]
     intx CICompilerCount                          = 4                                         {product} {ergonomic}
     uint ConcGCThreads                            = 2                                         {product} {ergonomic}
     uint G1ConcRefinementThreads                  = 8                                         {product} {ergonomic}
   size_t G1HeapRegionSize                         = 1048576                                   {product} {ergonomic}
    uintx GCDrainStackTargetSize                   = 64                                        {product} {ergonomic}
   size_t InitialHeapSize                          = 67108864                                  {product} {command line}
   size_t MarkStackSize                            = 4194304                                   {product} {ergonomic}
   size_t MaxHeapSize                              = 67108864                                  {product} {command line}
   size_t MinHeapDeltaBytes                        = 1048576                                   {product} {ergonomic}
   size_t MinHeapSize                              = 67108864                                  {product} {command line}
    uintx NonNMethodCodeHeapSize                   = 5839372                                {pd product} {ergonomic}
    uintx NonProfiledCodeHeapSize                  = 122909434                              {pd product} {ergonomic}
    uintx ProfiledCodeHeapSize                     = 122909434                              {pd product} {ergonomic}
    uintx ReservedCodeCacheSize                    = 251658240                              {pd product} {ergonomic}
     bool SegmentedCodeCache                       = true                                      {product} {ergonomic}
   size_t SoftMaxHeapSize                          = 67108864                               {manageable} {ergonomic}
     bool UseCompressedClassPointers               = true                           {product lp64_product} {ergonomic}
     bool UseCompressedOops                        = true                           {product lp64_product} {ergonomic}
     bool UseG1GC                                  = true                                      {product} {ergonomic}
     bool UseLargePagesIndividualAllocation        = false                                  {pd product} {ergonomic}

Logging:
Log output configuration:
 #0: stdout all=warning uptime,level,tags
 #1: stderr all=off uptime,level,tags

Environment Variables:
JAVA_HOME=C:\Program Files\Microsoft\jdk-17.0.8.7-hotspot\
CLASSPATH=C:\Bismillah\iftpetfeedervol2\android\\gradle\wrapper\gradle-wrapper.jar
PATH=C:\Bismillah\iftpetfeedervol2\node_modules\.bin;C:\Bismillah\iftpetfeedervol2\node_modules\.bin;C:\Bismillah\node_modules\.bin;C:\node_modules\.bin;C:\Users\ASUS\AppData\Roaming\npm\node_modules\npm\node_modules\@npmcli\run-script\lib\node-gyp-bin;C:\Bismillah\iftpetfeedervol2\node_modules\.bin;C:\Bismillah\node_modules\.bin;C:\node_modules\.bin;C:\Users\ASUS\AppData\Roaming\npm\node_modules\npm\node_modules\@npmcli\run-script\lib\node-gyp-bin;C:\Program Files\Microsoft\jdk-17.0.8.7-hotspot\bin;C:\Program Files\Eclipse Adoptium\jdk-11.0.18.10-hotspot\bin;C:\Python311\Scripts\;C:\Python311\;C:\WINDOWS\system32;C:\WINDOWS;C:\WINDOWS\System32\Wbem;C:\WINDOWS\System32\WindowsPowerShell\v1.0\;C:\WINDOWS\System32\OpenSSH\;C:\Program Files\PuTTY\;C:\Program Files\Microsoft SQL Server\150\Tools\Binn\;C:\MinGW\bin;C:\ProgramData\chocolatey\bin;C:\Program Files\Git\cmd;C:\Program Files\Git\mingw64\bin;C:\Program Files\Git\usr\bin;C:\Users\ASUS\kaggle.json;C:\Users\ASUS\kaggle.exe;C:\Users\ASUS\.kaggle;C:\Users\ASUS\Documents\kaggle;D:\Program Files\nodejs\;D:\Program Files\nodejs\node.exe;"D:\path\to\nodejs;";C:\Program Files\dotnet\;D:\User\ASUS\AppData\Local\Android\Sdk\platform-tools;C:\Users\ASUS\AppData\Local\Android\Sdk\platform-tools;C:\Users\ASUS\AppData\Local\Microsoft\WindowsApps;C:\Users\ASUS\AppData\Local\Programs\Microsoft VS Code\bin;C:\Users\ASUS\Documents\BISA\aircrack-ng-1.7-win\bin;C:\Users\ASUS\AppData\Local\Programs\Python\Python310;C:\Users\ASUS\AppData\Local\Programs\Python\Python310\Scripts;C:\MinGW\bin;C:\Users\ASUS\AppData\Local\Android\Sdk\platform-tools;C:\Users\ASUS\AppData\Roaming\npm;D:\Program Files\nodejs\node.exe;"D:\path\to\nodejs;";C:\Users\ASUS\.dotnet\tools;D:\User\ASUS\AppData\Local\Android\Sdk\platform-tools;C:\Users\ASUS\AppData\Local\Android1\Sdk\platform-tools;
USERNAME=ASUS
LANG=en_US.UTF-8
OS=Windows_NT
PROCESSOR_IDENTIFIER=Intel64 Family 6 Model 140 Stepping 1, GenuineIntel
TMP=C:\Users\ASUS\AppData\Local\Temp
TEMP=C:\Users\ASUS\AppData\Local\Temp



---------------  S Y S T E M  ---------------

OS:
 Windows 11 , 64 bit Build 22621 (10.0.22621.3374)
OS uptime: 1 days 15:24 hours

CPU: total 8 (initial active 8) (4 cores per cpu, 2 threads per core) family 6 model 140 stepping 1 microcode 0x9a, cx8, cmov, fxsr, ht, mmx, 3dnowpref, sse, sse2, sse3, ssse3, sse4.1, sse4.2, popcnt, lzcnt, tsc, tscinvbit, avx, avx2, aes, erms, clmul, bmi1, bmi2, adx, avx512f, avx512dq, avx512cd, avx512bw, avx512vl, sha, fma, vzeroupper, avx512_vpopcntdq, avx512_vpclmulqdq, avx512_vaes, avx512_vnni, clflush, clflushopt, clwb, avx512_vbmi2, avx512_vbmi
Processor Information for all 8 processors :
  Max Mhz: 2419, Current Mhz: 2419, Mhz Limit: 2419

Memory: 4k page, system-wide physical 7886M (368M free)
TotalPageFile size 15491M (AvailPageFile size 29M)
current process WorkingSet (physical memory assigned to process): 11M, peak: 11M
current process commit charge ("private bytes"): 59M, peak: 123M

vm_info: OpenJDK 64-Bit Server VM (17.0.8+7-LTS) for windows-amd64 JRE (17.0.8+7-LTS), built on Jul  7 2023 17:21:55 by "MicrosoftCorporation" with MS VC++ 16.10 / 16.11 (VS2019)

END.
