#
# There is insufficient memory for the Java Runtime Environment to continue.
# Native memory allocation (mmap) failed to map 132120576 bytes for G1 virtual space
# Possible reasons:
#   The system is out of physical RAM or swap space
#   The process is running with CompressedOops enabled, and the Java Heap may be blocking the growth of the native heap
# Possible solutions:
#   Reduce memory load on the system
#   Increase physical memory or swap space
#   Check if swap backing store is full
#   Decrease Java heap size (-Xmx/-Xms)
#   Decrease number of Java threads
#   Decrease Java thread stack sizes (-Xss)
#   Set larger code cache with -XX:ReservedCodeCacheSize=
#   JVM is running with Unscaled Compressed Oops mode in which the Java heap is
#     placed in the first 4GB address space. The Java Heap base address is the
#     maximum limit for the native heap growth. Please use -XX:HeapBaseMinAddress
#     to set the Java Heap base and to place the Java Heap above 4GB virtual address.
# This output file may be truncated or incomplete.
#
#  Out of Memory Error (os_windows.cpp:3617), pid=21524, tid=10080
#
# JRE version: OpenJDK Runtime Environment Microsoft-8035246 (17.0.8+7) (build 17.0.8+7-LTS)
# Java VM: OpenJDK 64-Bit Server VM Microsoft-8035246 (17.0.8+7-LTS, mixed mode, sharing, tiered, compressed oops, compressed class ptrs, g1 gc, windows-amd64)
# No core dump will be written. Minidumps are not enabled by default on client versions of Windows
#

---------------  S U M M A R Y ------------

Command Line: -XX:MaxMetaspaceSize=512m --add-opens=java.base/java.util=ALL-UNNAMED --add-opens=java.base/java.lang=ALL-UNNAMED --add-opens=java.base/java.lang.invoke=ALL-UNNAMED --add-opens=java.prefs/java.util.prefs=ALL-UNNAMED --add-opens=java.base/java.nio.charset=ALL-UNNAMED --add-opens=java.base/java.net=ALL-UNNAMED --add-opens=java.base/java.util.concurrent.atomic=ALL-UNNAMED -Xmx2048m -Dfile.encoding=windows-1252 -Duser.country=ID -Duser.language=id -Duser.variant -javaagent:C:\Users\ASUS\.gradle\wrapper\dists\gradle-8.3-all\6en3ugtfdg5xnpx44z4qbwgas\gradle-8.3\lib\agents\gradle-instrumentation-agent-8.3.jar org.gradle.launcher.daemon.bootstrap.GradleDaemon 8.3

Host: 11th Gen Intel(R) Core(TM) i5-1135G7 @ 2.40GHz, 8 cores, 7G,  Windows 11 , 64 bit Build 22621 (10.0.22621.3374)
Time: Mon Apr  1 15:24:19 2024 SE Asia Standard Time elapsed time: 97.387178 seconds (0d 0h 1m 37s)

---------------  T H R E A D  ---------------

Current thread (0x0000024fa162c550):  VMThread "VM Thread" [stack: 0x000000bcbd000000,0x000000bcbd100000] [id=10080]

Stack: [0x000000bcbd000000,0x000000bcbd100000]
Native frames: (J=compiled Java code, j=interpreted, Vv=VM code, C=native code)
V  [jvm.dll+0x67bf3a]
V  [jvm.dll+0x83a024]
V  [jvm.dll+0x83b7ce]
V  [jvm.dll+0x83be33]
V  [jvm.dll+0x24785f]
V  [jvm.dll+0x678cb9]
V  [jvm.dll+0x66d54a]
V  [jvm.dll+0x308feb]
V  [jvm.dll+0x310496]
V  [jvm.dll+0x36019e]
V  [jvm.dll+0x3603cf]
V  [jvm.dll+0x2dff38]
V  [jvm.dll+0x2e2fb6]
V  [jvm.dll+0x2ed668]
V  [jvm.dll+0x321650]
V  [jvm.dll+0x84032b]
V  [jvm.dll+0x841064]
V  [jvm.dll+0x84157d]
V  [jvm.dll+0x841954]
V  [jvm.dll+0x841a20]
V  [jvm.dll+0x7ea13a]
V  [jvm.dll+0x67ad85]
C  [ucrtbase.dll+0x29333]
C  [KERNEL32.DLL+0x1257d]
C  [ntdll.dll+0x5aa48]

VM_Operation (0x000000bcbccff680): G1PauseRemark, mode: safepoint, requested by thread 0x0000024f8389fb20


---------------  P R O C E S S  ---------------

Threads class SMR info:
_java_thread_list=0x0000024fc4f290c0, length=123, elements={
0x0000024f83834110, 0x0000024fa1630ec0, 0x0000024fa1631fa0, 0x0000024fa1649400,
0x0000024fa1649dd0, 0x0000024fa164e7c0, 0x0000024fa16510a0, 0x0000024fa1652570,
0x0000024fa1658840, 0x0000024fa1661160, 0x0000024fc10e5a30, 0x0000024fc11b96b0,
0x0000024fc2a9b010, 0x0000024fc22ff260, 0x0000024fc2031660, 0x0000024fc1f16040,
0x0000024fc26c73d0, 0x0000024fc23bc1c0, 0x0000024fc23be530, 0x0000024fc23bf970,
0x0000024fc23bea40, 0x0000024fc23bcbe0, 0x0000024fc23bd600, 0x0000024fc23bef50,
0x0000024fc23bdb10, 0x0000024fc23bf460, 0x0000024fc423b060, 0x0000024fc423a130,
0x0000024fc4239710, 0x0000024fc42387e0, 0x0000024fc423bf90, 0x0000024fc423ab50,
0x0000024fc4239c20, 0x0000024fc423c4a0, 0x0000024fc423b570, 0x0000024fc423cec0,
0x0000024fc423d3d0, 0x0000024fc423ddf0, 0x0000024fc4236e90, 0x0000024fc423e810,
0x0000024fc42373a0, 0x0000024fc42382d0, 0x0000024fc48fc150, 0x0000024fc48fd080,
0x0000024fc48fbc40, 0x0000024fc48f7560, 0x0000024fc48fc660, 0x0000024fc48fcb70,
0x0000024fc48fd590, 0x0000024fc48fe9d0, 0x0000024fc48f93c0, 0x0000024fc48fdaa0,
0x0000024fc48f7a70, 0x0000024fc48fa800, 0x0000024fc48feee0, 0x0000024fc48f8490,
0x0000024fc48f9de0, 0x0000024fc48f8eb0, 0x0000024fc48f89a0, 0x0000024fc48fa2f0,
0x0000024fc48fad10, 0x0000024fc3960e50, 0x0000024fc3964600, 0x0000024fc3963be0,
0x0000024fc39640f0, 0x0000024fc3962cb0, 0x0000024fc3964b10, 0x0000024fc3965020,
0x0000024fc3965530, 0x0000024fc3961d80, 0x0000024fc395f500, 0x0000024fc395e0c0,
0x0000024fc3960430, 0x0000024fc3965a40, 0x0000024fc395eae0, 0x0000024fc395fa10,
0x0000024fc395ff20, 0x0000024fc3960940, 0x0000024fc3961360, 0x0000024fc3961870,
0x0000024fc39627a0, 0x0000024fc3cba060, 0x0000024fc3cc0ab0, 0x0000024fc3cbe740,
0x0000024fc3cc05a0, 0x0000024fc3cbc8e0, 0x0000024fc3cbfb80, 0x0000024fc3cbbec0,
0x0000024fc3cbdd20, 0x0000024fc3cbec50, 0x0000024fc3cc14d0, 0x0000024fc3cbc3d0,
0x0000024fc3cbd300, 0x0000024fc3cbd810, 0x0000024fc3cba570, 0x0000024fc23bc6d0,
0x0000024fc48f7f80, 0x0000024fc13a3500, 0x0000024fc13a4430, 0x0000024fc13a9a40,
0x0000024fc13a3a10, 0x0000024fc13a4940, 0x0000024fc13a4e50, 0x0000024fc13a6290,
0x0000024fc13a80f0, 0x0000024fc13a9530, 0x0000024fc13a9f50, 0x0000024fc13a3f20,
0x0000024fc13aa460, 0x0000024fc13a5360, 0x0000024fc13a9020, 0x0000024fc13a8600,
0x0000024fc13aa970, 0x0000024fc13a5870, 0x0000024fc13a5d80, 0x0000024fc13a67a0,
0x0000024fc13a6cb0, 0x0000024fc13a71c0, 0x0000024fc13a8b10, 0x0000024fc13a76d0,
0x0000024fc13a7be0, 0x0000024fc13aae80, 0x0000024fc4cce8e0
}

Java Threads: ( => current thread )
  0x0000024f83834110 JavaThread "main" [_thread_blocked, id=9072, stack(0x000000bcbca00000,0x000000bcbcb00000)]
  0x0000024fa1630ec0 JavaThread "Reference Handler" daemon [_thread_blocked, id=600, stack(0x000000bcbd100000,0x000000bcbd200000)]
  0x0000024fa1631fa0 JavaThread "Finalizer" daemon [_thread_blocked, id=11044, stack(0x000000bcbd200000,0x000000bcbd300000)]
  0x0000024fa1649400 JavaThread "Signal Dispatcher" daemon [_thread_blocked, id=21656, stack(0x000000bcbd300000,0x000000bcbd400000)]
  0x0000024fa1649dd0 JavaThread "Attach Listener" daemon [_thread_blocked, id=23936, stack(0x000000bcbd400000,0x000000bcbd500000)]
  0x0000024fa164e7c0 JavaThread "Service Thread" daemon [_thread_blocked, id=24336, stack(0x000000bcbd500000,0x000000bcbd600000)]
  0x0000024fa16510a0 JavaThread "Monitor Deflation Thread" daemon [_thread_blocked, id=22036, stack(0x000000bcbd600000,0x000000bcbd700000)]
  0x0000024fa1652570 JavaThread "C2 CompilerThread0" daemon [_thread_blocked, id=12652, stack(0x000000bcbd700000,0x000000bcbd800000)]
  0x0000024fa1658840 JavaThread "C1 CompilerThread0" daemon [_thread_blocked, id=12060, stack(0x000000bcbd800000,0x000000bcbd900000)]
  0x0000024fa1661160 JavaThread "Sweeper thread" daemon [_thread_blocked, id=10140, stack(0x000000bcbd900000,0x000000bcbda00000)]
  0x0000024fc10e5a30 JavaThread "Common-Cleaner" daemon [_thread_blocked, id=15596, stack(0x000000bcbda00000,0x000000bcbdb00000)]
  0x0000024fc11b96b0 JavaThread "Notification Thread" daemon [_thread_blocked, id=10380, stack(0x000000bcbdb00000,0x000000bcbdc00000)]
  0x0000024fc2a9b010 JavaThread "Daemon health stats" [_thread_blocked, id=24212, stack(0x000000bcbe100000,0x000000bcbe200000)]
  0x0000024fc22ff260 JavaThread "Incoming local TCP Connector on port 21997" [_thread_in_native, id=14996, stack(0x000000bcbe200000,0x000000bcbe300000)]
  0x0000024fc2031660 JavaThread "Daemon periodic checks" [_thread_blocked, id=19788, stack(0x000000bcbe300000,0x000000bcbe400000)]
  0x0000024fc1f16040 JavaThread "Daemon" [_thread_blocked, id=14816, stack(0x000000bcbe400000,0x000000bcbe500000)]
  0x0000024fc26c73d0 JavaThread "Handler for socket connection from /127.0.0.1:21997 to /127.0.0.1:21998" [_thread_in_native, id=13280, stack(0x000000bcbe500000,0x000000bcbe600000)]
  0x0000024fc23bc1c0 JavaThread "Cancel handler" [_thread_blocked, id=14364, stack(0x000000bcbe600000,0x000000bcbe700000)]
  0x0000024fc23be530 JavaThread "Daemon worker" [_thread_blocked, id=1700, stack(0x000000bcbe700000,0x000000bcbe800000)]
  0x0000024fc23bf970 JavaThread "Asynchronous log dispatcher for DefaultDaemonConnection: socket connection from /127.0.0.1:21997 to /127.0.0.1:21998" [_thread_blocked, id=20964, stack(0x000000bcbe800000,0x000000bcbe900000)]
  0x0000024fc23bea40 JavaThread "Stdin handler" [_thread_blocked, id=7332, stack(0x000000bcbe900000,0x000000bcbea00000)]
  0x0000024fc23bcbe0 JavaThread "Daemon client event forwarder" [_thread_blocked, id=14488, stack(0x000000bcbea00000,0x000000bcbeb00000)]
  0x0000024fc23bd600 JavaThread "Cache worker for journal cache (C:\Users\ASUS\.gradle\caches\journal-1)" [_thread_blocked, id=23212, stack(0x000000bcbeb00000,0x000000bcbec00000)]
  0x0000024fc23bef50 JavaThread "File lock request listener" [_thread_in_native, id=6592, stack(0x000000bcbec00000,0x000000bcbed00000)]
  0x0000024fc23bdb10 JavaThread "Cache worker for file hash cache (C:\Users\ASUS\.gradle\caches\8.3\fileHashes)" [_thread_blocked, id=17468, stack(0x000000bcbed00000,0x000000bcbee00000)]
  0x0000024fc23bf460 JavaThread "File watcher server" daemon [_thread_blocked, id=21528, stack(0x000000bcbf100000,0x000000bcbf200000)]
  0x0000024fc423b060 JavaThread "File watcher consumer" daemon [_thread_blocked, id=15396, stack(0x000000bcbf200000,0x000000bcbf300000)]
  0x0000024fc423a130 JavaThread "Cache worker for checksums cache (C:\Bismillah\iftpetfeedervol2\android\.gradle\8.3\checksums)" [_thread_blocked, id=14640, stack(0x000000bcbf300000,0x000000bcbf400000)]
  0x0000024fc4239710 JavaThread "Cache worker for file hash cache (C:\Bismillah\iftpetfeedervol2\android\.gradle\8.3\fileHashes)" [_thread_blocked, id=520, stack(0x000000bcbf400000,0x000000bcbf500000)]
  0x0000024fc42387e0 JavaThread "Cache worker for cache directory md-supplier (C:\Users\ASUS\.gradle\caches\8.3\md-supplier)" [_thread_blocked, id=16424, stack(0x000000bcbf500000,0x000000bcbf600000)]
  0x0000024fc423bf90 JavaThread "Cache worker for file content cache (C:\Users\ASUS\.gradle\caches\8.3\fileContent)" [_thread_blocked, id=22700, stack(0x000000bcbf600000,0x000000bcbf700000)]
  0x0000024fc423ab50 JavaThread "Cache worker for cache directory md-rule (C:\Users\ASUS\.gradle\caches\8.3\md-rule)" [_thread_blocked, id=2972, stack(0x000000bcbf800000,0x000000bcbf900000)]
  0x0000024fc4239c20 JavaThread "Cache worker for execution history cache (C:\Users\ASUS\.gradle\caches\8.3\executionHistory)" [_thread_blocked, id=9628, stack(0x000000bcbf900000,0x000000bcbfa00000)]
  0x0000024fc423c4a0 JavaThread "jar transforms" [_thread_blocked, id=2536, stack(0x000000bcbfa00000,0x000000bcbfb00000)]
  0x0000024fc423b570 JavaThread "jar transforms Thread 2" [_thread_blocked, id=10456, stack(0x000000bcbfb00000,0x000000bcbfc00000)]
  0x0000024fc423cec0 JavaThread "jar transforms Thread 3" [_thread_blocked, id=19292, stack(0x000000bcbfc00000,0x000000bcbfd00000)]
  0x0000024fc423d3d0 JavaThread "jar transforms Thread 4" [_thread_blocked, id=19376, stack(0x000000bcbfd00000,0x000000bcbfe00000)]
  0x0000024fc423ddf0 JavaThread "Cache worker for kotlin-dsl (C:\Users\ASUS\.gradle\caches\8.3\kotlin-dsl)" [_thread_blocked, id=8668, stack(0x000000bcc0000000,0x000000bcc0100000)]
  0x0000024fc4236e90 JavaThread "jar transforms Thread 5" [_thread_blocked, id=24456, stack(0x000000bcc0100000,0x000000bcc0200000)]
  0x0000024fc423e810 JavaThread "jar transforms Thread 6" [_thread_blocked, id=15428, stack(0x000000bcc0200000,0x000000bcc0300000)]
  0x0000024fc42373a0 JavaThread "Unconstrained build operations" [_thread_blocked, id=13332, stack(0x000000bcc0300000,0x000000bcc0400000)]
  0x0000024fc42382d0 JavaThread "Unconstrained build operations Thread 2" [_thread_blocked, id=20496, stack(0x000000bcc0400000,0x000000bcc0500000)]
  0x0000024fc48fc150 JavaThread "jar transforms Thread 7" [_thread_blocked, id=20264, stack(0x000000bcc0500000,0x000000bcc0600000)]
  0x0000024fc48fd080 JavaThread "jar transforms Thread 8" [_thread_blocked, id=5300, stack(0x000000bcc0600000,0x000000bcc0700000)]
  0x0000024fc48fbc40 JavaThread "Cache worker for dependencies-accessors (C:\Bismillah\iftpetfeedervol2\android\.gradle\8.3\dependencies-accessors)" [_thread_blocked, id=19900, stack(0x000000bcc0700000,0x000000bcc0800000)]
  0x0000024fc48f7560 JavaThread "Cache worker for Build Output Cleanup Cache (C:\Bismillah\iftpetfeedervol2\node_modules\@react-native\gradle-plugin\.gradle\buildOutputCleanup)" [_thread_blocked, id=9384, stack(0x000000bcc0800000,0x000000bcc0900000)]
  0x0000024fc48fc660 JavaThread "Unconstrained build operations Thread 3" [_thread_blocked, id=10424, stack(0x000000bcbff00000,0x000000bcc0000000)]
  0x0000024fc48fcb70 JavaThread "Unconstrained build operations Thread 4" [_thread_blocked, id=11000, stack(0x000000bcc0900000,0x000000bcc0a00000)]
  0x0000024fc48fd590 JavaThread "Unconstrained build operations Thread 5" [_thread_blocked, id=12564, stack(0x000000bcc0a00000,0x000000bcc0b00000)]
  0x0000024fc48fe9d0 JavaThread "Unconstrained build operations Thread 6" [_thread_blocked, id=22072, stack(0x000000bcc0b00000,0x000000bcc0c00000)]
  0x0000024fc48f93c0 JavaThread "Unconstrained build operations Thread 7" [_thread_blocked, id=23772, stack(0x000000bcc0c00000,0x000000bcc0d00000)]
  0x0000024fc48fdaa0 JavaThread "Unconstrained build operations Thread 8" [_thread_blocked, id=20436, stack(0x000000bcc0d00000,0x000000bcc0e00000)]
  0x0000024fc48f7a70 JavaThread "Unconstrained build operations Thread 9" [_thread_blocked, id=21788, stack(0x000000bcc0e00000,0x000000bcc0f00000)]
  0x0000024fc48fa800 JavaThread "Memory manager" [_thread_blocked, id=18584, stack(0x000000bcc0f00000,0x000000bcc1000000)]
  0x0000024fc48feee0 JavaThread "Cache worker for Build Output Cleanup Cache (C:\Bismillah\iftpetfeedervol2\android\.gradle\buildOutputCleanup)" [_thread_blocked, id=14756, stack(0x000000bcc1000000,0x000000bcc1100000)]
  0x0000024fc48f8490 JavaThread "ForkJoinPool.commonPool-worker-1" daemon [_thread_blocked, id=10088, stack(0x000000bcc1300000,0x000000bcc1400000)]
  0x0000024fc48f9de0 JavaThread "ForkJoinPool.commonPool-worker-2" daemon [_thread_blocked, id=2184, stack(0x000000bcc1400000,0x000000bcc1500000)]
  0x0000024fc48f8eb0 JavaThread "ForkJoinPool.commonPool-worker-3" daemon [_thread_blocked, id=2916, stack(0x000000bcc1500000,0x000000bcc1600000)]
  0x0000024fc48f89a0 JavaThread "ForkJoinPool.commonPool-worker-4" daemon [_thread_blocked, id=2404, stack(0x000000bcc1600000,0x000000bcc1700000)]
  0x0000024fc48fa2f0 JavaThread "ForkJoinPool.commonPool-worker-5" daemon [_thread_blocked, id=19628, stack(0x000000bcc1700000,0x000000bcc1800000)]
  0x0000024fc48fad10 JavaThread "ForkJoinPool.commonPool-worker-6" daemon [_thread_blocked, id=5088, stack(0x000000bcc1800000,0x000000bcc1900000)]
  0x0000024fc3960e50 JavaThread "ForkJoinPool.commonPool-worker-7" daemon [_thread_blocked, id=12780, stack(0x000000bcc1900000,0x000000bcc1a00000)]
  0x0000024fc3964600 JavaThread "Execution worker" [_thread_blocked, id=21412, stack(0x000000bcc1e00000,0x000000bcc1f00000)]
  0x0000024fc3963be0 JavaThread "Execution worker Thread 2" [_thread_blocked, id=636, stack(0x000000bcc1f00000,0x000000bcc2000000)]
  0x0000024fc39640f0 JavaThread "Execution worker Thread 3" [_thread_blocked, id=7060, stack(0x000000bcc2000000,0x000000bcc2100000)]
  0x0000024fc3962cb0 JavaThread "Execution worker Thread 4" [_thread_blocked, id=13920, stack(0x000000bcc2100000,0x000000bcc2200000)]
  0x0000024fc3964b10 JavaThread "Execution worker Thread 5" [_thread_blocked, id=6508, stack(0x000000bcc2200000,0x000000bcc2300000)]
  0x0000024fc3965020 JavaThread "Execution worker Thread 6" [_thread_blocked, id=23072, stack(0x000000bcc2300000,0x000000bcc2400000)]
  0x0000024fc3965530 JavaThread "Execution worker Thread 7" [_thread_blocked, id=21964, stack(0x000000bcc2400000,0x000000bcc2500000)]
  0x0000024fc3961d80 JavaThread "Cache worker for execution history cache (C:\Bismillah\iftpetfeedervol2\node_modules\@react-native\gradle-plugin\.gradle\8.3\executionHistory)" [_thread_blocked, id=16476, stack(0x000000bcc2500000,0x000000bcc2600000)]
  0x0000024fc395f500 JavaThread "Unconstrained build operations Thread 10" [_thread_blocked, id=12444, stack(0x000000bcc2600000,0x000000bcc2700000)]
  0x0000024fc395e0c0 JavaThread "Unconstrained build operations Thread 11" [_thread_blocked, id=11528, stack(0x000000bcc2700000,0x000000bcc2800000)]
  0x0000024fc3960430 JavaThread "Unconstrained build operations Thread 12" [_thread_blocked, id=22248, stack(0x000000bcc2800000,0x000000bcc2900000)]
  0x0000024fc3965a40 JavaThread "Unconstrained build operations Thread 13" [_thread_blocked, id=10288, stack(0x000000bcc2900000,0x000000bcc2a00000)]
  0x0000024fc395eae0 JavaThread "Unconstrained build operations Thread 14" [_thread_blocked, id=24116, stack(0x000000bcc2a00000,0x000000bcc2b00000)]
  0x0000024fc395fa10 JavaThread "Unconstrained build operations Thread 15" [_thread_blocked, id=23240, stack(0x000000bcc2b00000,0x000000bcc2c00000)]
  0x0000024fc395ff20 JavaThread "Unconstrained build operations Thread 16" [_thread_blocked, id=5940, stack(0x000000bcc2c00000,0x000000bcc2d00000)]
  0x0000024fc3960940 JavaThread "Unconstrained build operations Thread 17" [_thread_blocked, id=11196, stack(0x000000bcc2d00000,0x000000bcc2e00000)]
  0x0000024fc3961360 JavaThread "Unconstrained build operations Thread 18" [_thread_blocked, id=18024, stack(0x000000bcc2e00000,0x000000bcc2f00000)]
  0x0000024fc3961870 JavaThread "Unconstrained build operations Thread 19" [_thread_blocked, id=9784, stack(0x000000bcc2f00000,0x000000bcc3000000)]
  0x0000024fc39627a0 JavaThread "Unconstrained build operations Thread 20" [_thread_blocked, id=1376, stack(0x000000bcc3000000,0x000000bcc3100000)]
  0x0000024fc3cba060 JavaThread "Unconstrained build operations Thread 21" [_thread_blocked, id=6340, stack(0x000000bcc3100000,0x000000bcc3200000)]
  0x0000024fc3cc0ab0 JavaThread "Unconstrained build operations Thread 22" [_thread_blocked, id=17268, stack(0x000000bcc3200000,0x000000bcc3300000)]
  0x0000024fc3cbe740 JavaThread "Unconstrained build operations Thread 23" [_thread_blocked, id=9324, stack(0x000000bcc3300000,0x000000bcc3400000)]
  0x0000024fc3cc05a0 JavaThread "Unconstrained build operations Thread 24" [_thread_blocked, id=3012, stack(0x000000bcc3400000,0x000000bcc3500000)]
  0x0000024fc3cbc8e0 JavaThread "Unconstrained build operations Thread 25" [_thread_blocked, id=3828, stack(0x000000bcc3500000,0x000000bcc3600000)]
  0x0000024fc3cbfb80 JavaThread "Unconstrained build operations Thread 26" [_thread_blocked, id=6316, stack(0x000000bcbc700000,0x000000bcbc800000)]
  0x0000024fc3cbbec0 JavaThread "Unconstrained build operations Thread 27" [_thread_blocked, id=17712, stack(0x000000bcbc800000,0x000000bcbc900000)]
  0x0000024fc3cbdd20 JavaThread "Unconstrained build operations Thread 28" [_thread_blocked, id=17720, stack(0x000000bcbc900000,0x000000bcbca00000)]
  0x0000024fc3cbec50 JavaThread "Unconstrained build operations Thread 29" [_thread_blocked, id=23004, stack(0x000000bcc3600000,0x000000bcc3700000)]
  0x0000024fc3cc14d0 JavaThread "Unconstrained build operations Thread 30" [_thread_blocked, id=16400, stack(0x000000bcc3700000,0x000000bcc3800000)]
  0x0000024fc3cbc3d0 JavaThread "Unconstrained build operations Thread 31" [_thread_blocked, id=15612, stack(0x000000bcc3800000,0x000000bcc3900000)]
  0x0000024fc3cbd300 JavaThread "Unconstrained build operations Thread 32" [_thread_blocked, id=21848, stack(0x000000bcc3900000,0x000000bcc3a00000)]
  0x0000024fc3cbd810 JavaThread "Unconstrained build operations Thread 33" [_thread_blocked, id=8028, stack(0x000000bcc3a00000,0x000000bcc3b00000)]
  0x0000024fc3cba570 JavaThread "Unconstrained build operations Thread 34" [_thread_blocked, id=10832, stack(0x000000bcc3b00000,0x000000bcc3c00000)]
  0x0000024fc23bc6d0 JavaThread "Unconstrained build operations Thread 35" [_thread_blocked, id=19356, stack(0x000000bcc3c00000,0x000000bcc3d00000)]
  0x0000024fc48f7f80 JavaThread "Unconstrained build operations Thread 36" [_thread_blocked, id=22908, stack(0x000000bcc3d00000,0x000000bcc3e00000)]
  0x0000024fc13a3500 JavaThread "Unconstrained build operations Thread 37" [_thread_blocked, id=20324, stack(0x000000bcc3e00000,0x000000bcc3f00000)]
  0x0000024fc13a4430 JavaThread "Unconstrained build operations Thread 38" [_thread_blocked, id=4760, stack(0x000000bcc3f00000,0x000000bcc4000000)]
  0x0000024fc13a9a40 JavaThread "Unconstrained build operations Thread 39" [_thread_blocked, id=21440, stack(0x000000bcc4000000,0x000000bcc4100000)]
  0x0000024fc13a3a10 JavaThread "Unconstrained build operations Thread 40" [_thread_blocked, id=11052, stack(0x000000bcc4100000,0x000000bcc4200000)]
  0x0000024fc13a4940 JavaThread "Unconstrained build operations Thread 41" [_thread_blocked, id=5128, stack(0x000000bcc4200000,0x000000bcc4300000)]
  0x0000024fc13a4e50 JavaThread "Unconstrained build operations Thread 42" [_thread_blocked, id=19896, stack(0x000000bcc4300000,0x000000bcc4400000)]
  0x0000024fc13a6290 JavaThread "Unconstrained build operations Thread 43" [_thread_blocked, id=1292, stack(0x000000bcc4400000,0x000000bcc4500000)]
  0x0000024fc13a80f0 JavaThread "Unconstrained build operations Thread 44" [_thread_blocked, id=20780, stack(0x000000bcc4500000,0x000000bcc4600000)]
  0x0000024fc13a9530 JavaThread "Unconstrained build operations Thread 45" [_thread_blocked, id=8544, stack(0x000000bcc4600000,0x000000bcc4700000)]
  0x0000024fc13a9f50 JavaThread "Unconstrained build operations Thread 46" [_thread_blocked, id=4292, stack(0x000000bcc4700000,0x000000bcc4800000)]
  0x0000024fc13a3f20 JavaThread "Unconstrained build operations Thread 47" [_thread_blocked, id=5056, stack(0x000000bcc4800000,0x000000bcc4900000)]
  0x0000024fc13aa460 JavaThread "Unconstrained build operations Thread 48" [_thread_blocked, id=16080, stack(0x000000bcc4900000,0x000000bcc4a00000)]
  0x0000024fc13a5360 JavaThread "Unconstrained build operations Thread 49" [_thread_blocked, id=19284, stack(0x000000bcc4a00000,0x000000bcc4b00000)]
  0x0000024fc13a9020 JavaThread "Unconstrained build operations Thread 50" [_thread_blocked, id=5528, stack(0x000000bcc4b00000,0x000000bcc4c00000)]
  0x0000024fc13a8600 JavaThread "Unconstrained build operations Thread 51" [_thread_blocked, id=13940, stack(0x000000bcc4c00000,0x000000bcc4d00000)]
  0x0000024fc13aa970 JavaThread "Unconstrained build operations Thread 52" [_thread_blocked, id=17220, stack(0x000000bcc4d00000,0x000000bcc4e00000)]
  0x0000024fc13a5870 JavaThread "Unconstrained build operations Thread 53" [_thread_blocked, id=2192, stack(0x000000bcc4e00000,0x000000bcc4f00000)]
  0x0000024fc13a5d80 JavaThread "Unconstrained build operations Thread 54" [_thread_blocked, id=8652, stack(0x000000bcc4f00000,0x000000bcc5000000)]
  0x0000024fc13a67a0 JavaThread "Unconstrained build operations Thread 55" [_thread_blocked, id=11504, stack(0x000000bcc5000000,0x000000bcc5100000)]
  0x0000024fc13a6cb0 JavaThread "Unconstrained build operations Thread 56" [_thread_blocked, id=22440, stack(0x000000bcc5100000,0x000000bcc5200000)]
  0x0000024fc13a71c0 JavaThread "Unconstrained build operations Thread 57" [_thread_blocked, id=24256, stack(0x000000bcc5200000,0x000000bcc5300000)]
  0x0000024fc13a8b10 JavaThread "Unconstrained build operations Thread 58" [_thread_blocked, id=12016, stack(0x000000bcc5300000,0x000000bcc5400000)]
  0x0000024fc13a76d0 JavaThread "Unconstrained build operations Thread 59" [_thread_blocked, id=5668, stack(0x000000bcc5400000,0x000000bcc5500000)]
  0x0000024fc13a7be0 JavaThread "Unconstrained build operations Thread 60" [_thread_blocked, id=7804, stack(0x000000bcc5500000,0x000000bcc5600000)]
  0x0000024fc13aae80 JavaThread "Unconstrained build operations Thread 61" [_thread_blocked, id=21128, stack(0x000000bcc5600000,0x000000bcc5700000)]
  0x0000024fc4cce8e0 JavaThread "Unconstrained build operations Thread 62" [_thread_blocked, id=3440, stack(0x000000bcc5700000,0x000000bcc5800000)]

Other Threads:
=>0x0000024fa162c550 VMThread "VM Thread" [stack: 0x000000bcbd000000,0x000000bcbd100000] [id=10080]
  0x0000024fc12160b0 WatcherThread [stack: 0x000000bcbdc00000,0x000000bcbdd00000] [id=11280]
  0x0000024f8388ecc0 GCTaskThread "GC Thread#0" [stack: 0x000000bcbcb00000,0x000000bcbcc00000] [id=1512]
  0x0000024fc1c44c90 GCTaskThread "GC Thread#1" [stack: 0x000000bcbdd00000,0x000000bcbde00000] [id=17980]
  0x0000024fc1b4f4a0 GCTaskThread "GC Thread#2" [stack: 0x000000bcbde00000,0x000000bcbdf00000] [id=14832]
  0x0000024fc1b4f760 GCTaskThread "GC Thread#3" [stack: 0x000000bcbdf00000,0x000000bcbe000000] [id=16484]
  0x0000024fc19d6f80 GCTaskThread "GC Thread#4" [stack: 0x000000bcbe000000,0x000000bcbe100000] [id=11104]
  0x0000024fc19d7610 GCTaskThread "GC Thread#5" [stack: 0x000000bcbee00000,0x000000bcbef00000] [id=3472]
  0x0000024fc3718f40 GCTaskThread "GC Thread#6" [stack: 0x000000bcbef00000,0x000000bcbf000000] [id=19784]
  0x0000024fc3719200 GCTaskThread "GC Thread#7" [stack: 0x000000bcbf000000,0x000000bcbf100000] [id=4584]
  0x0000024f8389fb20 ConcurrentGCThread "G1 Main Marker" [stack: 0x000000bcbcc00000,0x000000bcbcd00000] [id=23060]
  0x0000024f838a0be0 ConcurrentGCThread "G1 Conc#0" [stack: 0x000000bcbcd00000,0x000000bcbce00000] [id=2856]
  0x0000024fc3c31c50 ConcurrentGCThread "G1 Conc#1" [stack: 0x000000bcbf700000,0x000000bcbf800000] [id=11812]
  0x0000024f838d9010 ConcurrentGCThread "G1 Refine#0" [stack: 0x000000bcbce00000,0x000000bcbcf00000] [id=8100]
  0x0000024f838d9950 ConcurrentGCThread "G1 Service" [stack: 0x000000bcbcf00000,0x000000bcbd000000] [id=1608]

Threads with active compile tasks:
C2 CompilerThread0    97515 15452       4       org.gradle.api.internal.attributes.DefaultImmutableAttributesFactory::concat (126 bytes)

VM state: at safepoint (normal execution)

VM Mutex/Monitor currently owned by a thread:  ([mutex/lock_event])
[0x0000024f83830070] Threads_lock - owner thread: 0x0000024fa162c550
[0x0000024f8382f890] Heap_lock - owner thread: 0x0000024f8389fb20

Heap address: 0x0000000080000000, size: 2048 MB, Compressed Oops mode: 32-bit

CDS archive(s) mapped at: [0x0000024fa2000000-0x0000024fa2bd0000-0x0000024fa2bd0000), size 12386304, SharedBaseAddress: 0x0000024fa2000000, ArchiveRelocationMode: 1.
Compressed class space mapped at: 0x0000024fa3000000-0x0000024fbd000000, reserved size: 436207616
Narrow klass base: 0x0000024fa2000000, Narrow klass shift: 0, Narrow klass range: 0x100000000

GC Precious Log:
 CPUs: 8 total, 8 available
 Memory: 7886M
 Large Page Support: Disabled
 NUMA Support: Disabled
 Compressed Oops: Enabled (32-bit)
 Heap Region Size: 1M
 Heap Min Capacity: 8M
 Heap Initial Capacity: 124M
 Heap Max Capacity: 2G
 Pre-touch: Disabled
 Parallel Workers: 8
 Concurrent Workers: 2
 Concurrent Refinement Workers: 8
 Periodic GC: Disabled

Heap:
 garbage-first heap   total 239616K, used 218977K [0x0000000080000000, 0x0000000100000000)
  region size 1024K, 10 young (10240K), 2 survivors (2048K)
 Metaspace       used 105404K, committed 106752K, reserved 557056K
  class space    used 14696K, committed 15296K, reserved 425984K

Heap Regions: E=young(eden), S=young(survivor), O=old, HS=humongous(starts), HC=humongous(continues), CS=collection set, F=free, OA=open archive, CA=closed archive, TAMS=top-at-mark-start (previous, next)
|   0|0x0000000080000000, 0x0000000080100000, 0x0000000080100000|100%|HS|  |TAMS 0x0000000080100000, 0x0000000080000000| Complete 
|   1|0x0000000080100000, 0x0000000080200000, 0x0000000080200000|100%|HC|  |TAMS 0x0000000080200000, 0x0000000080100000| Complete 
|   2|0x0000000080200000, 0x0000000080300000, 0x0000000080300000|100%|HC|  |TAMS 0x0000000080300000, 0x0000000080200000| Complete 
|   3|0x0000000080300000, 0x0000000080400000, 0x0000000080400000|100%|HC|  |TAMS 0x0000000080400000, 0x0000000080300000| Complete 
|   4|0x0000000080400000, 0x0000000080500000, 0x0000000080500000|100%| O|  |TAMS 0x0000000080500000, 0x0000000080400000| Untracked 
|   5|0x0000000080500000, 0x0000000080600000, 0x0000000080600000|100%| O|  |TAMS 0x0000000080600000, 0x0000000080500000| Untracked 
|   6|0x0000000080600000, 0x0000000080700000, 0x0000000080700000|100%| O|  |TAMS 0x0000000080700000, 0x0000000080600000| Untracked 
|   7|0x0000000080700000, 0x0000000080800000, 0x0000000080800000|100%| O|  |TAMS 0x0000000080800000, 0x0000000080700000| Updating 
|   8|0x0000000080800000, 0x0000000080900000, 0x0000000080900000|100%| O|  |TAMS 0x0000000080900000, 0x0000000080800000| Untracked 
|   9|0x0000000080900000, 0x0000000080a00000, 0x0000000080a00000|100%| O|  |TAMS 0x0000000080a00000, 0x0000000080900000| Untracked 
|  10|0x0000000080a00000, 0x0000000080b00000, 0x0000000080b00000|100%| O|  |TAMS 0x0000000080b00000, 0x0000000080a00000| Untracked 
|  11|0x0000000080b00000, 0x0000000080c00000, 0x0000000080c00000|100%| O|  |TAMS 0x0000000080c00000, 0x0000000080b00000| Untracked 
|  12|0x0000000080c00000, 0x0000000080d00000, 0x0000000080d00000|100%| O|  |TAMS 0x0000000080d00000, 0x0000000080c00000| Untracked 
|  13|0x0000000080d00000, 0x0000000080e00000, 0x0000000080e00000|100%| O|  |TAMS 0x0000000080e00000, 0x0000000080d00000| Untracked 
|  14|0x0000000080e00000, 0x0000000080f00000, 0x0000000080f00000|100%| O|  |TAMS 0x0000000080f00000, 0x0000000080e00000| Untracked 
|  15|0x0000000080f00000, 0x0000000081000000, 0x0000000081000000|100%| O|  |TAMS 0x0000000081000000, 0x0000000080f00000| Updating 
|  16|0x0000000081000000, 0x0000000081100000, 0x0000000081100000|100%| O|  |TAMS 0x0000000081100000, 0x0000000081000000| Untracked 
|  17|0x0000000081100000, 0x0000000081200000, 0x0000000081200000|100%| O|  |TAMS 0x0000000081200000, 0x0000000081100000| Untracked 
|  18|0x0000000081200000, 0x0000000081300000, 0x0000000081300000|100%| O|  |TAMS 0x0000000081300000, 0x0000000081200000| Untracked 
|  19|0x0000000081300000, 0x0000000081400000, 0x0000000081400000|100%| O|  |TAMS 0x0000000081400000, 0x0000000081300000| Updating 
|  20|0x0000000081400000, 0x0000000081500000, 0x0000000081500000|100%| O|  |TAMS 0x0000000081500000, 0x0000000081400000| Untracked 
|  21|0x0000000081500000, 0x0000000081600000, 0x0000000081600000|100%| O|  |TAMS 0x0000000081600000, 0x0000000081500000| Untracked 
|  22|0x0000000081600000, 0x0000000081700000, 0x0000000081700000|100%| O|  |TAMS 0x0000000081700000, 0x0000000081600000| Untracked 
|  23|0x0000000081700000, 0x0000000081800000, 0x0000000081800000|100%| O|  |TAMS 0x0000000081800000, 0x0000000081700000| Updating 
|  24|0x0000000081800000, 0x0000000081900000, 0x0000000081900000|100%| O|  |TAMS 0x0000000081900000, 0x0000000081800000| Updating 
|  25|0x0000000081900000, 0x0000000081a00000, 0x0000000081a00000|100%| O|  |TAMS 0x0000000081a00000, 0x0000000081900000| Untracked 
|  26|0x0000000081a00000, 0x0000000081b00000, 0x0000000081b00000|100%| O|  |TAMS 0x0000000081b00000, 0x0000000081a00000| Untracked 
|  27|0x0000000081b00000, 0x0000000081c00000, 0x0000000081c00000|100%| O|  |TAMS 0x0000000081c00000, 0x0000000081b00000| Updating 
|  28|0x0000000081c00000, 0x0000000081d00000, 0x0000000081d00000|100%| O|  |TAMS 0x0000000081d00000, 0x0000000081c00000| Updating 
|  29|0x0000000081d00000, 0x0000000081e00000, 0x0000000081e00000|100%|HS|  |TAMS 0x0000000081e00000, 0x0000000081d00000| Complete 
|  30|0x0000000081e00000, 0x0000000081f00000, 0x0000000081f00000|100%|HC|  |TAMS 0x0000000081f00000, 0x0000000081e00000| Complete 
|  31|0x0000000081f00000, 0x0000000082000000, 0x0000000082000000|100%| O|  |TAMS 0x0000000082000000, 0x0000000081f00000| Untracked 
|  32|0x0000000082000000, 0x0000000082100000, 0x0000000082100000|100%| O|  |TAMS 0x0000000082100000, 0x0000000082000000| Untracked 
|  33|0x0000000082100000, 0x0000000082200000, 0x0000000082200000|100%| O|  |TAMS 0x0000000082200000, 0x0000000082100000| Untracked 
|  34|0x0000000082200000, 0x0000000082300000, 0x0000000082300000|100%| O|  |TAMS 0x0000000082300000, 0x0000000082200000| Untracked 
|  35|0x0000000082300000, 0x0000000082400000, 0x0000000082400000|100%| O|  |TAMS 0x0000000082400000, 0x0000000082300000| Untracked 
|  36|0x0000000082400000, 0x0000000082500000, 0x0000000082500000|100%| O|  |TAMS 0x0000000082500000, 0x0000000082400000| Untracked 
|  37|0x0000000082500000, 0x0000000082600000, 0x0000000082600000|100%| O|  |TAMS 0x0000000082600000, 0x0000000082500000| Updating 
|  38|0x0000000082600000, 0x0000000082700000, 0x0000000082700000|100%|HS|  |TAMS 0x0000000082700000, 0x0000000082600000| Complete 
|  39|0x0000000082700000, 0x0000000082800000, 0x0000000082800000|100%|HC|  |TAMS 0x0000000082800000, 0x0000000082700000| Complete 
|  40|0x0000000082800000, 0x0000000082900000, 0x0000000082900000|100%| O|  |TAMS 0x0000000082900000, 0x0000000082800000| Untracked 
|  41|0x0000000082900000, 0x0000000082a00000, 0x0000000082a00000|100%|HS|  |TAMS 0x0000000082a00000, 0x0000000082900000| Complete 
|  42|0x0000000082a00000, 0x0000000082b00000, 0x0000000082b00000|100%|HC|  |TAMS 0x0000000082b00000, 0x0000000082a00000| Complete 
|  43|0x0000000082b00000, 0x0000000082c00000, 0x0000000082c00000|100%|HC|  |TAMS 0x0000000082c00000, 0x0000000082b00000| Complete 
|  44|0x0000000082c00000, 0x0000000082d00000, 0x0000000082d00000|100%|HC|  |TAMS 0x0000000082d00000, 0x0000000082c00000| Complete 
|  45|0x0000000082d00000, 0x0000000082e00000, 0x0000000082e00000|100%| O|  |TAMS 0x0000000082e00000, 0x0000000082d00000| Untracked 
|  46|0x0000000082e00000, 0x0000000082f00000, 0x0000000082f00000|100%| O|  |TAMS 0x0000000082f00000, 0x0000000082e00000| Untracked 
|  47|0x0000000082f00000, 0x0000000083000000, 0x0000000083000000|100%| O|  |TAMS 0x0000000083000000, 0x0000000082f00000| Untracked 
|  48|0x0000000083000000, 0x0000000083100000, 0x0000000083100000|100%| O|  |TAMS 0x0000000083100000, 0x0000000083000000| Untracked 
|  49|0x0000000083100000, 0x0000000083200000, 0x0000000083200000|100%| O|  |TAMS 0x0000000083200000, 0x0000000083100000| Updating 
|  50|0x0000000083200000, 0x0000000083300000, 0x0000000083300000|100%|HS|  |TAMS 0x0000000083300000, 0x0000000083200000| Complete 
|  51|0x0000000083300000, 0x0000000083400000, 0x0000000083400000|100%|HC|  |TAMS 0x0000000083400000, 0x0000000083300000| Complete 
|  52|0x0000000083400000, 0x0000000083500000, 0x0000000083500000|100%|HC|  |TAMS 0x0000000083500000, 0x0000000083400000| Complete 
|  53|0x0000000083500000, 0x0000000083600000, 0x0000000083600000|100%|HC|  |TAMS 0x0000000083600000, 0x0000000083500000| Complete 
|  54|0x0000000083600000, 0x0000000083700000, 0x0000000083700000|100%| O|  |TAMS 0x0000000083700000, 0x0000000083600000| Untracked 
|  55|0x0000000083700000, 0x0000000083800000, 0x0000000083800000|100%| O|  |TAMS 0x0000000083800000, 0x0000000083700000| Untracked 
|  56|0x0000000083800000, 0x0000000083900000, 0x0000000083900000|100%| O|  |TAMS 0x0000000083900000, 0x0000000083800000| Untracked 
|  57|0x0000000083900000, 0x0000000083a00000, 0x0000000083a00000|100%| O|  |TAMS 0x0000000083a00000, 0x0000000083900000| Untracked 
|  58|0x0000000083a00000, 0x0000000083b00000, 0x0000000083b00000|100%| O|  |TAMS 0x0000000083b00000, 0x0000000083a00000| Untracked 
|  59|0x0000000083b00000, 0x0000000083c00000, 0x0000000083c00000|100%| O|  |TAMS 0x0000000083c00000, 0x0000000083b00000| Untracked 
|  60|0x0000000083c00000, 0x0000000083d00000, 0x0000000083d00000|100%| O|  |TAMS 0x0000000083d00000, 0x0000000083c00000| Updating 
|  61|0x0000000083d00000, 0x0000000083e00000, 0x0000000083e00000|100%| O|  |TAMS 0x0000000083e00000, 0x0000000083d00000| Updating 
|  62|0x0000000083e00000, 0x0000000083f00000, 0x0000000083f00000|100%| O|  |TAMS 0x0000000083f00000, 0x0000000083e00000| Untracked 
|  63|0x0000000083f00000, 0x0000000084000000, 0x0000000084000000|100%| O|  |TAMS 0x0000000084000000, 0x0000000083f00000| Updating 
|  64|0x0000000084000000, 0x0000000084100000, 0x0000000084100000|100%|HS|  |TAMS 0x0000000084100000, 0x0000000084000000| Complete 
|  65|0x0000000084100000, 0x0000000084200000, 0x0000000084200000|100%|HS|  |TAMS 0x0000000084200000, 0x0000000084100000| Complete 
|  66|0x0000000084200000, 0x0000000084300000, 0x0000000084300000|100%|HS|  |TAMS 0x0000000084300000, 0x0000000084200000| Complete 
|  67|0x0000000084300000, 0x0000000084400000, 0x0000000084400000|100%| O|  |TAMS 0x0000000084400000, 0x0000000084300000| Updating 
|  68|0x0000000084400000, 0x0000000084500000, 0x0000000084500000|100%| O|  |TAMS 0x0000000084500000, 0x0000000084400000| Untracked 
|  69|0x0000000084500000, 0x0000000084600000, 0x0000000084600000|100%| O|  |TAMS 0x0000000084600000, 0x0000000084500000| Untracked 
|  70|0x0000000084600000, 0x0000000084700000, 0x0000000084700000|100%| O|  |TAMS 0x0000000084700000, 0x0000000084600000| Updating 
|  71|0x0000000084700000, 0x0000000084800000, 0x0000000084800000|100%|HS|  |TAMS 0x0000000084800000, 0x0000000084700000| Complete 
|  72|0x0000000084800000, 0x0000000084900000, 0x0000000084900000|100%| O|  |TAMS 0x0000000084900000, 0x0000000084800000| Updating 
|  73|0x0000000084900000, 0x0000000084a00000, 0x0000000084a00000|100%| O|  |TAMS 0x0000000084a00000, 0x0000000084900000| Untracked 
|  74|0x0000000084a00000, 0x0000000084b00000, 0x0000000084b00000|100%| O|  |TAMS 0x0000000084b00000, 0x0000000084a00000| Untracked 
|  75|0x0000000084b00000, 0x0000000084c00000, 0x0000000084c00000|100%| O|  |TAMS 0x0000000084c00000, 0x0000000084b00000| Updating 
|  76|0x0000000084c00000, 0x0000000084d00000, 0x0000000084d00000|100%| O|  |TAMS 0x0000000084d00000, 0x0000000084c00000| Untracked 
|  77|0x0000000084d00000, 0x0000000084e00000, 0x0000000084e00000|100%| O|  |TAMS 0x0000000084e00000, 0x0000000084d00000| Untracked 
|  78|0x0000000084e00000, 0x0000000084f00000, 0x0000000084f00000|100%| O|  |TAMS 0x0000000084f00000, 0x0000000084e00000| Updating 
|  79|0x0000000084f00000, 0x0000000085000000, 0x0000000085000000|100%| O|  |TAMS 0x0000000085000000, 0x0000000084f00000| Untracked 
|  80|0x0000000085000000, 0x0000000085100000, 0x0000000085100000|100%| O|  |TAMS 0x0000000085100000, 0x0000000085000000| Untracked 
|  81|0x0000000085100000, 0x0000000085200000, 0x0000000085200000|100%| O|  |TAMS 0x0000000085200000, 0x0000000085100000| Untracked 
|  82|0x0000000085200000, 0x0000000085300000, 0x0000000085300000|100%| O|  |TAMS 0x0000000085300000, 0x0000000085200000| Untracked 
|  83|0x0000000085300000, 0x0000000085400000, 0x0000000085400000|100%| O|  |TAMS 0x0000000085400000, 0x0000000085300000| Untracked 
|  84|0x0000000085400000, 0x0000000085500000, 0x0000000085500000|100%| O|  |TAMS 0x0000000085500000, 0x0000000085400000| Untracked 
|  85|0x0000000085500000, 0x0000000085600000, 0x0000000085600000|100%| O|  |TAMS 0x0000000085600000, 0x0000000085500000| Untracked 
|  86|0x0000000085600000, 0x0000000085700000, 0x0000000085700000|100%| O|  |TAMS 0x0000000085700000, 0x0000000085600000| Untracked 
|  87|0x0000000085700000, 0x0000000085800000, 0x0000000085800000|100%| O|  |TAMS 0x0000000085800000, 0x0000000085700000| Untracked 
|  88|0x0000000085800000, 0x0000000085900000, 0x0000000085900000|100%| O|  |TAMS 0x0000000085900000, 0x0000000085800000| Untracked 
|  89|0x0000000085900000, 0x0000000085a00000, 0x0000000085a00000|100%| O|  |TAMS 0x0000000085a00000, 0x0000000085900000| Updating 
|  90|0x0000000085a00000, 0x0000000085b00000, 0x0000000085b00000|100%| O|  |TAMS 0x0000000085b00000, 0x0000000085a00000| Untracked 
|  91|0x0000000085b00000, 0x0000000085c00000, 0x0000000085c00000|100%| O|  |TAMS 0x0000000085c00000, 0x0000000085b00000| Untracked 
|  92|0x0000000085c00000, 0x0000000085d00000, 0x0000000085d00000|100%| O|  |TAMS 0x0000000085d00000, 0x0000000085c00000| Updating 
|  93|0x0000000085d00000, 0x0000000085e00000, 0x0000000085e00000|100%| O|  |TAMS 0x0000000085e00000, 0x0000000085d00000| Untracked 
|  94|0x0000000085e00000, 0x0000000085f00000, 0x0000000085f00000|100%| O|  |TAMS 0x0000000085f00000, 0x0000000085e00000| Untracked 
|  95|0x0000000085f00000, 0x0000000086000000, 0x0000000086000000|100%| O|  |TAMS 0x0000000086000000, 0x0000000085f00000| Untracked 
|  96|0x0000000086000000, 0x0000000086100000, 0x0000000086100000|100%| O|  |TAMS 0x0000000086100000, 0x0000000086000000| Untracked 
|  97|0x0000000086100000, 0x0000000086200000, 0x0000000086200000|100%| O|  |TAMS 0x0000000086200000, 0x0000000086100000| Untracked 
|  98|0x0000000086200000, 0x0000000086300000, 0x0000000086300000|100%| O|  |TAMS 0x0000000086300000, 0x0000000086200000| Untracked 
|  99|0x0000000086300000, 0x0000000086400000, 0x0000000086400000|100%| O|  |TAMS 0x0000000086400000, 0x0000000086300000| Untracked 
| 100|0x0000000086400000, 0x0000000086500000, 0x0000000086500000|100%| O|  |TAMS 0x0000000086500000, 0x0000000086400000| Untracked 
| 101|0x0000000086500000, 0x0000000086600000, 0x0000000086600000|100%| O|  |TAMS 0x0000000086600000, 0x0000000086500000| Untracked 
| 102|0x0000000086600000, 0x0000000086700000, 0x0000000086700000|100%| O|  |TAMS 0x0000000086700000, 0x0000000086600000| Updating 
| 103|0x0000000086700000, 0x0000000086800000, 0x0000000086800000|100%|HS|  |TAMS 0x0000000086800000, 0x0000000086700000| Complete 
| 104|0x0000000086800000, 0x0000000086900000, 0x0000000086900000|100%| O|  |TAMS 0x0000000086900000, 0x0000000086800000| Untracked 
| 105|0x0000000086900000, 0x0000000086a00000, 0x0000000086a00000|100%| O|  |TAMS 0x0000000086a00000, 0x0000000086900000| Untracked 
| 106|0x0000000086a00000, 0x0000000086b00000, 0x0000000086b00000|100%| O|  |TAMS 0x0000000086b00000, 0x0000000086a00000| Untracked 
| 107|0x0000000086b00000, 0x0000000086c00000, 0x0000000086c00000|100%| O|  |TAMS 0x0000000086c00000, 0x0000000086b00000| Untracked 
| 108|0x0000000086c00000, 0x0000000086d00000, 0x0000000086d00000|100%| O|  |TAMS 0x0000000086d00000, 0x0000000086c00000| Untracked 
| 109|0x0000000086d00000, 0x0000000086e00000, 0x0000000086e00000|100%| O|  |TAMS 0x0000000086e00000, 0x0000000086d00000| Untracked 
| 110|0x0000000086e00000, 0x0000000086f00000, 0x0000000086f00000|100%|HS|  |TAMS 0x0000000086f00000, 0x0000000086e00000| Complete 
| 111|0x0000000086f00000, 0x0000000087000000, 0x0000000087000000|100%| O|  |TAMS 0x0000000087000000, 0x0000000086f00000| Updating 
| 112|0x0000000087000000, 0x0000000087100000, 0x0000000087100000|100%|HS|  |TAMS 0x0000000087100000, 0x0000000087000000| Complete 
| 113|0x0000000087100000, 0x0000000087200000, 0x0000000087200000|100%|HS|  |TAMS 0x0000000087200000, 0x0000000087100000| Complete 
| 114|0x0000000087200000, 0x0000000087300000, 0x0000000087300000|100%|HC|  |TAMS 0x0000000087300000, 0x0000000087200000| Complete 
| 115|0x0000000087300000, 0x0000000087400000, 0x0000000087400000|100%| O|  |TAMS 0x0000000087400000, 0x0000000087300000| Untracked 
| 116|0x0000000087400000, 0x0000000087500000, 0x0000000087500000|100%| O|  |TAMS 0x0000000087500000, 0x0000000087400000| Untracked 
| 117|0x0000000087500000, 0x0000000087600000, 0x0000000087600000|100%| O|  |TAMS 0x0000000087600000, 0x0000000087500000| Untracked 
| 118|0x0000000087600000, 0x0000000087700000, 0x0000000087700000|100%| O|  |TAMS 0x0000000087700000, 0x0000000087600000| Untracked 
| 119|0x0000000087700000, 0x0000000087800000, 0x0000000087800000|100%| O|  |TAMS 0x0000000087800000, 0x0000000087700000| Untracked 
| 120|0x0000000087800000, 0x0000000087900000, 0x0000000087900000|100%| O|  |TAMS 0x0000000087900000, 0x0000000087800000| Untracked 
| 121|0x0000000087900000, 0x0000000087a00000, 0x0000000087a00000|100%| O|  |TAMS 0x0000000087a00000, 0x0000000087900000| Untracked 
| 122|0x0000000087a00000, 0x0000000087b00000, 0x0000000087b00000|100%| O|  |TAMS 0x0000000087b00000, 0x0000000087a00000| Untracked 
| 123|0x0000000087b00000, 0x0000000087c00000, 0x0000000087c00000|100%|HS|  |TAMS 0x0000000087c00000, 0x0000000087b00000| Complete 
| 124|0x0000000087c00000, 0x0000000087d00000, 0x0000000087d00000|100%|HS|  |TAMS 0x0000000087d00000, 0x0000000087c00000| Complete 
| 125|0x0000000087d00000, 0x0000000087e00000, 0x0000000087e00000|100%| O|  |TAMS 0x0000000087e00000, 0x0000000087d00000| Untracked 
| 126|0x0000000087e00000, 0x0000000087f00000, 0x0000000087f00000|100%| O|  |TAMS 0x0000000087f00000, 0x0000000087e00000| Updating 
| 127|0x0000000087f00000, 0x0000000088000000, 0x0000000088000000|100%| O|  |TAMS 0x0000000088000000, 0x0000000087f00000| Untracked 
| 128|0x0000000088000000, 0x0000000088100000, 0x0000000088100000|100%| O|  |TAMS 0x0000000088100000, 0x0000000088000000| Untracked 
| 129|0x0000000088100000, 0x0000000088200000, 0x0000000088200000|100%| O|  |TAMS 0x0000000088200000, 0x0000000088100000| Updating 
| 130|0x0000000088200000, 0x0000000088300000, 0x0000000088300000|100%| O|  |TAMS 0x0000000088300000, 0x0000000088200000| Untracked 
| 131|0x0000000088300000, 0x0000000088400000, 0x0000000088400000|100%| O|  |TAMS 0x0000000088400000, 0x0000000088300000| Untracked 
| 132|0x0000000088400000, 0x0000000088500000, 0x0000000088500000|100%| O|  |TAMS 0x0000000088500000, 0x0000000088400000| Untracked 
| 133|0x0000000088500000, 0x0000000088600000, 0x0000000088600000|100%| O|  |TAMS 0x0000000088600000, 0x0000000088500000| Updating 
| 134|0x0000000088600000, 0x0000000088700000, 0x0000000088700000|100%| O|  |TAMS 0x0000000088700000, 0x0000000088600000| Untracked 
| 135|0x0000000088700000, 0x0000000088800000, 0x0000000088800000|100%| O|  |TAMS 0x0000000088800000, 0x0000000088700000| Untracked 
| 136|0x0000000088800000, 0x0000000088900000, 0x0000000088900000|100%| O|  |TAMS 0x0000000088900000, 0x0000000088800000| Updating 
| 137|0x0000000088900000, 0x0000000088a00000, 0x0000000088a00000|100%| O|  |TAMS 0x0000000088a00000, 0x0000000088900000| Updating 
| 138|0x0000000088a00000, 0x0000000088b00000, 0x0000000088b00000|100%| O|  |TAMS 0x0000000088b00000, 0x0000000088a00000| Untracked 
| 139|0x0000000088b00000, 0x0000000088c00000, 0x0000000088c00000|100%| O|  |TAMS 0x0000000088c00000, 0x0000000088b00000| Untracked 
| 140|0x0000000088c00000, 0x0000000088d00000, 0x0000000088d00000|100%| O|  |TAMS 0x0000000088d00000, 0x0000000088c00000| Updating 
| 141|0x0000000088d00000, 0x0000000088e00000, 0x0000000088e00000|100%| O|  |TAMS 0x0000000088e00000, 0x0000000088d00000| Untracked 
| 142|0x0000000088e00000, 0x0000000088f00000, 0x0000000088f00000|100%| O|  |TAMS 0x0000000088f00000, 0x0000000088e00000| Untracked 
| 143|0x0000000088f00000, 0x0000000089000000, 0x0000000089000000|100%| O|  |TAMS 0x0000000089000000, 0x0000000088f00000| Updating 
| 144|0x0000000089000000, 0x0000000089100000, 0x0000000089100000|100%| O|  |TAMS 0x0000000089100000, 0x0000000089000000| Untracked 
| 145|0x0000000089100000, 0x0000000089200000, 0x0000000089200000|100%| O|  |TAMS 0x0000000089200000, 0x0000000089100000| Untracked 
| 146|0x0000000089200000, 0x0000000089300000, 0x0000000089300000|100%| O|  |TAMS 0x0000000089300000, 0x0000000089200000| Updating 
| 147|0x0000000089300000, 0x0000000089400000, 0x0000000089400000|100%| O|  |TAMS 0x0000000089400000, 0x0000000089300000| Untracked 
| 148|0x0000000089400000, 0x0000000089500000, 0x0000000089500000|100%| O|  |TAMS 0x0000000089500000, 0x0000000089400000| Untracked 
| 149|0x0000000089500000, 0x0000000089600000, 0x0000000089600000|100%| O|  |TAMS 0x0000000089600000, 0x0000000089500000| Untracked 
| 150|0x0000000089600000, 0x0000000089700000, 0x0000000089700000|100%| O|  |TAMS 0x0000000089700000, 0x0000000089600000| Untracked 
| 151|0x0000000089700000, 0x0000000089800000, 0x0000000089800000|100%| O|  |TAMS 0x0000000089800000, 0x0000000089700000| Untracked 
| 152|0x0000000089800000, 0x0000000089900000, 0x0000000089900000|100%| O|  |TAMS 0x0000000089900000, 0x0000000089800000| Untracked 
| 153|0x0000000089900000, 0x0000000089a00000, 0x0000000089a00000|100%| O|  |TAMS 0x0000000089a00000, 0x0000000089900000| Untracked 
| 154|0x0000000089a00000, 0x0000000089b00000, 0x0000000089b00000|100%| O|  |TAMS 0x0000000089b00000, 0x0000000089a00000| Untracked 
| 155|0x0000000089b00000, 0x0000000089c00000, 0x0000000089c00000|100%| O|  |TAMS 0x0000000089c00000, 0x0000000089b00000| Untracked 
| 156|0x0000000089c00000, 0x0000000089d00000, 0x0000000089d00000|100%| O|  |TAMS 0x0000000089d00000, 0x0000000089c00000| Untracked 
| 157|0x0000000089d00000, 0x0000000089e00000, 0x0000000089e00000|100%| O|  |TAMS 0x0000000089e00000, 0x0000000089d00000| Untracked 
| 158|0x0000000089e00000, 0x0000000089f00000, 0x0000000089f00000|100%| O|  |TAMS 0x0000000089f00000, 0x0000000089e00000| Untracked 
| 159|0x0000000089f00000, 0x000000008a000000, 0x000000008a000000|100%| O|  |TAMS 0x000000008a000000, 0x0000000089f00000| Untracked 
| 160|0x000000008a000000, 0x000000008a100000, 0x000000008a100000|100%| O|  |TAMS 0x000000008a100000, 0x000000008a000000| Untracked 
| 161|0x000000008a100000, 0x000000008a200000, 0x000000008a200000|100%| O|  |TAMS 0x000000008a200000, 0x000000008a100000| Updating 
| 162|0x000000008a200000, 0x000000008a300000, 0x000000008a300000|100%|HS|  |TAMS 0x000000008a300000, 0x000000008a200000| Complete 
| 163|0x000000008a300000, 0x000000008a400000, 0x000000008a400000|100%| O|  |TAMS 0x000000008a400000, 0x000000008a300000| Untracked 
| 164|0x000000008a400000, 0x000000008a500000, 0x000000008a500000|100%| O|  |TAMS 0x000000008a500000, 0x000000008a400000| Untracked 
| 165|0x000000008a500000, 0x000000008a600000, 0x000000008a600000|100%| O|  |TAMS 0x000000008a600000, 0x000000008a500000| Untracked 
| 166|0x000000008a600000, 0x000000008a700000, 0x000000008a700000|100%| O|  |TAMS 0x000000008a700000, 0x000000008a600000| Untracked 
| 167|0x000000008a700000, 0x000000008a800000, 0x000000008a800000|100%| O|  |TAMS 0x000000008a800000, 0x000000008a700000| Untracked 
| 168|0x000000008a800000, 0x000000008a900000, 0x000000008a900000|100%| O|  |TAMS 0x000000008a900000, 0x000000008a800000| Updating 
| 169|0x000000008a900000, 0x000000008aa00000, 0x000000008aa00000|100%| O|  |TAMS 0x000000008aa00000, 0x000000008a900000| Untracked 
| 170|0x000000008aa00000, 0x000000008ab00000, 0x000000008ab00000|100%| O|  |TAMS 0x000000008ab00000, 0x000000008aa00000| Untracked 
| 171|0x000000008ab00000, 0x000000008ac00000, 0x000000008ac00000|100%| O|  |TAMS 0x000000008ac00000, 0x000000008ab00000| Untracked 
| 172|0x000000008ac00000, 0x000000008ad00000, 0x000000008ad00000|100%| O|  |TAMS 0x000000008ad00000, 0x000000008ac00000| Untracked 
| 173|0x000000008ad00000, 0x000000008ae00000, 0x000000008ae00000|100%| O|  |TAMS 0x000000008ae00000, 0x000000008ad00000| Untracked 
| 174|0x000000008ae00000, 0x000000008af00000, 0x000000008af00000|100%| O|  |TAMS 0x000000008af00000, 0x000000008ae00000| Untracked 
| 175|0x000000008af00000, 0x000000008b000000, 0x000000008b000000|100%| O|  |TAMS 0x000000008b000000, 0x000000008af00000| Updating 
| 176|0x000000008b000000, 0x000000008b100000, 0x000000008b100000|100%|HS|  |TAMS 0x000000008b100000, 0x000000008b000000| Complete 
| 177|0x000000008b100000, 0x000000008b200000, 0x000000008b200000|100%|HS|  |TAMS 0x000000008b200000, 0x000000008b100000| Complete 
| 178|0x000000008b200000, 0x000000008b300000, 0x000000008b300000|100%| O|  |TAMS 0x000000008b300000, 0x000000008b200000| Updating 
| 179|0x000000008b300000, 0x000000008b400000, 0x000000008b400000|100%| O|  |TAMS 0x000000008b400000, 0x000000008b300000| Untracked 
| 180|0x000000008b400000, 0x000000008b500000, 0x000000008b500000|100%| O|  |TAMS 0x000000008b500000, 0x000000008b400000| Updating 
| 181|0x000000008b500000, 0x000000008b600000, 0x000000008b600000|100%| O|  |TAMS 0x000000008b600000, 0x000000008b500000| Untracked 
| 182|0x000000008b600000, 0x000000008b700000, 0x000000008b700000|100%| O|  |TAMS 0x000000008b700000, 0x000000008b600000| Untracked 
| 183|0x000000008b700000, 0x000000008b800000, 0x000000008b800000|100%| O|  |TAMS 0x000000008b800000, 0x000000008b700000| Updating 
| 184|0x000000008b800000, 0x000000008b900000, 0x000000008b900000|100%| O|  |TAMS 0x000000008b900000, 0x000000008b800000| Updating 
| 185|0x000000008b900000, 0x000000008ba00000, 0x000000008ba00000|100%| O|  |TAMS 0x000000008ba00000, 0x000000008b900000| Untracked 
| 186|0x000000008ba00000, 0x000000008bb00000, 0x000000008bb00000|100%| O|  |TAMS 0x000000008bb00000, 0x000000008ba00000| Untracked 
| 187|0x000000008bb00000, 0x000000008bc00000, 0x000000008bc00000|100%| O|  |TAMS 0x000000008bc00000, 0x000000008bb00000| Updating 
| 188|0x000000008bc00000, 0x000000008bd00000, 0x000000008bd00000|100%| O|  |TAMS 0x000000008bd00000, 0x000000008bc00000| Updating 
| 189|0x000000008bd00000, 0x000000008be00000, 0x000000008be00000|100%| O|  |TAMS 0x000000008be00000, 0x000000008bd00000| Updating 
| 190|0x000000008be00000, 0x000000008bf00000, 0x000000008bf00000|100%| O|  |TAMS 0x000000008bf00000, 0x000000008be00000| Untracked 
| 191|0x000000008bf00000, 0x000000008c000000, 0x000000008c000000|100%| O|  |TAMS 0x000000008c000000, 0x000000008bf00000| Updating 
| 192|0x000000008c000000, 0x000000008c100000, 0x000000008c100000|100%| O|  |TAMS 0x000000008c100000, 0x000000008c000000| Untracked 
| 193|0x000000008c100000, 0x000000008c200000, 0x000000008c200000|100%| O|  |TAMS 0x000000008c200000, 0x000000008c100000| Untracked 
| 194|0x000000008c200000, 0x000000008c300000, 0x000000008c300000|100%| O|  |TAMS 0x000000008c300000, 0x000000008c200000| Updating 
| 195|0x000000008c300000, 0x000000008c400000, 0x000000008c400000|100%| O|  |TAMS 0x000000008c400000, 0x000000008c300000| Untracked 
| 196|0x000000008c400000, 0x000000008c500000, 0x000000008c500000|100%| O|  |TAMS 0x000000008c500000, 0x000000008c400000| Untracked 
| 197|0x000000008c500000, 0x000000008c600000, 0x000000008c600000|100%| O|  |TAMS 0x000000008c600000, 0x000000008c500000| Updating 
| 198|0x000000008c600000, 0x000000008c700000, 0x000000008c700000|100%| O|  |TAMS 0x000000008c700000, 0x000000008c600000| Untracked 
| 199|0x000000008c700000, 0x000000008c800000, 0x000000008c800000|100%| O|  |TAMS 0x000000008c800000, 0x000000008c700000| Untracked 
| 200|0x000000008c800000, 0x000000008c900000, 0x000000008c900000|100%| O|  |TAMS 0x000000008c900000, 0x000000008c800000| Updating 
| 201|0x000000008c900000, 0x000000008ca00000, 0x000000008ca00000|100%| O|  |TAMS 0x000000008ca00000, 0x000000008c900000| Updating 
| 202|0x000000008ca00000, 0x000000008cb00000, 0x000000008cb00000|100%| O|  |TAMS 0x000000008cb00000, 0x000000008ca00000| Untracked 
| 203|0x000000008cb00000, 0x000000008cc00000, 0x000000008cc00000|100%| O|  |TAMS 0x000000008cc00000, 0x000000008cb00000| Untracked 
| 204|0x000000008cc00000, 0x000000008cd00000, 0x000000008cd00000|100%| O|  |TAMS 0x000000008cd00000, 0x000000008cc00000| Untracked 
| 205|0x000000008cd00000, 0x000000008cd07000, 0x000000008ce00000|  2%| O|  |TAMS 0x000000008cd07000, 0x000000008cd00000| Updating 
| 206|0x000000008ce00000, 0x000000008ce00000, 0x000000008cf00000|  0%| F|  |TAMS 0x000000008ce00000, 0x000000008ce00000| Untracked 
| 207|0x000000008cf00000, 0x000000008cf00000, 0x000000008d000000|  0%| F|  |TAMS 0x000000008cf00000, 0x000000008cf00000| Untracked 
| 208|0x000000008d000000, 0x000000008d000000, 0x000000008d100000|  0%| F|  |TAMS 0x000000008d000000, 0x000000008d000000| Untracked 
| 209|0x000000008d100000, 0x000000008d100000, 0x000000008d200000|  0%| F|  |TAMS 0x000000008d100000, 0x000000008d100000| Untracked 
| 210|0x000000008d200000, 0x000000008d200000, 0x000000008d300000|  0%| F|  |TAMS 0x000000008d200000, 0x000000008d200000| Untracked 
| 211|0x000000008d300000, 0x000000008d300000, 0x000000008d400000|  0%| F|  |TAMS 0x000000008d300000, 0x000000008d300000| Untracked 
| 212|0x000000008d400000, 0x000000008d400000, 0x000000008d500000|  0%| F|  |TAMS 0x000000008d400000, 0x000000008d400000| Untracked 
| 213|0x000000008d500000, 0x000000008d500000, 0x000000008d600000|  0%| F|  |TAMS 0x000000008d500000, 0x000000008d500000| Untracked 
| 214|0x000000008d600000, 0x000000008d600000, 0x000000008d700000|  0%| F|  |TAMS 0x000000008d600000, 0x000000008d600000| Untracked 
| 215|0x000000008d700000, 0x000000008d700000, 0x000000008d800000|  0%| F|  |TAMS 0x000000008d700000, 0x000000008d700000| Untracked 
| 216|0x000000008d800000, 0x000000008d800000, 0x000000008d900000|  0%| F|  |TAMS 0x000000008d800000, 0x000000008d800000| Untracked 
| 217|0x000000008d900000, 0x000000008d900000, 0x000000008da00000|  0%| F|  |TAMS 0x000000008d900000, 0x000000008d900000| Untracked 
| 218|0x000000008da00000, 0x000000008da00000, 0x000000008db00000|  0%| F|  |TAMS 0x000000008da00000, 0x000000008da00000| Untracked 
| 219|0x000000008db00000, 0x000000008db00000, 0x000000008dc00000|  0%| F|  |TAMS 0x000000008db00000, 0x000000008db00000| Untracked 
| 220|0x000000008dc00000, 0x000000008dc00000, 0x000000008dd00000|  0%| F|  |TAMS 0x000000008dc00000, 0x000000008dc00000| Untracked 
| 221|0x000000008dd00000, 0x000000008ddd1430, 0x000000008de00000| 81%| S|CS|TAMS 0x000000008dd00000, 0x000000008dd00000| Complete 
| 222|0x000000008de00000, 0x000000008de00000, 0x000000008df00000|  0%| F|  |TAMS 0x000000008de00000, 0x000000008de00000| Untracked 
| 223|0x000000008df00000, 0x000000008e000000, 0x000000008e000000|100%| S|CS|TAMS 0x000000008df00000, 0x000000008df00000| Complete 
| 224|0x000000008e000000, 0x000000008e000000, 0x000000008e100000|  0%| F|  |TAMS 0x000000008e000000, 0x000000008e000000| Untracked 
| 225|0x000000008e100000, 0x000000008e100000, 0x000000008e200000|  0%| F|  |TAMS 0x000000008e100000, 0x000000008e100000| Untracked 
| 226|0x000000008e200000, 0x000000008e2b7348, 0x000000008e300000| 71%| E|  |TAMS 0x000000008e200000, 0x000000008e200000| Complete 
| 227|0x000000008e300000, 0x000000008e400000, 0x000000008e400000|100%| E|CS|TAMS 0x000000008e300000, 0x000000008e300000| Complete 
| 228|0x000000008e400000, 0x000000008e500000, 0x000000008e500000|100%| E|CS|TAMS 0x000000008e400000, 0x000000008e400000| Complete 
| 229|0x000000008e500000, 0x000000008e600000, 0x000000008e600000|100%| E|CS|TAMS 0x000000008e500000, 0x000000008e500000| Complete 
| 230|0x000000008e600000, 0x000000008e700000, 0x000000008e700000|100%| E|CS|TAMS 0x000000008e600000, 0x000000008e600000| Complete 
| 231|0x000000008e700000, 0x000000008e800000, 0x000000008e800000|100%| E|CS|TAMS 0x000000008e700000, 0x000000008e700000| Complete 
| 232|0x000000008e800000, 0x000000008e900000, 0x000000008e900000|100%| E|CS|TAMS 0x000000008e800000, 0x000000008e800000| Complete 
| 233|0x000000008e900000, 0x000000008ea00000, 0x000000008ea00000|100%| E|CS|TAMS 0x000000008e900000, 0x000000008e900000| Complete 

Card table byte_map: [0x0000024f9aa50000,0x0000024f9ae50000] _byte_map_base: 0x0000024f9a650000

Marking Bits (Prev, Next): (CMBitMap*) 0x0000024f8388f230, (CMBitMap*) 0x0000024f8388f1f0
 Prev Bits: [0x0000024f9d250000, 0x0000024f9f250000)
 Next Bits: [0x0000024f9b250000, 0x0000024f9d250000)

Polling page: 0x0000024f81970000

Metaspace:

Usage:
  Non-class:     88.58 MB used.
      Class:     14.35 MB used.
       Both:    102.93 MB used.

Virtual space:
  Non-class space:      128.00 MB reserved,      89.31 MB ( 70%) committed,  2 nodes.
      Class space:      416.00 MB reserved,      14.94 MB (  4%) committed,  1 nodes.
             Both:      544.00 MB reserved,     104.25 MB ( 19%) committed. 

Chunk freelists:
   Non-Class:  6.50 MB
       Class:  1.06 MB
        Both:  7.56 MB

MaxMetaspaceSize: 512.00 MB
CompressedClassSpaceSize: 416.00 MB
Initial GC threshold: 21.00 MB
Current GC threshold: 152.31 MB
CDS: on
MetaspaceReclaimPolicy: balanced
 - commit_granule_bytes: 65536.
 - commit_granule_words: 8192.
 - virtual_space_node_default_size: 8388608.
 - enlarge_chunks_in_place: 1.
 - new_chunks_are_fully_committed: 0.
 - uncommit_free_chunks: 1.
 - use_allocation_guard: 0.
 - handle_deallocations: 1.


Internal statistics:

num_allocs_failed_limit: 6.
num_arena_births: 1622.
num_arena_deaths: 0.
num_vsnodes_births: 3.
num_vsnodes_deaths: 0.
num_space_committed: 1668.
num_space_uncommitted: 0.
num_chunks_returned_to_freelist: 6.
num_chunks_taken_from_freelist: 6443.
num_chunk_merges: 6.
num_chunk_splits: 4082.
num_chunks_enlarged: 2510.
num_inconsistent_stats: 0.

CodeHeap 'non-profiled nmethods': size=120000Kb used=8212Kb max_used=8212Kb free=111787Kb
 bounds [0x0000024f92df0000, 0x0000024f93600000, 0x0000024f9a320000]
CodeHeap 'profiled nmethods': size=120000Kb used=26107Kb max_used=26743Kb free=93892Kb
 bounds [0x0000024f8b320000, 0x0000024f8cd40000, 0x0000024f92850000]
CodeHeap 'non-nmethods': size=5760Kb used=2428Kb max_used=2485Kb free=3331Kb
 bounds [0x0000024f92850000, 0x0000024f92ad0000, 0x0000024f92df0000]
 total_blobs=14088 nmethods=13135 adapters=865
 compilation: enabled
              stopped_count=0, restarted_count=0
 full_count=0

Compilation events (20 events):
Event: 97.297 Thread 0x0000024fa1658840 15472       2       org.gradle.internal.component.external.model.AbstractConfigurationMetadata::artifact (6 bytes)
Event: 97.298 Thread 0x0000024fa1658840 nmethod 15472 0x0000024f8cb56390 code [0x0000024f8cb56540, 0x0000024f8cb566e8]
Event: 97.298 Thread 0x0000024fa1658840 15473       2       org.gradle.internal.component.model.DefaultComponentGraphResolveState$DefaultConfigurationArtifactResolveState::resolveArtifact (11 bytes)
Event: 97.298 Thread 0x0000024fa1658840 nmethod 15473 0x0000024f8cb56010 code [0x0000024f8cb561a0, 0x0000024f8cb562c8]
Event: 97.298 Thread 0x0000024fa1658840 15474       2       org.gradle.internal.component.model.DefaultComponentGraphResolveState::getResolveMetadata (15 bytes)
Event: 97.298 Thread 0x0000024fa1658840 nmethod 15474 0x0000024f8cb55b90 code [0x0000024f8cb55d20, 0x0000024f8cb55f38]
Event: 97.298 Thread 0x0000024fa1658840 15475       2       org.gradle.internal.resolve.resolver.DefaultArtifactSelector::resolveArtifacts (37 bytes)
Event: 97.299 Thread 0x0000024fa1658840 nmethod 15475 0x0000024f8cb55610 code [0x0000024f8cb557e0, 0x0000024f8cb559f8]
Event: 97.300 Thread 0x0000024fa1658840 15476       2       org.gradle.internal.component.model.DefaultComponentGraphResolveState$ExternalArtifactResolveMetadata::getAttributes (10 bytes)
Event: 97.300 Thread 0x0000024fa1658840 nmethod 15476 0x0000024f8cb55210 code [0x0000024f8cb553a0, 0x0000024f8cb554c8]
Event: 97.300 Thread 0x0000024fa1658840 15477       2       org.gradle.api.internal.artifacts.ivyservice.resolveengine.artifact.ArtifactSetFactory$SingleArtifactVariantIdentifier::<init> (10 bytes)
Event: 97.300 Thread 0x0000024fa1658840 nmethod 15477 0x0000024f8b6d4310 code [0x0000024f8b6d44a0, 0x0000024f8b6d45f8]
Event: 97.300 Thread 0x0000024fa1658840 15478       2       org.gradle.api.internal.artifacts.ivyservice.resolveengine.artifact.ArtifactSetFactory$$Lambda$2083/0x0000024fa3ee4448::<init> (10 bytes)
Event: 97.300 Thread 0x0000024fa1658840 nmethod 15478 0x0000024f8b6d3f90 code [0x0000024f8b6d4120, 0x0000024f8b6d4278]
Event: 97.303 Thread 0x0000024fa1658840 15479       2       org.gradle.api.internal.artifacts.DefaultResolverResults::<init> (38 bytes)
Event: 97.303 Thread 0x0000024fa1658840 nmethod 15479 0x0000024f8b6d3a10 code [0x0000024f8b6d3bc0, 0x0000024f8b6d3ef8]
Event: 97.336 Thread 0x0000024fa1652570 nmethod 15439 0x0000024f935f2c10 code [0x0000024f935f2e00, 0x0000024f935f4978]
Event: 97.336 Thread 0x0000024fa1652570 15452       4       org.gradle.api.internal.attributes.DefaultImmutableAttributesFactory::concat (126 bytes)
Event: 97.363 Thread 0x0000024fa1658840 15482       3       com.android.build.gradle.internal.dependency.ConstraintHandler$alignWith$1$1$1::execute (9 bytes)
Event: 97.363 Thread 0x0000024fa1658840 nmethod 15482 0x0000024f8b6d3510 code [0x0000024f8b6d36c0, 0x0000024f8b6d3908]

GC Heap History (20 events):
Event: 92.553 GC heap before
{Heap before GC invocations=73 (full 0):
 garbage-first heap   total 239616K, used 208646K [0x0000000080000000, 0x0000000100000000)
  region size 1024K, 13 young (13312K), 1 survivors (1024K)
 Metaspace       used 103675K, committed 105024K, reserved 557056K
  class space    used 14513K, committed 15104K, reserved 425984K
}
Event: 92.557 GC heap after
{Heap after GC invocations=74 (full 0):
 garbage-first heap   total 239616K, used 198207K [0x0000000080000000, 0x0000000100000000)
  region size 1024K, 2 young (2048K), 2 survivors (2048K)
 Metaspace       used 103675K, committed 105024K, reserved 557056K
  class space    used 14513K, committed 15104K, reserved 425984K
}
Event: 93.312 GC heap before
{Heap before GC invocations=74 (full 0):
 garbage-first heap   total 239616K, used 209471K [0x0000000080000000, 0x0000000100000000)
  region size 1024K, 13 young (13312K), 2 survivors (2048K)
 Metaspace       used 104414K, committed 105792K, reserved 557056K
  class space    used 14611K, committed 15232K, reserved 425984K
}
Event: 93.321 GC heap after
{Heap after GC invocations=75 (full 0):
 garbage-first heap   total 239616K, used 199330K [0x0000000080000000, 0x0000000100000000)
  region size 1024K, 2 young (2048K), 2 survivors (2048K)
 Metaspace       used 104414K, committed 105792K, reserved 557056K
  class space    used 14611K, committed 15232K, reserved 425984K
}
Event: 94.404 GC heap before
{Heap before GC invocations=75 (full 0):
 garbage-first heap   total 239616K, used 210594K [0x0000000080000000, 0x0000000100000000)
  region size 1024K, 13 young (13312K), 2 survivors (2048K)
 Metaspace       used 104477K, committed 105856K, reserved 557056K
  class space    used 14622K, committed 15232K, reserved 425984K
}
Event: 94.413 GC heap after
{Heap after GC invocations=76 (full 0):
 garbage-first heap   total 239616K, used 201352K [0x0000000080000000, 0x0000000100000000)
  region size 1024K, 2 young (2048K), 2 survivors (2048K)
 Metaspace       used 104477K, committed 105856K, reserved 557056K
  class space    used 14622K, committed 15232K, reserved 425984K
}
Event: 94.802 GC heap before
{Heap before GC invocations=76 (full 0):
 garbage-first heap   total 239616K, used 210568K [0x0000000080000000, 0x0000000100000000)
  region size 1024K, 11 young (11264K), 2 survivors (2048K)
 Metaspace       used 104656K, committed 106048K, reserved 557056K
  class space    used 14637K, committed 15296K, reserved 425984K
}
Event: 94.812 GC heap after
{Heap after GC invocations=77 (full 0):
 garbage-first heap   total 239616K, used 204874K [0x0000000080000000, 0x0000000100000000)
  region size 1024K, 2 young (2048K), 2 survivors (2048K)
 Metaspace       used 104656K, committed 106048K, reserved 557056K
  class space    used 14637K, committed 15296K, reserved 425984K
}
Event: 95.315 GC heap before
{Heap before GC invocations=77 (full 0):
 garbage-first heap   total 239616K, used 214090K [0x0000000080000000, 0x0000000100000000)
  region size 1024K, 11 young (11264K), 2 survivors (2048K)
 Metaspace       used 104903K, committed 106304K, reserved 557056K
  class space    used 14666K, committed 15296K, reserved 425984K
}
Event: 95.321 GC heap after
{Heap after GC invocations=78 (full 0):
 garbage-first heap   total 239616K, used 206810K [0x0000000080000000, 0x0000000100000000)
  region size 1024K, 2 young (2048K), 2 survivors (2048K)
 Metaspace       used 104903K, committed 106304K, reserved 557056K
  class space    used 14666K, committed 15296K, reserved 425984K
}
Event: 95.686 GC heap before
{Heap before GC invocations=78 (full 0):
 garbage-first heap   total 239616K, used 216026K [0x0000000080000000, 0x0000000100000000)
  region size 1024K, 11 young (11264K), 2 survivors (2048K)
 Metaspace       used 105096K, committed 106432K, reserved 557056K
  class space    used 14683K, committed 15296K, reserved 425984K
}
Event: 95.693 GC heap after
{Heap after GC invocations=79 (full 0):
 garbage-first heap   total 239616K, used 208246K [0x0000000080000000, 0x0000000100000000)
  region size 1024K, 2 young (2048K), 2 survivors (2048K)
 Metaspace       used 105096K, committed 106432K, reserved 557056K
  class space    used 14683K, committed 15296K, reserved 425984K
}
Event: 95.954 GC heap before
{Heap before GC invocations=79 (full 0):
 garbage-first heap   total 239616K, used 217462K [0x0000000080000000, 0x0000000100000000)
  region size 1024K, 11 young (11264K), 2 survivors (2048K)
 Metaspace       used 105244K, committed 106560K, reserved 557056K
  class space    used 14696K, committed 15296K, reserved 425984K
}
Event: 95.961 GC heap after
{Heap after GC invocations=80 (full 0):
 garbage-first heap   total 239616K, used 209264K [0x0000000080000000, 0x0000000100000000)
  region size 1024K, 1 young (1024K), 1 survivors (1024K)
 Metaspace       used 105244K, committed 106560K, reserved 557056K
  class space    used 14696K, committed 15296K, reserved 425984K
}
Event: 96.303 GC heap before
{Heap before GC invocations=80 (full 0):
 garbage-first heap   total 239616K, used 219504K [0x0000000080000000, 0x0000000100000000)
  region size 1024K, 11 young (11264K), 1 survivors (1024K)
 Metaspace       used 105309K, committed 106688K, reserved 557056K
  class space    used 14696K, committed 15296K, reserved 425984K
}
Event: 96.309 GC heap after
{Heap after GC invocations=81 (full 0):
 garbage-first heap   total 239616K, used 210257K [0x0000000080000000, 0x0000000100000000)
  region size 1024K, 2 young (2048K), 2 survivors (2048K)
 Metaspace       used 105309K, committed 106688K, reserved 557056K
  class space    used 14696K, committed 15296K, reserved 425984K
}
Event: 96.631 GC heap before
{Heap before GC invocations=81 (full 0):
 garbage-first heap   total 239616K, used 219473K [0x0000000080000000, 0x0000000100000000)
  region size 1024K, 11 young (11264K), 2 survivors (2048K)
 Metaspace       used 105347K, committed 106688K, reserved 557056K
  class space    used 14696K, committed 15296K, reserved 425984K
}
Event: 96.636 GC heap after
{Heap after GC invocations=82 (full 0):
 garbage-first heap   total 239616K, used 211013K [0x0000000080000000, 0x0000000100000000)
  region size 1024K, 2 young (2048K), 2 survivors (2048K)
 Metaspace       used 105347K, committed 106688K, reserved 557056K
  class space    used 14696K, committed 15296K, reserved 425984K
}
Event: 96.984 GC heap before
{Heap before GC invocations=82 (full 0):
 garbage-first heap   total 239616K, used 220229K [0x0000000080000000, 0x0000000100000000)
  region size 1024K, 11 young (11264K), 2 survivors (2048K)
 Metaspace       used 105385K, committed 106752K, reserved 557056K
  class space    used 14696K, committed 15296K, reserved 425984K
}
Event: 96.992 GC heap after
{Heap after GC invocations=83 (full 0):
 garbage-first heap   total 239616K, used 211809K [0x0000000080000000, 0x0000000100000000)
  region size 1024K, 2 young (2048K), 2 survivors (2048K)
 Metaspace       used 105385K, committed 106752K, reserved 557056K
  class space    used 14696K, committed 15296K, reserved 425984K
}

Dll operation events (14 events):
Event: 0.009 Loaded shared library C:\Program Files\Microsoft\jdk-17.0.8.7-hotspot\bin\java.dll
Event: 0.030 Loaded shared library C:\Program Files\Microsoft\jdk-17.0.8.7-hotspot\bin\jsvml.dll
Event: 0.077 Loaded shared library C:\Program Files\Microsoft\jdk-17.0.8.7-hotspot\bin\zip.dll
Event: 0.080 Loaded shared library C:\Program Files\Microsoft\jdk-17.0.8.7-hotspot\bin\instrument.dll
Event: 0.084 Loaded shared library C:\Program Files\Microsoft\jdk-17.0.8.7-hotspot\bin\net.dll
Event: 0.086 Loaded shared library C:\Program Files\Microsoft\jdk-17.0.8.7-hotspot\bin\nio.dll
Event: 0.089 Loaded shared library C:\Program Files\Microsoft\jdk-17.0.8.7-hotspot\bin\zip.dll
Event: 0.289 Loaded shared library C:\Program Files\Microsoft\jdk-17.0.8.7-hotspot\bin\jimage.dll
Event: 0.369 Loaded shared library C:\Program Files\Microsoft\jdk-17.0.8.7-hotspot\bin\verify.dll
Event: 0.623 Loaded shared library C:\Users\ASUS\.gradle\native\68d5fa5c4cc2d200863cafc0d521ce42e7d3e7ee720ec0a83991735586a16f82\windows-amd64\native-platform.dll
Event: 0.631 Loaded shared library C:\Users\ASUS\.gradle\native\e376f236ea51e6404a007f0833ffe2c6e607c4080706a723a18a27aeea778392\windows-amd64\native-platform-file-events.dll
Event: 1.561 Loaded shared library C:\Program Files\Microsoft\jdk-17.0.8.7-hotspot\bin\management.dll
Event: 1.564 Loaded shared library C:\Program Files\Microsoft\jdk-17.0.8.7-hotspot\bin\management_ext.dll
Event: 2.134 Loaded shared library C:\Program Files\Microsoft\jdk-17.0.8.7-hotspot\bin\sunmscapi.dll

Deoptimization events (20 events):
Event: 96.581 Thread 0x0000024fc23be530 Uncommon trap: trap_request=0xffffff76 fr.pc=0x0000024f9309cbe8 relative=0x00000000000003a8
Event: 96.581 Thread 0x0000024fc23be530 Uncommon trap: reason=predicate action=maybe_recompile pc=0x0000024f9309cbe8 method=java.util.AbstractCollection.toArray([Ljava/lang/Object;)[Ljava/lang/Object; @ 43 c2
Event: 96.581 Thread 0x0000024fc23be530 DEOPT PACKING pc=0x0000024f9309cbe8 sp=0x000000bcbe7f93c0
Event: 96.581 Thread 0x0000024fc23be530 DEOPT UNPACKING pc=0x0000024f928aa1a3 sp=0x000000bcbe7f9368 mode 2
Event: 96.865 Thread 0x0000024fc23be530 Uncommon trap: trap_request=0xffffffd6 fr.pc=0x0000024f932ab748 relative=0x0000000000000388
Event: 96.865 Thread 0x0000024fc23be530 Uncommon trap: reason=array_check action=maybe_recompile pc=0x0000024f932ab748 method=java.util.AbstractCollection.toArray([Ljava/lang/Object;)[Ljava/lang/Object; @ 116 c2
Event: 96.865 Thread 0x0000024fc23be530 DEOPT PACKING pc=0x0000024f932ab748 sp=0x000000bcbe7f93c0
Event: 96.866 Thread 0x0000024fc23be530 DEOPT UNPACKING pc=0x0000024f928aa1a3 sp=0x000000bcbe7f9360 mode 2
Event: 96.866 Thread 0x0000024fc23be530 Uncommon trap: trap_request=0xffffffd6 fr.pc=0x0000024f932ab748 relative=0x0000000000000388
Event: 96.866 Thread 0x0000024fc23be530 Uncommon trap: reason=array_check action=maybe_recompile pc=0x0000024f932ab748 method=java.util.AbstractCollection.toArray([Ljava/lang/Object;)[Ljava/lang/Object; @ 116 c2
Event: 96.866 Thread 0x0000024fc23be530 DEOPT PACKING pc=0x0000024f932ab748 sp=0x000000bcbe7f93c0
Event: 96.866 Thread 0x0000024fc23be530 DEOPT UNPACKING pc=0x0000024f928aa1a3 sp=0x000000bcbe7f9360 mode 2
Event: 96.866 Thread 0x0000024fc23be530 Uncommon trap: trap_request=0xffffffd6 fr.pc=0x0000024f932ab748 relative=0x0000000000000388
Event: 96.866 Thread 0x0000024fc23be530 Uncommon trap: reason=array_check action=maybe_recompile pc=0x0000024f932ab748 method=java.util.AbstractCollection.toArray([Ljava/lang/Object;)[Ljava/lang/Object; @ 116 c2
Event: 96.866 Thread 0x0000024fc23be530 DEOPT PACKING pc=0x0000024f932ab748 sp=0x000000bcbe7f93c0
Event: 96.866 Thread 0x0000024fc23be530 DEOPT UNPACKING pc=0x0000024f928aa1a3 sp=0x000000bcbe7f9360 mode 2
Event: 96.866 Thread 0x0000024fc23be530 Uncommon trap: trap_request=0xffffffd6 fr.pc=0x0000024f932ab748 relative=0x0000000000000388
Event: 96.866 Thread 0x0000024fc23be530 Uncommon trap: reason=array_check action=maybe_recompile pc=0x0000024f932ab748 method=java.util.AbstractCollection.toArray([Ljava/lang/Object;)[Ljava/lang/Object; @ 116 c2
Event: 96.866 Thread 0x0000024fc23be530 DEOPT PACKING pc=0x0000024f932ab748 sp=0x000000bcbe7f93c0
Event: 96.866 Thread 0x0000024fc23be530 DEOPT UNPACKING pc=0x0000024f928aa1a3 sp=0x000000bcbe7f9360 mode 2

Classes unloaded (0 events):
No events

Classes redefined (0 events):
No events

Internal exceptions (20 events):
Event: 87.954 Thread 0x0000024fc23be530 Exception <a 'java/lang/ClassNotFoundException'{0x000000008d5eeac0}: build_75efg7qjy6923atcgkzqmqaxxBeanInfo> (0x000000008d5eeac0) 
thrown [s\src\hotspot\share\classfile\systemDictionary.cpp, line 256]
Event: 87.955 Thread 0x0000024fc23be530 Exception <a 'java/lang/ClassNotFoundException'{0x000000008d403128}: build_75efg7qjy6923atcgkzqmqaxxCustomizer> (0x000000008d403128) 
thrown [s\src\hotspot\share\classfile\systemDictionary.cpp, line 256]
Event: 89.146 Thread 0x0000024fc23be530 Exception <a 'java/lang/ClassNotFoundException'{0x000000008de5fc98}: build_75efg7qjy6923atcgkzqmqaxxBeanInfo> (0x000000008de5fc98) 
thrown [s\src\hotspot\share\classfile\systemDictionary.cpp, line 256]
Event: 89.146 Thread 0x0000024fc23be530 Exception <a 'java/lang/ClassNotFoundException'{0x000000008de66678}: build_75efg7qjy6923atcgkzqmqaxxCustomizer> (0x000000008de66678) 
thrown [s\src\hotspot\share\classfile\systemDictionary.cpp, line 256]
Event: 89.566 Thread 0x0000024fc23be530 Exception <a 'java/lang/ClassNotFoundException'{0x000000008d84c178}: build_75efg7qjy6923atcgkzqmqaxx$_run_closure1BeanInfo> (0x000000008d84c178) 
thrown [s\src\hotspot\share\classfile\systemDictionary.cpp, line 256]
Event: 89.567 Thread 0x0000024fc23be530 Exception <a 'java/lang/ClassNotFoundException'{0x000000008d857e78}: build_75efg7qjy6923atcgkzqmqaxx$_run_closure1Customizer> (0x000000008d857e78) 
thrown [s\src\hotspot\share\classfile\systemDictionary.cpp, line 256]
Event: 89.930 Thread 0x0000024fc23be530 Implicit null exception at 0x0000024f9356f714 to 0x0000024f93570528
Event: 90.721 Thread 0x0000024fc23be530 Implicit null exception at 0x0000024f934dfb38 to 0x0000024f934e06ac
Event: 91.491 Thread 0x0000024fc23be530 Exception <a 'java/lang/NullPointerException'{0x000000008e939ab0}> (0x000000008e939ab0) 
thrown [s\src\hotspot\share\interpreter\linkResolver.cpp, line 1433]
Event: 91.779 Thread 0x0000024fc23be530 Implicit null exception at 0x0000024f93098cbb to 0x0000024f9309ade8
Event: 92.379 Thread 0x0000024fc23be530 Exception <a 'sun/nio/fs/WindowsException'{0x000000008e072160}> (0x000000008e072160) 
thrown [s\src\hotspot\share\prims\jni.cpp, line 516]
Event: 92.380 Thread 0x0000024fc23be530 Exception <a 'sun/nio/fs/WindowsException'{0x000000008e0737a0}> (0x000000008e0737a0) 
thrown [s\src\hotspot\share\prims\jni.cpp, line 516]
Event: 92.380 Thread 0x0000024fc23be530 Exception <a 'sun/nio/fs/WindowsException'{0x000000008e074e30}> (0x000000008e074e30) 
thrown [s\src\hotspot\share\prims\jni.cpp, line 516]
Event: 92.380 Thread 0x0000024fc23be530 Exception <a 'sun/nio/fs/WindowsException'{0x000000008e0764c0}> (0x000000008e0764c0) 
thrown [s\src\hotspot\share\prims\jni.cpp, line 516]
Event: 92.559 Thread 0x0000024fa1631fa0 Implicit null exception at 0x0000024f9338cbfd to 0x0000024f9338d218
Event: 95.578 Thread 0x0000024fc23be530 Exception <a 'java/lang/IncompatibleClassChangeError'{0x000000008e31c040}: Found class java.lang.Object, but interface was expected> (0x000000008e31c040) 
thrown [s\src\hotspot\share\interpreter\linkResolver.cpp, line 826]
Event: 95.889 Thread 0x0000024fc23be530 Exception <a 'sun/nio/fs/WindowsException'{0x000000008e228ae8}> (0x000000008e228ae8) 
thrown [s\src\hotspot\share\prims\jni.cpp, line 516]
Event: 95.890 Thread 0x0000024fc23be530 Exception <a 'sun/nio/fs/WindowsException'{0x000000008e22a128}> (0x000000008e22a128) 
thrown [s\src\hotspot\share\prims\jni.cpp, line 516]
Event: 95.890 Thread 0x0000024fc23be530 Exception <a 'sun/nio/fs/WindowsException'{0x000000008e22b7b8}> (0x000000008e22b7b8) 
thrown [s\src\hotspot\share\prims\jni.cpp, line 516]
Event: 95.890 Thread 0x0000024fc23be530 Exception <a 'sun/nio/fs/WindowsException'{0x000000008e22ce48}> (0x000000008e22ce48) 
thrown [s\src\hotspot\share\prims\jni.cpp, line 516]

VM Operations (20 events):
Event: 93.321 Executing VM operation: G1CollectForAllocation done
Event: 94.327 Executing VM operation: Cleanup
Event: 94.327 Executing VM operation: Cleanup done
Event: 94.404 Executing VM operation: G1CollectForAllocation
Event: 94.413 Executing VM operation: G1CollectForAllocation done
Event: 94.802 Executing VM operation: G1CollectForAllocation
Event: 94.812 Executing VM operation: G1CollectForAllocation done
Event: 95.315 Executing VM operation: G1CollectForAllocation
Event: 95.321 Executing VM operation: G1CollectForAllocation done
Event: 95.686 Executing VM operation: G1CollectForAllocation
Event: 95.693 Executing VM operation: G1CollectForAllocation done
Event: 95.954 Executing VM operation: G1CollectForAllocation
Event: 95.961 Executing VM operation: G1CollectForAllocation done
Event: 96.303 Executing VM operation: G1CollectForAllocation
Event: 96.309 Executing VM operation: G1CollectForAllocation done
Event: 96.631 Executing VM operation: G1CollectForAllocation
Event: 96.636 Executing VM operation: G1CollectForAllocation done
Event: 96.984 Executing VM operation: G1CollectForAllocation
Event: 96.992 Executing VM operation: G1CollectForAllocation done
Event: 97.364 Executing VM operation: G1PauseRemark

Events (20 events):
Event: 93.331 Thread 0x0000024fa1661160 flushing nmethod 0x0000024f8cb86490
Event: 93.331 Thread 0x0000024fa1661160 flushing nmethod 0x0000024f8cbe1010
Event: 93.331 Thread 0x0000024fa1661160 flushing nmethod 0x0000024f8cbf1490
Event: 93.331 Thread 0x0000024fa1661160 flushing nmethod 0x0000024f8cc18c10
Event: 93.331 Thread 0x0000024fa1661160 flushing nmethod 0x0000024f8cc1c490
Event: 93.331 Thread 0x0000024fa1661160 flushing nmethod 0x0000024f8cc24d10
Event: 93.332 Thread 0x0000024fa1661160 flushing nmethod 0x0000024f8cc96710
Event: 93.332 Thread 0x0000024fa1661160 flushing nmethod 0x0000024f8cc96e90
Event: 93.332 Thread 0x0000024fa1661160 flushing nmethod 0x0000024f8cc97410
Event: 93.332 Thread 0x0000024fa1661160 flushing nmethod 0x0000024f8cca9410
Event: 93.332 Thread 0x0000024fa1661160 flushing nmethod 0x0000024f8cca9790
Event: 93.333 Thread 0x0000024fa1661160 flushing nmethod 0x0000024f8ccfc790
Event: 93.333 Thread 0x0000024fa1661160 flushing nmethod 0x0000024f8ccfd090
Event: 93.333 Thread 0x0000024fa1661160 flushing nmethod 0x0000024f8ccfd810
Event: 93.333 Thread 0x0000024fa1661160 flushing nmethod 0x0000024f8ccfe890
Event: 93.488 Thread 0x0000024fc39631c0 Thread exited: 0x0000024fc39631c0
Event: 93.488 Thread 0x0000024fc395e5d0 Thread exited: 0x0000024fc395e5d0
Event: 93.514 Thread 0x0000024fc395eff0 Thread exited: 0x0000024fc395eff0
Event: 95.415 Thread 0x0000024fc39636d0 Thread exited: 0x0000024fc39636d0
Event: 97.327 Thread 0x0000024fc423d8e0 Thread exited: 0x0000024fc423d8e0


Dynamic libraries:
0x00007ff67d6f0000 - 0x00007ff67d6fe000 	C:\Program Files\Microsoft\jdk-17.0.8.7-hotspot\bin\java.exe
0x00007ffbb04d0000 - 0x00007ffbb06e6000 	C:\WINDOWS\SYSTEM32\ntdll.dll
0x00007ffbafcd0000 - 0x00007ffbafd94000 	C:\WINDOWS\System32\KERNEL32.DLL
0x00007ffbadb60000 - 0x00007ffbadf07000 	C:\WINDOWS\System32\KERNELBASE.dll
0x00007ffbad7f0000 - 0x00007ffbad901000 	C:\WINDOWS\System32\ucrtbase.dll
0x00007ffb9d3a0000 - 0x00007ffb9d3b7000 	C:\Program Files\Microsoft\jdk-17.0.8.7-hotspot\bin\jli.dll
0x00007ffb97d50000 - 0x00007ffb97d6b000 	C:\Program Files\Microsoft\jdk-17.0.8.7-hotspot\bin\VCRUNTIME140.dll
0x00007ffbae460000 - 0x00007ffbae60e000 	C:\WINDOWS\System32\USER32.dll
0x00007ffbae100000 - 0x00007ffbae126000 	C:\WINDOWS\System32\win32u.dll
0x00007ffb957a0000 - 0x00007ffb95a33000 	C:\WINDOWS\WinSxS\amd64_microsoft.windows.common-controls_6595b64144ccf1df_6.0.22621.3235_none_270f74e173860f98\COMCTL32.dll
0x00007ffbaf7d0000 - 0x00007ffbaf877000 	C:\WINDOWS\System32\msvcrt.dll
0x00007ffbaeff0000 - 0x00007ffbaf019000 	C:\WINDOWS\System32\GDI32.dll
0x00007ffbad980000 - 0x00007ffbada99000 	C:\WINDOWS\System32\gdi32full.dll
0x00007ffbae130000 - 0x00007ffbae1ca000 	C:\WINDOWS\System32\msvcp_win.dll
0x00007ffbafc90000 - 0x00007ffbafcc1000 	C:\WINDOWS\System32\IMM32.DLL
0x00007ffba6210000 - 0x00007ffba621c000 	C:\Program Files\Microsoft\jdk-17.0.8.7-hotspot\bin\vcruntime140_1.dll
0x00007ffb71ad0000 - 0x00007ffb71b5d000 	C:\Program Files\Microsoft\jdk-17.0.8.7-hotspot\bin\msvcp140.dll
0x00007ffb54500000 - 0x00007ffb55165000 	C:\Program Files\Microsoft\jdk-17.0.8.7-hotspot\bin\server\jvm.dll
0x00007ffbaf1e0000 - 0x00007ffbaf292000 	C:\WINDOWS\System32\ADVAPI32.dll
0x00007ffbaf960000 - 0x00007ffbafa08000 	C:\WINDOWS\System32\sechost.dll
0x00007ffbae1d0000 - 0x00007ffbae1f8000 	C:\WINDOWS\System32\bcrypt.dll
0x00007ffbaeed0000 - 0x00007ffbaefe5000 	C:\WINDOWS\System32\RPCRT4.dll
0x00007ffbad0a0000 - 0x00007ffbad0ed000 	C:\WINDOWS\SYSTEM32\POWRPROF.dll
0x00007ffb982f0000 - 0x00007ffb982f9000 	C:\WINDOWS\SYSTEM32\WSOCK32.dll
0x00007ffba1330000 - 0x00007ffba1364000 	C:\WINDOWS\SYSTEM32\WINMM.dll
0x00007ffba43e0000 - 0x00007ffba43ea000 	C:\WINDOWS\SYSTEM32\VERSION.dll
0x00007ffbaf310000 - 0x00007ffbaf381000 	C:\WINDOWS\System32\WS2_32.dll
0x00007ffbad080000 - 0x00007ffbad093000 	C:\WINDOWS\SYSTEM32\UMPDC.dll
0x00007ffbac840000 - 0x00007ffbac858000 	C:\WINDOWS\SYSTEM32\kernel.appcore.dll
0x00007ffba4ec0000 - 0x00007ffba4eca000 	C:\Program Files\Microsoft\jdk-17.0.8.7-hotspot\bin\jimage.dll
0x00007ffbab110000 - 0x00007ffbab343000 	C:\WINDOWS\SYSTEM32\DBGHELP.DLL
0x00007ffbaf420000 - 0x00007ffbaf7a8000 	C:\WINDOWS\System32\combase.dll
0x00007ffbaf880000 - 0x00007ffbaf957000 	C:\WINDOWS\System32\OLEAUT32.dll
0x00007ffb7d840000 - 0x00007ffb7d872000 	C:\WINDOWS\SYSTEM32\dbgcore.DLL
0x00007ffbae080000 - 0x00007ffbae0f9000 	C:\WINDOWS\System32\bcryptPrimitives.dll
0x00007ffb979b0000 - 0x00007ffb979be000 	C:\Program Files\Microsoft\jdk-17.0.8.7-hotspot\bin\instrument.dll
0x00007ffb97cc0000 - 0x00007ffb97ce5000 	C:\Program Files\Microsoft\jdk-17.0.8.7-hotspot\bin\java.dll
0x00007ffb719f0000 - 0x00007ffb71ac7000 	C:\Program Files\Microsoft\jdk-17.0.8.7-hotspot\bin\jsvml.dll
0x00007ffbae610000 - 0x00007ffbaee6c000 	C:\WINDOWS\System32\SHELL32.dll
0x00007ffbab740000 - 0x00007ffbac039000 	C:\WINDOWS\SYSTEM32\windows.storage.dll
0x00007ffbab600000 - 0x00007ffbab73e000 	C:\WINDOWS\SYSTEM32\wintypes.dll
0x00007ffbae200000 - 0x00007ffbae2f3000 	C:\WINDOWS\System32\SHCORE.dll
0x00007ffbaf2b0000 - 0x00007ffbaf30e000 	C:\WINDOWS\System32\shlwapi.dll
0x00007ffbad720000 - 0x00007ffbad741000 	C:\WINDOWS\SYSTEM32\profapi.dll
0x00007ffb961e0000 - 0x00007ffb961f8000 	C:\Program Files\Microsoft\jdk-17.0.8.7-hotspot\bin\zip.dll
0x00007ffb97bc0000 - 0x00007ffb97bd9000 	C:\Program Files\Microsoft\jdk-17.0.8.7-hotspot\bin\net.dll
0x00007ffba4b00000 - 0x00007ffba4c36000 	C:\WINDOWS\SYSTEM32\WINHTTP.dll
0x00007ffbaccb0000 - 0x00007ffbacd19000 	C:\WINDOWS\system32\mswsock.dll
0x00007ffb97950000 - 0x00007ffb97966000 	C:\Program Files\Microsoft\jdk-17.0.8.7-hotspot\bin\nio.dll
0x00007ffb9cd20000 - 0x00007ffb9cd30000 	C:\Program Files\Microsoft\jdk-17.0.8.7-hotspot\bin\verify.dll
0x00007ffb9bf30000 - 0x00007ffb9bf57000 	C:\Users\ASUS\.gradle\native\68d5fa5c4cc2d200863cafc0d521ce42e7d3e7ee720ec0a83991735586a16f82\windows-amd64\native-platform.dll
0x00007ffb62b70000 - 0x00007ffb62cb4000 	C:\Users\ASUS\.gradle\native\e376f236ea51e6404a007f0833ffe2c6e607c4080706a723a18a27aeea778392\windows-amd64\native-platform-file-events.dll
0x00007ffb9d620000 - 0x00007ffb9d629000 	C:\Program Files\Microsoft\jdk-17.0.8.7-hotspot\bin\management.dll
0x00007ffb9d2b0000 - 0x00007ffb9d2bb000 	C:\Program Files\Microsoft\jdk-17.0.8.7-hotspot\bin\management_ext.dll
0x00007ffbaf2a0000 - 0x00007ffbaf2a8000 	C:\WINDOWS\System32\PSAPI.DLL
0x00007ffbacf10000 - 0x00007ffbacf2b000 	C:\WINDOWS\SYSTEM32\CRYPTSP.dll
0x00007ffbac7a0000 - 0x00007ffbac7d5000 	C:\WINDOWS\system32\rsaenh.dll
0x00007ffbacda0000 - 0x00007ffbacdc8000 	C:\WINDOWS\SYSTEM32\USERENV.dll
0x00007ffbacf00000 - 0x00007ffbacf0c000 	C:\WINDOWS\SYSTEM32\CRYPTBASE.dll
0x00007ffbac2a0000 - 0x00007ffbac2cd000 	C:\WINDOWS\SYSTEM32\IPHLPAPI.DLL
0x00007ffbaf1d0000 - 0x00007ffbaf1d9000 	C:\WINDOWS\System32\NSI.dll
0x00007ffba3250000 - 0x00007ffba3269000 	C:\WINDOWS\SYSTEM32\dhcpcsvc6.DLL
0x00007ffba2f10000 - 0x00007ffba2f2f000 	C:\WINDOWS\SYSTEM32\dhcpcsvc.DLL
0x00007ffbac2d0000 - 0x00007ffbac3c9000 	C:\WINDOWS\SYSTEM32\DNSAPI.dll
0x00007ffb9d1f0000 - 0x00007ffb9d1fe000 	C:\Program Files\Microsoft\jdk-17.0.8.7-hotspot\bin\sunmscapi.dll
0x00007ffbadf10000 - 0x00007ffbae076000 	C:\WINDOWS\System32\CRYPT32.dll
0x00007ffbad190000 - 0x00007ffbad1be000 	C:\WINDOWS\SYSTEM32\ncrypt.dll
0x00007ffbad150000 - 0x00007ffbad187000 	C:\WINDOWS\SYSTEM32\NTASN1.dll
0x00007ffb9d100000 - 0x00007ffb9d108000 	C:\WINDOWS\system32\wshunix.dll
0x00007ffb3bef0000 - 0x00007ffb3bf07000 	C:\WINDOWS\system32\napinsp.dll
0x00007ffb3bed0000 - 0x00007ffb3beeb000 	C:\WINDOWS\system32\pnrpnsp.dll
0x00007ffb3beb0000 - 0x00007ffb3bec1000 	C:\WINDOWS\System32\winrnr.dll
0x00007ffb9fc50000 - 0x00007ffb9fc65000 	C:\WINDOWS\system32\wshbth.dll
0x00007ffb3f280000 - 0x00007ffb3f2a1000 	C:\WINDOWS\system32\nlansp_c.dll
0x00007ffba4cf0000 - 0x00007ffba4cfa000 	C:\Windows\System32\rasadhlp.dll
0x00007ffb9f9a0000 - 0x00007ffb9fa23000 	C:\WINDOWS\System32\fwpuclnt.dll

dbghelp: loaded successfully - version: 4.0.5 - missing functions: none
symbol engine: initialized successfully - sym options: 0x614 - pdb path: .;C:\Program Files\Microsoft\jdk-17.0.8.7-hotspot\bin;C:\WINDOWS\SYSTEM32;C:\WINDOWS\WinSxS\amd64_microsoft.windows.common-controls_6595b64144ccf1df_6.0.22621.3235_none_270f74e173860f98;C:\Program Files\Microsoft\jdk-17.0.8.7-hotspot\bin\server;C:\Users\ASUS\.gradle\native\68d5fa5c4cc2d200863cafc0d521ce42e7d3e7ee720ec0a83991735586a16f82\windows-amd64;C:\Users\ASUS\.gradle\native\e376f236ea51e6404a007f0833ffe2c6e607c4080706a723a18a27aeea778392\windows-amd64

VM Arguments:
jvm_args: -XX:MaxMetaspaceSize=512m --add-opens=java.base/java.util=ALL-UNNAMED --add-opens=java.base/java.lang=ALL-UNNAMED --add-opens=java.base/java.lang.invoke=ALL-UNNAMED --add-opens=java.prefs/java.util.prefs=ALL-UNNAMED --add-opens=java.base/java.nio.charset=ALL-UNNAMED --add-opens=java.base/java.net=ALL-UNNAMED --add-opens=java.base/java.util.concurrent.atomic=ALL-UNNAMED -Xmx2048m -Dfile.encoding=windows-1252 -Duser.country=ID -Duser.language=id -Duser.variant -javaagent:C:\Users\ASUS\.gradle\wrapper\dists\gradle-8.3-all\6en3ugtfdg5xnpx44z4qbwgas\gradle-8.3\lib\agents\gradle-instrumentation-agent-8.3.jar 
java_command: org.gradle.launcher.daemon.bootstrap.GradleDaemon 8.3
java_class_path (initial): C:\Users\ASUS\.gradle\wrapper\dists\gradle-8.3-all\6en3ugtfdg5xnpx44z4qbwgas\gradle-8.3\lib\gradle-launcher-8.3.jar
Launcher Type: SUN_STANDARD

[Global flags]
     intx CICompilerCount                          = 4                                         {product} {ergonomic}
   size_t CompressedClassSpaceSize                 = 436207616                                 {product} {ergonomic}
     uint ConcGCThreads                            = 2                                         {product} {ergonomic}
     uint G1ConcRefinementThreads                  = 8                                         {product} {ergonomic}
   size_t G1HeapRegionSize                         = 1048576                                   {product} {ergonomic}
    uintx GCDrainStackTargetSize                   = 64                                        {product} {ergonomic}
   size_t InitialHeapSize                          = 130023424                                 {product} {ergonomic}
   size_t MarkStackSize                            = 4194304                                   {product} {ergonomic}
   size_t MaxHeapSize                              = 2147483648                                {product} {command line}
   size_t MaxMetaspaceSize                         = 536870912                                 {product} {command line}
   size_t MaxNewSize                               = 1287651328                                {product} {ergonomic}
   size_t MinHeapDeltaBytes                        = 1048576                                   {product} {ergonomic}
   size_t MinHeapSize                              = 8388608                                   {product} {ergonomic}
    uintx NonNMethodCodeHeapSize                   = 5839372                                {pd product} {ergonomic}
    uintx NonProfiledCodeHeapSize                  = 122909434                              {pd product} {ergonomic}
    uintx ProfiledCodeHeapSize                     = 122909434                              {pd product} {ergonomic}
    uintx ReservedCodeCacheSize                    = 251658240                              {pd product} {ergonomic}
     bool SegmentedCodeCache                       = true                                      {product} {ergonomic}
   size_t SoftMaxHeapSize                          = 2147483648                             {manageable} {ergonomic}
     bool UseCompressedClassPointers               = true                           {product lp64_product} {ergonomic}
     bool UseCompressedOops                        = true                           {product lp64_product} {ergonomic}
     bool UseG1GC                                  = true                                      {product} {ergonomic}
     bool UseLargePagesIndividualAllocation        = false                                  {pd product} {ergonomic}

Logging:
Log output configuration:
 #0: stdout all=warning uptime,level,tags
 #1: stderr all=off uptime,level,tags

Environment Variables:
JAVA_HOME=C:\Program Files\Microsoft\jdk-17.0.8.7-hotspot\
CLASSPATH=C:\Bismillah\iftpetfeedervol2\android\\gradle\wrapper\gradle-wrapper.jar
PATH=C:\Bismillah\iftpetfeedervol2\node_modules\.bin;C:\Bismillah\iftpetfeedervol2\node_modules\.bin;C:\Bismillah\node_modules\.bin;C:\node_modules\.bin;C:\Users\ASUS\AppData\Roaming\npm\node_modules\npm\node_modules\@npmcli\run-script\lib\node-gyp-bin;C:\Bismillah\iftpetfeedervol2\node_modules\.bin;C:\Bismillah\node_modules\.bin;C:\node_modules\.bin;C:\Users\ASUS\AppData\Roaming\npm\node_modules\npm\node_modules\@npmcli\run-script\lib\node-gyp-bin;C:\Program Files\Microsoft\jdk-17.0.8.7-hotspot\bin;C:\Program Files\Eclipse Adoptium\jdk-11.0.18.10-hotspot\bin;C:\Python311\Scripts\;C:\Python311\;C:\WINDOWS\system32;C:\WINDOWS;C:\WINDOWS\System32\Wbem;C:\WINDOWS\System32\WindowsPowerShell\v1.0\;C:\WINDOWS\System32\OpenSSH\;C:\Program Files\PuTTY\;C:\Program Files\Microsoft SQL Server\150\Tools\Binn\;C:\MinGW\bin;C:\ProgramData\chocolatey\bin;C:\Program Files\Git\cmd;C:\Program Files\Git\mingw64\bin;C:\Program Files\Git\usr\bin;C:\Users\ASUS\kaggle.json;C:\Users\ASUS\kaggle.exe;C:\Users\ASUS\.kaggle;C:\Users\ASUS\Documents\kaggle;D:\Program Files\nodejs\;D:\Program Files\nodejs\node.exe;"D:\path\to\nodejs;";C:\Program Files\dotnet\;D:\User\ASUS\AppData\Local\Android\Sdk\platform-tools;C:\Users\ASUS\AppData\Local\Android\Sdk\platform-tools;C:\Users\ASUS\AppData\Local\Microsoft\WindowsApps;C:\Users\ASUS\AppData\Local\Programs\Microsoft VS Code\bin;C:\Users\ASUS\Documents\BISA\aircrack-ng-1.7-win\bin;C:\Users\ASUS\AppData\Local\Programs\Python\Python310;C:\Users\ASUS\AppData\Local\Programs\Python\Python310\Scripts;C:\MinGW\bin;C:\Users\ASUS\AppData\Local\Android\Sdk\platform-tools;C:\Users\ASUS\AppData\Roaming\npm;D:\Program Files\nodejs\node.exe;"D:\path\to\nodejs;";C:\Users\ASUS\.dotnet\tools;D:\User\ASUS\AppData\Local\Android\Sdk\platform-tools;C:\Users\ASUS\AppData\Local\Android1\Sdk\platform-tools;
USERNAME=ASUS
LANG=en_US.UTF-8
OS=Windows_NT
PROCESSOR_IDENTIFIER=Intel64 Family 6 Model 140 Stepping 1, GenuineIntel
TMP=C:\Users\ASUS\AppData\Local\Temp
TEMP=C:\Users\ASUS\AppData\Local\Temp



---------------  S Y S T E M  ---------------

OS:
 Windows 11 , 64 bit Build 22621 (10.0.22621.3374)
OS uptime: 4 days 12:15 hours

CPU: total 8 (initial active 8) (4 cores per cpu, 2 threads per core) family 6 model 140 stepping 1 microcode 0x9a, cx8, cmov, fxsr, ht, mmx, 3dnowpref, sse, sse2, sse3, ssse3, sse4.1, sse4.2, popcnt, lzcnt, tsc, tscinvbit, avx, avx2, aes, erms, clmul, bmi1, bmi2, adx, avx512f, avx512dq, avx512cd, avx512bw, avx512vl, sha, fma, vzeroupper, avx512_vpopcntdq, avx512_vpclmulqdq, avx512_vaes, avx512_vnni, clflush, clflushopt, clwb, avx512_vbmi2, avx512_vbmi
Processor Information for all 8 processors :
  Max Mhz: 2419, Current Mhz: 2419, Mhz Limit: 2419

Memory: 4k page, system-wide physical 7886M (173M free)
TotalPageFile size 16643M (AvailPageFile size 43M)
current process WorkingSet (physical memory assigned to process): 463M, peak: 471M
current process commit charge ("private bytes"): 584M, peak: 710M

vm_info: OpenJDK 64-Bit Server VM (17.0.8+7-LTS) for windows-amd64 JRE (17.0.8+7-LTS), built on Jul  7 2023 17:21:55 by "MicrosoftCorporation" with MS VC++ 16.10 / 16.11 (VS2019)

END.
